running egg_info
creating ../../../build/WRover_Mock/WRover_Mock.egg-info
writing ../../../build/WRover_Mock/WRover_Mock.egg-info/PKG-INFO
writing dependency_links to ../../../build/WRover_Mock/WRover_Mock.egg-info/dependency_links.txt
writing entry points to ../../../build/WRover_Mock/WRover_Mock.egg-info/entry_points.txt
writing requirements to ../../../build/WRover_Mock/WRover_Mock.egg-info/requires.txt
writing top-level names to ../../../build/WRover_Mock/WRover_Mock.egg-info/top_level.txt
writing manifest file '../../../build/WRover_Mock/WRover_Mock.egg-info/SOURCES.txt'
reading manifest file '../../../build/WRover_Mock/WRover_Mock.egg-info/SOURCES.txt'
adding license file 'LICENSE'
writing manifest file '../../../build/WRover_Mock/WRover_Mock.egg-info/SOURCES.txt'
running build
running build_py
creating /workspace/build/WRover_Mock/build
creating /workspace/build/WRover_Mock/build/lib
creating /workspace/build/WRover_Mock/build/lib/WRover_Mock
copying WRover_Mock/Robot.py -> /workspace/build/WRover_Mock/build/lib/WRover_Mock
copying WRover_Mock/__init__.py -> /workspace/build/WRover_Mock/build/lib/WRover_Mock
copying WRover_Mock/AbstractRobot.py -> /workspace/build/WRover_Mock/build/lib/WRover_Mock
running install
running install_lib
creating /workspace/install/WRover_Mock/lib/python3.12/site-packages/WRover_Mock
copying /workspace/build/WRover_Mock/build/lib/WRover_Mock/Robot.py -> /workspace/install/WRover_Mock/lib/python3.12/site-packages/WRover_Mock
copying /workspace/build/WRover_Mock/build/lib/WRover_Mock/__init__.py -> /workspace/install/WRover_Mock/lib/python3.12/site-packages/WRover_Mock
copying /workspace/build/WRover_Mock/build/lib/WRover_Mock/AbstractRobot.py -> /workspace/install/WRover_Mock/lib/python3.12/site-packages/WRover_Mock
byte-compiling /workspace/install/WRover_Mock/lib/python3.12/site-packages/WRover_Mock/Robot.py to Robot.cpython-312.pyc
byte-compiling /workspace/install/WRover_Mock/lib/python3.12/site-packages/WRover_Mock/__init__.py to __init__.cpython-312.pyc
byte-compiling /workspace/install/WRover_Mock/lib/python3.12/site-packages/WRover_Mock/AbstractRobot.py to AbstractRobot.cpython-312.pyc
running install_data
creating /workspace/install/WRover_Mock/share/ament_index
creating /workspace/install/WRover_Mock/share/ament_index/resource_index
creating /workspace/install/WRover_Mock/share/ament_index/resource_index/packages
copying resource/WRover_Mock -> /workspace/install/WRover_Mock/share/ament_index/resource_index/packages
copying package.xml -> /workspace/install/WRover_Mock/share/WRover_Mock
running install_egg_info
Copying ../../../build/WRover_Mock/WRover_Mock.egg-info to /workspace/install/WRover_Mock/lib/python3.12/site-packages/WRover_Mock-0.0.0-py3.12.egg-info
running install_scripts
Installing Robot script to /workspace/install/WRover_Mock/lib/WRover_Mock
writing list of installed files to '/workspace/build/WRover_Mock/install.log'
