-- The C compiler identification is GNU 13.2.0
-- The CXX compiler identification is GNU 13.2.0
-- Detecting C compiler ABI info
-- Detecting C compiler ABI info - done
-- Check for working C compiler: /usr/bin/cc - skipped
-- Detecting C compile features
-- Detecting C compile features - done
-- Detecting CXX compiler ABI info
-- Detecting CXX compiler ABI info - done
-- Check for working CXX compiler: /usr/bin/c++ - skipped
-- Detecting CXX compile features
-- Detecting CXX compile features - done
-- Found ament_cmake: 2.5.2 (/opt/ros/jazzy/share/ament_cmake/cmake)
-- Found Python3: /usr/bin/python3 (found version "3.12.3") found components: Interpreter 
-- Found rosidl_default_generators: 1.6.0 (/opt/ros/jazzy/share/rosidl_default_generators/cmake)
-- Using all available rosidl_typesupport_c: rosidl_typesupport_fastrtps_c;rosidl_typesupport_introspection_c
-- Using all available rosidl_typesupport_cpp: rosidl_typesupport_fastrtps_cpp;rosidl_typesupport_introspection_cpp
-- Found rosidl_adapter: 4.6.3 (/opt/ros/jazzy/share/rosidl_adapter/cmake)
-- Found ament_cmake_ros: 0.12.0 (/opt/ros/jazzy/share/ament_cmake_ros/cmake)
-- Using all available rosidl_typesupport_c: rosidl_typesupport_fastrtps_c;rosidl_typesupport_introspection_c
-- Using all available rosidl_typesupport_cpp: rosidl_typesupport_fastrtps_cpp;rosidl_typesupport_introspection_cpp
-- Found python_cmake_module: 0.11.1 (/opt/ros/jazzy/share/python_cmake_module/cmake)
-- Found PythonExtra: /usr/bin/python3  
-- Found Python3: /usr/bin/python3 (found version "3.12.3") found components: Interpreter Development NumPy Development.Module Development.Embed 
-- Found ament_lint_auto: 0.17.1 (/opt/ros/jazzy/share/ament_lint_auto/cmake)
-- Added test 'lint_cmake' to check CMake code style
-- Added test 'xmllint' to check XML markup files
-- Configuring done (3.8s)
-- Generating done (0.0s)
-- Build files have been written to: /workspace/build/custom_msgs_srvs
[  1%] [34m[1mGenerating type hashes for ROS interfaces[0m
[  1%] Built target ament_cmake_python_copy_custom_msgs_srvs
running egg_info
creating custom_msgs_srvs.egg-info
writing custom_msgs_srvs.egg-info/PKG-INFO
writing dependency_links to custom_msgs_srvs.egg-info/dependency_links.txt
writing top-level names to custom_msgs_srvs.egg-info/top_level.txt
writing manifest file 'custom_msgs_srvs.egg-info/SOURCES.txt'
[  1%] Built target custom_msgs_srvs__rosidl_generator_type_description
[  3%] [34m[1mGenerating C code for ROS interfaces[0m
reading manifest file 'custom_msgs_srvs.egg-info/SOURCES.txt'
writing manifest file 'custom_msgs_srvs.egg-info/SOURCES.txt'
[  4%] [34m[1mGenerating C++ code for ROS interfaces[0m
[  4%] Built target ament_cmake_python_build_custom_msgs_srvs_egg
[  4%] Built target custom_msgs_srvs__cpp
[  6%] [32mBuilding C object CMakeFiles/custom_msgs_srvs__rosidl_generator_c.dir/rosidl_generator_c/custom_msgs_srvs/msg/detail/drive_power__description.c.o[0m
[  7%] [32mBuilding C object CMakeFiles/custom_msgs_srvs__rosidl_generator_c.dir/rosidl_generator_c/custom_msgs_srvs/msg/detail/ir_sensor_data__type_support.c.o[0m
[  9%] [32mBuilding C object CMakeFiles/custom_msgs_srvs__rosidl_generator_c.dir/rosidl_generator_c/custom_msgs_srvs/srv/detail/light_status__description.c.o[0m
[ 10%] [32mBuilding C object CMakeFiles/custom_msgs_srvs__rosidl_generator_c.dir/rosidl_generator_c/custom_msgs_srvs/msg/detail/ir_sensor_data__description.c.o[0m
[ 12%] [32mBuilding C object CMakeFiles/custom_msgs_srvs__rosidl_generator_c.dir/rosidl_generator_c/custom_msgs_srvs/msg/detail/ir_sensor_data__functions.c.o[0m
[ 14%] [32mBuilding C object CMakeFiles/custom_msgs_srvs__rosidl_generator_c.dir/rosidl_generator_c/custom_msgs_srvs/srv/detail/continuation_status__functions.c.o[0m
[ 17%] [32mBuilding C object CMakeFiles/custom_msgs_srvs__rosidl_generator_c.dir/rosidl_generator_c/custom_msgs_srvs/srv/detail/light_status__functions.c.o[0m
[ 17%] [32mBuilding C object CMakeFiles/custom_msgs_srvs__rosidl_generator_c.dir/rosidl_generator_c/custom_msgs_srvs/srv/detail/continuation_status__description.c.o[0m
[ 18%] [32mBuilding C object CMakeFiles/custom_msgs_srvs__rosidl_generator_c.dir/rosidl_generator_c/custom_msgs_srvs/srv/detail/light_status__type_support.c.o[0m
[ 20%] [32mBuilding C object CMakeFiles/custom_msgs_srvs__rosidl_generator_c.dir/rosidl_generator_c/custom_msgs_srvs/msg/detail/drive_power__type_support.c.o[0m
[ 23%] [32mBuilding C object CMakeFiles/custom_msgs_srvs__rosidl_generator_c.dir/rosidl_generator_c/custom_msgs_srvs/msg/detail/drive_power__functions.c.o[0m
[ 23%] [32mBuilding C object CMakeFiles/custom_msgs_srvs__rosidl_generator_c.dir/rosidl_generator_c/custom_msgs_srvs/srv/detail/continuation_status__type_support.c.o[0m
[ 25%] [32m[1mLinking C shared library libcustom_msgs_srvs__rosidl_generator_c.so[0m
[ 25%] Built target custom_msgs_srvs__rosidl_generator_c
[ 26%] [34m[1mGenerating C introspection for ROS interfaces[0m
[ 31%] [34m[1mGenerating C++ introspection for ROS interfaces[0m
[ 31%] [34m[1mGenerating C++ type support for eProsima Fast-RTPS[0m
[ 31%] [34m[1mGenerating C type support dispatch for ROS interfaces[0m
[ 32%] [34m[1mGenerating C++ type support dispatch for ROS interfaces[0m
[ 34%] [34m[1mGenerating C type support for eProsima Fast-RTPS[0m
[ 35%] [32mBuilding CXX object CMakeFiles/custom_msgs_srvs__rosidl_typesupport_cpp.dir/rosidl_typesupport_cpp/custom_msgs_srvs/srv/continuation_status__type_support.cpp.o[0m
[ 37%] [32mBuilding CXX object CMakeFiles/custom_msgs_srvs__rosidl_typesupport_cpp.dir/rosidl_typesupport_cpp/custom_msgs_srvs/srv/light_status__type_support.cpp.o[0m
[ 40%] [32mBuilding CXX object CMakeFiles/custom_msgs_srvs__rosidl_typesupport_cpp.dir/rosidl_typesupport_cpp/custom_msgs_srvs/msg/ir_sensor_data__type_support.cpp.o[0m
[ 40%] [32mBuilding CXX object CMakeFiles/custom_msgs_srvs__rosidl_typesupport_cpp.dir/rosidl_typesupport_cpp/custom_msgs_srvs/msg/drive_power__type_support.cpp.o[0m
[ 42%] [32mBuilding CXX object CMakeFiles/custom_msgs_srvs__rosidl_typesupport_c.dir/rosidl_typesupport_c/custom_msgs_srvs/msg/drive_power__type_support.cpp.o[0m
[ 43%] [32mBuilding CXX object CMakeFiles/custom_msgs_srvs__rosidl_typesupport_c.dir/rosidl_typesupport_c/custom_msgs_srvs/msg/ir_sensor_data__type_support.cpp.o[0m
[ 45%] [32mBuilding CXX object CMakeFiles/custom_msgs_srvs__rosidl_typesupport_c.dir/rosidl_typesupport_c/custom_msgs_srvs/srv/continuation_status__type_support.cpp.o[0m
[ 46%] [32mBuilding CXX object CMakeFiles/custom_msgs_srvs__rosidl_typesupport_c.dir/rosidl_typesupport_c/custom_msgs_srvs/srv/light_status__type_support.cpp.o[0m
[ 48%] [32mBuilding CXX object CMakeFiles/custom_msgs_srvs__rosidl_typesupport_introspection_cpp.dir/rosidl_typesupport_introspection_cpp/custom_msgs_srvs/msg/detail/ir_sensor_data__type_support.cpp.o[0m
[ 50%] [32mBuilding CXX object CMakeFiles/custom_msgs_srvs__rosidl_typesupport_introspection_cpp.dir/rosidl_typesupport_introspection_cpp/custom_msgs_srvs/msg/detail/drive_power__type_support.cpp.o[0m
[ 51%] [32mBuilding CXX object CMakeFiles/custom_msgs_srvs__rosidl_typesupport_introspection_cpp.dir/rosidl_typesupport_introspection_cpp/custom_msgs_srvs/srv/detail/light_status__type_support.cpp.o[0m
[ 53%] [32mBuilding CXX object CMakeFiles/custom_msgs_srvs__rosidl_typesupport_introspection_cpp.dir/rosidl_typesupport_introspection_cpp/custom_msgs_srvs/srv/detail/continuation_status__type_support.cpp.o[0m
[ 54%] [32m[1mLinking CXX shared library libcustom_msgs_srvs__rosidl_typesupport_c.so[0m
[ 56%] [32mBuilding C object CMakeFiles/custom_msgs_srvs__rosidl_typesupport_introspection_c.dir/rosidl_typesupport_introspection_c/custom_msgs_srvs/msg/detail/ir_sensor_data__type_support.c.o[0m
[ 57%] [32mBuilding C object CMakeFiles/custom_msgs_srvs__rosidl_typesupport_introspection_c.dir/rosidl_typesupport_introspection_c/custom_msgs_srvs/srv/detail/light_status__type_support.c.o[0m
[ 59%] [32mBuilding C object CMakeFiles/custom_msgs_srvs__rosidl_typesupport_introspection_c.dir/rosidl_typesupport_introspection_c/custom_msgs_srvs/srv/detail/continuation_status__type_support.c.o[0m
[ 60%] [32mBuilding C object CMakeFiles/custom_msgs_srvs__rosidl_typesupport_introspection_c.dir/rosidl_typesupport_introspection_c/custom_msgs_srvs/msg/detail/drive_power__type_support.c.o[0m
[ 60%] Built target custom_msgs_srvs__rosidl_typesupport_c
[ 62%] [32m[1mLinking C shared library libcustom_msgs_srvs__rosidl_typesupport_introspection_c.so[0m
[ 65%] [32mBuilding CXX object CMakeFiles/custom_msgs_srvs__rosidl_typesupport_fastrtps_cpp.dir/rosidl_typesupport_fastrtps_cpp/custom_msgs_srvs/srv/detail/dds_fastrtps/light_status__type_support.cpp.o[0m
[ 67%] [32mBuilding CXX object CMakeFiles/custom_msgs_srvs__rosidl_typesupport_fastrtps_cpp.dir/rosidl_typesupport_fastrtps_cpp/custom_msgs_srvs/msg/detail/dds_fastrtps/ir_sensor_data__type_support.cpp.o[0m
[ 65%] [32mBuilding CXX object CMakeFiles/custom_msgs_srvs__rosidl_typesupport_fastrtps_cpp.dir/rosidl_typesupport_fastrtps_cpp/custom_msgs_srvs/srv/detail/dds_fastrtps/continuation_status__type_support.cpp.o[0m
[ 68%] [32mBuilding CXX object CMakeFiles/custom_msgs_srvs__rosidl_typesupport_fastrtps_cpp.dir/rosidl_typesupport_fastrtps_cpp/custom_msgs_srvs/msg/detail/dds_fastrtps/drive_power__type_support.cpp.o[0m
[ 68%] Built target custom_msgs_srvs__rosidl_typesupport_introspection_c
[ 71%] [32mBuilding CXX object CMakeFiles/custom_msgs_srvs__rosidl_typesupport_fastrtps_c.dir/rosidl_typesupport_fastrtps_c/custom_msgs_srvs/srv/detail/continuation_status__type_support_c.cpp.o[0m
[ 71%] [32mBuilding CXX object CMakeFiles/custom_msgs_srvs__rosidl_typesupport_fastrtps_c.dir/rosidl_typesupport_fastrtps_c/custom_msgs_srvs/msg/detail/drive_power__type_support_c.cpp.o[0m
[ 73%] [32mBuilding CXX object CMakeFiles/custom_msgs_srvs__rosidl_typesupport_fastrtps_c.dir/rosidl_typesupport_fastrtps_c/custom_msgs_srvs/srv/detail/light_status__type_support_c.cpp.o[0m
[ 75%] [32mBuilding CXX object CMakeFiles/custom_msgs_srvs__rosidl_typesupport_fastrtps_c.dir/rosidl_typesupport_fastrtps_c/custom_msgs_srvs/msg/detail/ir_sensor_data__type_support_c.cpp.o[0m
[ 76%] [32m[1mLinking CXX shared library libcustom_msgs_srvs__rosidl_typesupport_cpp.so[0m
[ 78%] [32m[1mLinking CXX shared library libcustom_msgs_srvs__rosidl_typesupport_introspection_cpp.so[0m
[ 78%] Built target custom_msgs_srvs__rosidl_typesupport_cpp
[ 78%] Built target custom_msgs_srvs__rosidl_typesupport_introspection_cpp
[ 79%] [32m[1mLinking CXX shared library libcustom_msgs_srvs__rosidl_typesupport_fastrtps_cpp.so[0m
[ 81%] [32m[1mLinking CXX shared library libcustom_msgs_srvs__rosidl_typesupport_fastrtps_c.so[0m
[ 81%] Built target custom_msgs_srvs__rosidl_typesupport_fastrtps_cpp
[ 81%] Built target custom_msgs_srvs__rosidl_typesupport_fastrtps_c
[ 81%] Built target custom_msgs_srvs
[ 82%] [34m[1mGenerating Python code for ROS interfaces[0m
[ 82%] Built target custom_msgs_srvs__py
[ 84%] [32mBuilding C object CMakeFiles/custom_msgs_srvs__rosidl_generator_py.dir/rosidl_generator_py/custom_msgs_srvs/msg/_drive_power_s.c.o[0m
[ 87%] [32mBuilding C object CMakeFiles/custom_msgs_srvs__rosidl_generator_py.dir/rosidl_generator_py/custom_msgs_srvs/srv/_continuation_status_s.c.o[0m
[ 89%] [32mBuilding C object CMakeFiles/custom_msgs_srvs__rosidl_generator_py.dir/rosidl_generator_py/custom_msgs_srvs/msg/_ir_sensor_data_s.c.o[0m
[ 89%] [32mBuilding C object CMakeFiles/custom_msgs_srvs__rosidl_generator_py.dir/rosidl_generator_py/custom_msgs_srvs/srv/_light_status_s.c.o[0m
[ 90%] [32m[1mLinking C shared library libcustom_msgs_srvs__rosidl_generator_py.so[0m
[ 90%] Built target custom_msgs_srvs__rosidl_generator_py
[ 93%] [32mBuilding C object CMakeFiles/custom_msgs_srvs_s__rosidl_typesupport_introspection_c.dir/rosidl_generator_py/custom_msgs_srvs/_custom_msgs_srvs_s.ep.rosidl_typesupport_introspection_c.c.o[0m
[ 93%] [32mBuilding C object CMakeFiles/custom_msgs_srvs_s__rosidl_typesupport_c.dir/rosidl_generator_py/custom_msgs_srvs/_custom_msgs_srvs_s.ep.rosidl_typesupport_c.c.o[0m
[ 95%] [32mBuilding C object CMakeFiles/custom_msgs_srvs_s__rosidl_typesupport_fastrtps_c.dir/rosidl_generator_py/custom_msgs_srvs/_custom_msgs_srvs_s.ep.rosidl_typesupport_fastrtps_c.c.o[0m
[ 98%] [32m[1mLinking C shared module rosidl_generator_py/custom_msgs_srvs/custom_msgs_srvs_s__rosidl_typesupport_introspection_c.so[0m
[ 98%] [32m[1mLinking C shared module rosidl_generator_py/custom_msgs_srvs/custom_msgs_srvs_s__rosidl_typesupport_c.so[0m
[100%] [32m[1mLinking C shared module rosidl_generator_py/custom_msgs_srvs/custom_msgs_srvs_s__rosidl_typesupport_fastrtps_c.so[0m
[100%] Built target custom_msgs_srvs_s__rosidl_typesupport_c
[100%] Built target custom_msgs_srvs_s__rosidl_typesupport_introspection_c
[100%] Built target custom_msgs_srvs_s__rosidl_typesupport_fastrtps_c
-- Install configuration: ""
-- Installing: /workspace/install/custom_msgs_srvs/share/ament_index/resource_index/rosidl_interfaces/custom_msgs_srvs
-- Installing: /workspace/install/custom_msgs_srvs/share/custom_msgs_srvs/msg/DrivePower.json
-- Installing: /workspace/install/custom_msgs_srvs/share/custom_msgs_srvs/msg/IRSensorData.json
-- Installing: /workspace/install/custom_msgs_srvs/share/custom_msgs_srvs/srv/ContinuationStatus.json
-- Installing: /workspace/install/custom_msgs_srvs/share/custom_msgs_srvs/srv/LightStatus.json
-- Installing: /workspace/install/custom_msgs_srvs/include/custom_msgs_srvs/custom_msgs_srvs
-- Installing: /workspace/install/custom_msgs_srvs/include/custom_msgs_srvs/custom_msgs_srvs/srv
-- Installing: /workspace/install/custom_msgs_srvs/include/custom_msgs_srvs/custom_msgs_srvs/srv/detail
-- Installing: /workspace/install/custom_msgs_srvs/include/custom_msgs_srvs/custom_msgs_srvs/srv/detail/continuation_status__description.c
-- Installing: /workspace/install/custom_msgs_srvs/include/custom_msgs_srvs/custom_msgs_srvs/srv/detail/continuation_status__functions.c
-- Installing: /workspace/install/custom_msgs_srvs/include/custom_msgs_srvs/custom_msgs_srvs/srv/detail/continuation_status__type_support.c
-- Installing: /workspace/install/custom_msgs_srvs/include/custom_msgs_srvs/custom_msgs_srvs/srv/detail/light_status__functions.c
-- Installing: /workspace/install/custom_msgs_srvs/include/custom_msgs_srvs/custom_msgs_srvs/srv/detail/continuation_status__functions.h
-- Installing: /workspace/install/custom_msgs_srvs/include/custom_msgs_srvs/custom_msgs_srvs/srv/detail/continuation_status__struct.h
-- Installing: /workspace/install/custom_msgs_srvs/include/custom_msgs_srvs/custom_msgs_srvs/srv/detail/continuation_status__type_support.h
-- Installing: /workspace/install/custom_msgs_srvs/include/custom_msgs_srvs/custom_msgs_srvs/srv/detail/light_status__type_support.c
-- Installing: /workspace/install/custom_msgs_srvs/include/custom_msgs_srvs/custom_msgs_srvs/srv/detail/light_status__type_support.h
-- Installing: /workspace/install/custom_msgs_srvs/include/custom_msgs_srvs/custom_msgs_srvs/srv/detail/light_status__description.c
-- Installing: /workspace/install/custom_msgs_srvs/include/custom_msgs_srvs/custom_msgs_srvs/srv/detail/light_status__functions.h
-- Installing: /workspace/install/custom_msgs_srvs/include/custom_msgs_srvs/custom_msgs_srvs/srv/detail/light_status__struct.h
-- Installing: /workspace/install/custom_msgs_srvs/include/custom_msgs_srvs/custom_msgs_srvs/srv/continuation_status.h
-- Installing: /workspace/install/custom_msgs_srvs/include/custom_msgs_srvs/custom_msgs_srvs/srv/light_status.h
-- Installing: /workspace/install/custom_msgs_srvs/include/custom_msgs_srvs/custom_msgs_srvs/msg
-- Installing: /workspace/install/custom_msgs_srvs/include/custom_msgs_srvs/custom_msgs_srvs/msg/ir_sensor_data.h
-- Installing: /workspace/install/custom_msgs_srvs/include/custom_msgs_srvs/custom_msgs_srvs/msg/detail
-- Installing: /workspace/install/custom_msgs_srvs/include/custom_msgs_srvs/custom_msgs_srvs/msg/detail/drive_power__functions.c
-- Installing: /workspace/install/custom_msgs_srvs/include/custom_msgs_srvs/custom_msgs_srvs/msg/detail/ir_sensor_data__description.c
-- Installing: /workspace/install/custom_msgs_srvs/include/custom_msgs_srvs/custom_msgs_srvs/msg/detail/ir_sensor_data__type_support.c
-- Installing: /workspace/install/custom_msgs_srvs/include/custom_msgs_srvs/custom_msgs_srvs/msg/detail/drive_power__type_support.h
-- Installing: /workspace/install/custom_msgs_srvs/include/custom_msgs_srvs/custom_msgs_srvs/msg/detail/drive_power__functions.h
-- Installing: /workspace/install/custom_msgs_srvs/include/custom_msgs_srvs/custom_msgs_srvs/msg/detail/ir_sensor_data__struct.h
-- Installing: /workspace/install/custom_msgs_srvs/include/custom_msgs_srvs/custom_msgs_srvs/msg/detail/ir_sensor_data__type_support.h
-- Installing: /workspace/install/custom_msgs_srvs/include/custom_msgs_srvs/custom_msgs_srvs/msg/detail/ir_sensor_data__functions.h
-- Installing: /workspace/install/custom_msgs_srvs/include/custom_msgs_srvs/custom_msgs_srvs/msg/detail/drive_power__struct.h
-- Installing: /workspace/install/custom_msgs_srvs/include/custom_msgs_srvs/custom_msgs_srvs/msg/detail/drive_power__type_support.c
-- Installing: /workspace/install/custom_msgs_srvs/include/custom_msgs_srvs/custom_msgs_srvs/msg/detail/ir_sensor_data__functions.c
-- Installing: /workspace/install/custom_msgs_srvs/include/custom_msgs_srvs/custom_msgs_srvs/msg/detail/drive_power__description.c
-- Installing: /workspace/install/custom_msgs_srvs/include/custom_msgs_srvs/custom_msgs_srvs/msg/rosidl_generator_c__visibility_control.h
-- Installing: /workspace/install/custom_msgs_srvs/include/custom_msgs_srvs/custom_msgs_srvs/msg/drive_power.h
-- Installing: /workspace/install/custom_msgs_srvs/share/custom_msgs_srvs/environment/library_path.sh
-- Installing: /workspace/install/custom_msgs_srvs/share/custom_msgs_srvs/environment/library_path.dsv
-- Installing: /workspace/install/custom_msgs_srvs/lib/libcustom_msgs_srvs__rosidl_generator_c.so
-- Set non-toolchain portion of runtime path of "/workspace/install/custom_msgs_srvs/lib/libcustom_msgs_srvs__rosidl_generator_c.so" to ""
-- Up-to-date: /workspace/install/custom_msgs_srvs/include/custom_msgs_srvs/custom_msgs_srvs
-- Up-to-date: /workspace/install/custom_msgs_srvs/include/custom_msgs_srvs/custom_msgs_srvs/srv
-- Up-to-date: /workspace/install/custom_msgs_srvs/include/custom_msgs_srvs/custom_msgs_srvs/srv/detail
-- Installing: /workspace/install/custom_msgs_srvs/include/custom_msgs_srvs/custom_msgs_srvs/srv/detail/light_status__rosidl_typesupport_fastrtps_c.h
-- Installing: /workspace/install/custom_msgs_srvs/include/custom_msgs_srvs/custom_msgs_srvs/srv/detail/continuation_status__rosidl_typesupport_fastrtps_c.h
-- Up-to-date: /workspace/install/custom_msgs_srvs/include/custom_msgs_srvs/custom_msgs_srvs/msg
-- Up-to-date: /workspace/install/custom_msgs_srvs/include/custom_msgs_srvs/custom_msgs_srvs/msg/detail
-- Installing: /workspace/install/custom_msgs_srvs/include/custom_msgs_srvs/custom_msgs_srvs/msg/detail/drive_power__rosidl_typesupport_fastrtps_c.h
-- Installing: /workspace/install/custom_msgs_srvs/include/custom_msgs_srvs/custom_msgs_srvs/msg/detail/ir_sensor_data__rosidl_typesupport_fastrtps_c.h
-- Installing: /workspace/install/custom_msgs_srvs/include/custom_msgs_srvs/custom_msgs_srvs/msg/rosidl_typesupport_fastrtps_c__visibility_control.h
-- Installing: /workspace/install/custom_msgs_srvs/lib/libcustom_msgs_srvs__rosidl_typesupport_fastrtps_c.so
-- Set non-toolchain portion of runtime path of "/workspace/install/custom_msgs_srvs/lib/libcustom_msgs_srvs__rosidl_typesupport_fastrtps_c.so" to ""
-- Up-to-date: /workspace/install/custom_msgs_srvs/include/custom_msgs_srvs/custom_msgs_srvs
-- Up-to-date: /workspace/install/custom_msgs_srvs/include/custom_msgs_srvs/custom_msgs_srvs/srv
-- Up-to-date: /workspace/install/custom_msgs_srvs/include/custom_msgs_srvs/custom_msgs_srvs/srv/detail
-- Installing: /workspace/install/custom_msgs_srvs/include/custom_msgs_srvs/custom_msgs_srvs/srv/detail/continuation_status__type_support.c
-- Installing: /workspace/install/custom_msgs_srvs/include/custom_msgs_srvs/custom_msgs_srvs/srv/detail/light_status__rosidl_typesupport_introspection_c.h
-- Installing: /workspace/install/custom_msgs_srvs/include/custom_msgs_srvs/custom_msgs_srvs/srv/detail/continuation_status__rosidl_typesupport_introspection_c.h
-- Installing: /workspace/install/custom_msgs_srvs/include/custom_msgs_srvs/custom_msgs_srvs/srv/detail/light_status__type_support.c
-- Up-to-date: /workspace/install/custom_msgs_srvs/include/custom_msgs_srvs/custom_msgs_srvs/msg
-- Up-to-date: /workspace/install/custom_msgs_srvs/include/custom_msgs_srvs/custom_msgs_srvs/msg/detail
-- Installing: /workspace/install/custom_msgs_srvs/include/custom_msgs_srvs/custom_msgs_srvs/msg/detail/ir_sensor_data__type_support.c
-- Installing: /workspace/install/custom_msgs_srvs/include/custom_msgs_srvs/custom_msgs_srvs/msg/detail/drive_power__rosidl_typesupport_introspection_c.h
-- Installing: /workspace/install/custom_msgs_srvs/include/custom_msgs_srvs/custom_msgs_srvs/msg/detail/drive_power__type_support.c
-- Installing: /workspace/install/custom_msgs_srvs/include/custom_msgs_srvs/custom_msgs_srvs/msg/detail/ir_sensor_data__rosidl_typesupport_introspection_c.h
-- Installing: /workspace/install/custom_msgs_srvs/include/custom_msgs_srvs/custom_msgs_srvs/msg/rosidl_typesupport_introspection_c__visibility_control.h
-- Installing: /workspace/install/custom_msgs_srvs/lib/libcustom_msgs_srvs__rosidl_typesupport_introspection_c.so
-- Set non-toolchain portion of runtime path of "/workspace/install/custom_msgs_srvs/lib/libcustom_msgs_srvs__rosidl_typesupport_introspection_c.so" to ""
-- Installing: /workspace/install/custom_msgs_srvs/lib/libcustom_msgs_srvs__rosidl_typesupport_c.so
-- Set non-toolchain portion of runtime path of "/workspace/install/custom_msgs_srvs/lib/libcustom_msgs_srvs__rosidl_typesupport_c.so" to ""
-- Up-to-date: /workspace/install/custom_msgs_srvs/include/custom_msgs_srvs/custom_msgs_srvs
-- Up-to-date: /workspace/install/custom_msgs_srvs/include/custom_msgs_srvs/custom_msgs_srvs/srv
-- Up-to-date: /workspace/install/custom_msgs_srvs/include/custom_msgs_srvs/custom_msgs_srvs/srv/detail
-- Installing: /workspace/install/custom_msgs_srvs/include/custom_msgs_srvs/custom_msgs_srvs/srv/detail/continuation_status__traits.hpp
-- Installing: /workspace/install/custom_msgs_srvs/include/custom_msgs_srvs/custom_msgs_srvs/srv/detail/continuation_status__struct.hpp
-- Installing: /workspace/install/custom_msgs_srvs/include/custom_msgs_srvs/custom_msgs_srvs/srv/detail/continuation_status__builder.hpp
-- Installing: /workspace/install/custom_msgs_srvs/include/custom_msgs_srvs/custom_msgs_srvs/srv/detail/light_status__builder.hpp
-- Installing: /workspace/install/custom_msgs_srvs/include/custom_msgs_srvs/custom_msgs_srvs/srv/detail/continuation_status__type_support.hpp
-- Installing: /workspace/install/custom_msgs_srvs/include/custom_msgs_srvs/custom_msgs_srvs/srv/detail/light_status__struct.hpp
-- Installing: /workspace/install/custom_msgs_srvs/include/custom_msgs_srvs/custom_msgs_srvs/srv/detail/light_status__type_support.hpp
-- Installing: /workspace/install/custom_msgs_srvs/include/custom_msgs_srvs/custom_msgs_srvs/srv/detail/light_status__traits.hpp
-- Installing: /workspace/install/custom_msgs_srvs/include/custom_msgs_srvs/custom_msgs_srvs/srv/light_status.hpp
-- Installing: /workspace/install/custom_msgs_srvs/include/custom_msgs_srvs/custom_msgs_srvs/srv/continuation_status.hpp
-- Up-to-date: /workspace/install/custom_msgs_srvs/include/custom_msgs_srvs/custom_msgs_srvs/msg
-- Up-to-date: /workspace/install/custom_msgs_srvs/include/custom_msgs_srvs/custom_msgs_srvs/msg/detail
-- Installing: /workspace/install/custom_msgs_srvs/include/custom_msgs_srvs/custom_msgs_srvs/msg/detail/drive_power__type_support.hpp
-- Installing: /workspace/install/custom_msgs_srvs/include/custom_msgs_srvs/custom_msgs_srvs/msg/detail/drive_power__traits.hpp
-- Installing: /workspace/install/custom_msgs_srvs/include/custom_msgs_srvs/custom_msgs_srvs/msg/detail/ir_sensor_data__traits.hpp
-- Installing: /workspace/install/custom_msgs_srvs/include/custom_msgs_srvs/custom_msgs_srvs/msg/detail/ir_sensor_data__struct.hpp
-- Installing: /workspace/install/custom_msgs_srvs/include/custom_msgs_srvs/custom_msgs_srvs/msg/detail/drive_power__builder.hpp
-- Installing: /workspace/install/custom_msgs_srvs/include/custom_msgs_srvs/custom_msgs_srvs/msg/detail/ir_sensor_data__builder.hpp
-- Installing: /workspace/install/custom_msgs_srvs/include/custom_msgs_srvs/custom_msgs_srvs/msg/detail/drive_power__struct.hpp
-- Installing: /workspace/install/custom_msgs_srvs/include/custom_msgs_srvs/custom_msgs_srvs/msg/detail/ir_sensor_data__type_support.hpp
-- Installing: /workspace/install/custom_msgs_srvs/include/custom_msgs_srvs/custom_msgs_srvs/msg/rosidl_generator_cpp__visibility_control.hpp
-- Installing: /workspace/install/custom_msgs_srvs/include/custom_msgs_srvs/custom_msgs_srvs/msg/drive_power.hpp
-- Installing: /workspace/install/custom_msgs_srvs/include/custom_msgs_srvs/custom_msgs_srvs/msg/ir_sensor_data.hpp
-- Up-to-date: /workspace/install/custom_msgs_srvs/include/custom_msgs_srvs/custom_msgs_srvs
-- Up-to-date: /workspace/install/custom_msgs_srvs/include/custom_msgs_srvs/custom_msgs_srvs/srv
-- Up-to-date: /workspace/install/custom_msgs_srvs/include/custom_msgs_srvs/custom_msgs_srvs/srv/detail
-- Installing: /workspace/install/custom_msgs_srvs/include/custom_msgs_srvs/custom_msgs_srvs/srv/detail/light_status__rosidl_typesupport_fastrtps_cpp.hpp
-- Installing: /workspace/install/custom_msgs_srvs/include/custom_msgs_srvs/custom_msgs_srvs/srv/detail/continuation_status__rosidl_typesupport_fastrtps_cpp.hpp
-- Installing: /workspace/install/custom_msgs_srvs/include/custom_msgs_srvs/custom_msgs_srvs/srv/detail/dds_fastrtps
-- Up-to-date: /workspace/install/custom_msgs_srvs/include/custom_msgs_srvs/custom_msgs_srvs/msg
-- Up-to-date: /workspace/install/custom_msgs_srvs/include/custom_msgs_srvs/custom_msgs_srvs/msg/detail
-- Installing: /workspace/install/custom_msgs_srvs/include/custom_msgs_srvs/custom_msgs_srvs/msg/detail/drive_power__rosidl_typesupport_fastrtps_cpp.hpp
-- Installing: /workspace/install/custom_msgs_srvs/include/custom_msgs_srvs/custom_msgs_srvs/msg/detail/ir_sensor_data__rosidl_typesupport_fastrtps_cpp.hpp
-- Installing: /workspace/install/custom_msgs_srvs/include/custom_msgs_srvs/custom_msgs_srvs/msg/detail/dds_fastrtps
-- Installing: /workspace/install/custom_msgs_srvs/include/custom_msgs_srvs/custom_msgs_srvs/msg/rosidl_typesupport_fastrtps_cpp__visibility_control.h
-- Installing: /workspace/install/custom_msgs_srvs/lib/libcustom_msgs_srvs__rosidl_typesupport_fastrtps_cpp.so
-- Set non-toolchain portion of runtime path of "/workspace/install/custom_msgs_srvs/lib/libcustom_msgs_srvs__rosidl_typesupport_fastrtps_cpp.so" to ""
-- Up-to-date: /workspace/install/custom_msgs_srvs/include/custom_msgs_srvs/custom_msgs_srvs
-- Up-to-date: /workspace/install/custom_msgs_srvs/include/custom_msgs_srvs/custom_msgs_srvs/srv
-- Up-to-date: /workspace/install/custom_msgs_srvs/include/custom_msgs_srvs/custom_msgs_srvs/srv/detail
-- Installing: /workspace/install/custom_msgs_srvs/include/custom_msgs_srvs/custom_msgs_srvs/srv/detail/light_status__rosidl_typesupport_introspection_cpp.hpp
-- Installing: /workspace/install/custom_msgs_srvs/include/custom_msgs_srvs/custom_msgs_srvs/srv/detail/continuation_status__type_support.cpp
-- Installing: /workspace/install/custom_msgs_srvs/include/custom_msgs_srvs/custom_msgs_srvs/srv/detail/light_status__type_support.cpp
-- Installing: /workspace/install/custom_msgs_srvs/include/custom_msgs_srvs/custom_msgs_srvs/srv/detail/continuation_status__rosidl_typesupport_introspection_cpp.hpp
-- Up-to-date: /workspace/install/custom_msgs_srvs/include/custom_msgs_srvs/custom_msgs_srvs/msg
-- Up-to-date: /workspace/install/custom_msgs_srvs/include/custom_msgs_srvs/custom_msgs_srvs/msg/detail
-- Installing: /workspace/install/custom_msgs_srvs/include/custom_msgs_srvs/custom_msgs_srvs/msg/detail/ir_sensor_data__rosidl_typesupport_introspection_cpp.hpp
-- Installing: /workspace/install/custom_msgs_srvs/include/custom_msgs_srvs/custom_msgs_srvs/msg/detail/drive_power__rosidl_typesupport_introspection_cpp.hpp
-- Installing: /workspace/install/custom_msgs_srvs/include/custom_msgs_srvs/custom_msgs_srvs/msg/detail/ir_sensor_data__type_support.cpp
-- Installing: /workspace/install/custom_msgs_srvs/include/custom_msgs_srvs/custom_msgs_srvs/msg/detail/drive_power__type_support.cpp
-- Installing: /workspace/install/custom_msgs_srvs/lib/libcustom_msgs_srvs__rosidl_typesupport_introspection_cpp.so
-- Set non-toolchain portion of runtime path of "/workspace/install/custom_msgs_srvs/lib/libcustom_msgs_srvs__rosidl_typesupport_introspection_cpp.so" to ""
-- Installing: /workspace/install/custom_msgs_srvs/lib/libcustom_msgs_srvs__rosidl_typesupport_cpp.so
-- Set non-toolchain portion of runtime path of "/workspace/install/custom_msgs_srvs/lib/libcustom_msgs_srvs__rosidl_typesupport_cpp.so" to ""
-- Installing: /workspace/install/custom_msgs_srvs/share/custom_msgs_srvs/environment/pythonpath.sh
-- Installing: /workspace/install/custom_msgs_srvs/share/custom_msgs_srvs/environment/pythonpath.dsv
-- Installing: /workspace/install/custom_msgs_srvs/lib/python3.12/site-packages/custom_msgs_srvs-0.0.0-py3.12.egg-info
-- Installing: /workspace/install/custom_msgs_srvs/lib/python3.12/site-packages/custom_msgs_srvs-0.0.0-py3.12.egg-info/top_level.txt
-- Installing: /workspace/install/custom_msgs_srvs/lib/python3.12/site-packages/custom_msgs_srvs-0.0.0-py3.12.egg-info/dependency_links.txt
-- Installing: /workspace/install/custom_msgs_srvs/lib/python3.12/site-packages/custom_msgs_srvs-0.0.0-py3.12.egg-info/SOURCES.txt
-- Installing: /workspace/install/custom_msgs_srvs/lib/python3.12/site-packages/custom_msgs_srvs-0.0.0-py3.12.egg-info/PKG-INFO
-- Installing: /workspace/install/custom_msgs_srvs/lib/python3.12/site-packages/custom_msgs_srvs
-- Installing: /workspace/install/custom_msgs_srvs/lib/python3.12/site-packages/custom_msgs_srvs/__init__.py
-- Installing: /workspace/install/custom_msgs_srvs/lib/python3.12/site-packages/custom_msgs_srvs/_custom_msgs_srvs_s.ep.rosidl_typesupport_c.c
-- Installing: /workspace/install/custom_msgs_srvs/lib/python3.12/site-packages/custom_msgs_srvs/custom_msgs_srvs_s__rosidl_typesupport_c.so
-- Installing: /workspace/install/custom_msgs_srvs/lib/python3.12/site-packages/custom_msgs_srvs/srv
-- Installing: /workspace/install/custom_msgs_srvs/lib/python3.12/site-packages/custom_msgs_srvs/srv/__init__.py
-- Installing: /workspace/install/custom_msgs_srvs/lib/python3.12/site-packages/custom_msgs_srvs/srv/_continuation_status.py
-- Installing: /workspace/install/custom_msgs_srvs/lib/python3.12/site-packages/custom_msgs_srvs/srv/_continuation_status_s.c
-- Installing: /workspace/install/custom_msgs_srvs/lib/python3.12/site-packages/custom_msgs_srvs/srv/_light_status.py
-- Installing: /workspace/install/custom_msgs_srvs/lib/python3.12/site-packages/custom_msgs_srvs/srv/_light_status_s.c
-- Installing: /workspace/install/custom_msgs_srvs/lib/python3.12/site-packages/custom_msgs_srvs/msg
-- Installing: /workspace/install/custom_msgs_srvs/lib/python3.12/site-packages/custom_msgs_srvs/msg/__init__.py
-- Installing: /workspace/install/custom_msgs_srvs/lib/python3.12/site-packages/custom_msgs_srvs/msg/_drive_power.py
-- Installing: /workspace/install/custom_msgs_srvs/lib/python3.12/site-packages/custom_msgs_srvs/msg/_ir_sensor_data_s.c
-- Installing: /workspace/install/custom_msgs_srvs/lib/python3.12/site-packages/custom_msgs_srvs/msg/_drive_power_s.c
-- Installing: /workspace/install/custom_msgs_srvs/lib/python3.12/site-packages/custom_msgs_srvs/msg/_ir_sensor_data.py
-- Installing: /workspace/install/custom_msgs_srvs/lib/python3.12/site-packages/custom_msgs_srvs/custom_msgs_srvs_s__rosidl_typesupport_introspection_c.so
-- Installing: /workspace/install/custom_msgs_srvs/lib/python3.12/site-packages/custom_msgs_srvs/custom_msgs_srvs_s__rosidl_typesupport_fastrtps_c.so
-- Installing: /workspace/install/custom_msgs_srvs/lib/python3.12/site-packages/custom_msgs_srvs/_custom_msgs_srvs_s.ep.rosidl_typesupport_fastrtps_c.c
-- Installing: /workspace/install/custom_msgs_srvs/lib/python3.12/site-packages/custom_msgs_srvs/_custom_msgs_srvs_s.ep.rosidl_typesupport_introspection_c.c
Listing '/workspace/install/custom_msgs_srvs/lib/python3.12/site-packages/custom_msgs_srvs'...
Compiling '/workspace/install/custom_msgs_srvs/lib/python3.12/site-packages/custom_msgs_srvs/__init__.py'...
Listing '/workspace/install/custom_msgs_srvs/lib/python3.12/site-packages/custom_msgs_srvs/msg'...
Compiling '/workspace/install/custom_msgs_srvs/lib/python3.12/site-packages/custom_msgs_srvs/msg/__init__.py'...
Compiling '/workspace/install/custom_msgs_srvs/lib/python3.12/site-packages/custom_msgs_srvs/msg/_drive_power.py'...
Compiling '/workspace/install/custom_msgs_srvs/lib/python3.12/site-packages/custom_msgs_srvs/msg/_ir_sensor_data.py'...
Listing '/workspace/install/custom_msgs_srvs/lib/python3.12/site-packages/custom_msgs_srvs/srv'...
Compiling '/workspace/install/custom_msgs_srvs/lib/python3.12/site-packages/custom_msgs_srvs/srv/__init__.py'...
Compiling '/workspace/install/custom_msgs_srvs/lib/python3.12/site-packages/custom_msgs_srvs/srv/_continuation_status.py'...
Compiling '/workspace/install/custom_msgs_srvs/lib/python3.12/site-packages/custom_msgs_srvs/srv/_light_status.py'...
-- Installing: /workspace/install/custom_msgs_srvs/lib/python3.12/site-packages/custom_msgs_srvs/custom_msgs_srvs_s__rosidl_typesupport_fastrtps_c.so
-- Set non-toolchain portion of runtime path of "/workspace/install/custom_msgs_srvs/lib/python3.12/site-packages/custom_msgs_srvs/custom_msgs_srvs_s__rosidl_typesupport_fastrtps_c.so" to ""
-- Installing: /workspace/install/custom_msgs_srvs/lib/python3.12/site-packages/custom_msgs_srvs/custom_msgs_srvs_s__rosidl_typesupport_introspection_c.so
-- Set non-toolchain portion of runtime path of "/workspace/install/custom_msgs_srvs/lib/python3.12/site-packages/custom_msgs_srvs/custom_msgs_srvs_s__rosidl_typesupport_introspection_c.so" to ""
-- Installing: /workspace/install/custom_msgs_srvs/lib/python3.12/site-packages/custom_msgs_srvs/custom_msgs_srvs_s__rosidl_typesupport_c.so
-- Set non-toolchain portion of runtime path of "/workspace/install/custom_msgs_srvs/lib/python3.12/site-packages/custom_msgs_srvs/custom_msgs_srvs_s__rosidl_typesupport_c.so" to ""
-- Installing: /workspace/install/custom_msgs_srvs/lib/libcustom_msgs_srvs__rosidl_generator_py.so
-- Set non-toolchain portion of runtime path of "/workspace/install/custom_msgs_srvs/lib/libcustom_msgs_srvs__rosidl_generator_py.so" to ""
-- Installing: /workspace/install/custom_msgs_srvs/share/custom_msgs_srvs/msg/DrivePower.idl
-- Installing: /workspace/install/custom_msgs_srvs/share/custom_msgs_srvs/msg/IRSensorData.idl
-- Installing: /workspace/install/custom_msgs_srvs/share/custom_msgs_srvs/srv/ContinuationStatus.idl
-- Installing: /workspace/install/custom_msgs_srvs/share/custom_msgs_srvs/srv/LightStatus.idl
-- Installing: /workspace/install/custom_msgs_srvs/share/custom_msgs_srvs/msg/DrivePower.msg
-- Installing: /workspace/install/custom_msgs_srvs/share/custom_msgs_srvs/msg/IRSensorData.msg
-- Installing: /workspace/install/custom_msgs_srvs/share/custom_msgs_srvs/srv/ContinuationStatus.srv
-- Installing: /workspace/install/custom_msgs_srvs/share/custom_msgs_srvs/srv/LightStatus.srv
-- Installing: /workspace/install/custom_msgs_srvs/share/ament_index/resource_index/package_run_dependencies/custom_msgs_srvs
-- Installing: /workspace/install/custom_msgs_srvs/share/ament_index/resource_index/parent_prefix_path/custom_msgs_srvs
-- Installing: /workspace/install/custom_msgs_srvs/share/custom_msgs_srvs/environment/ament_prefix_path.sh
-- Installing: /workspace/install/custom_msgs_srvs/share/custom_msgs_srvs/environment/ament_prefix_path.dsv
-- Installing: /workspace/install/custom_msgs_srvs/share/custom_msgs_srvs/environment/path.sh
-- Installing: /workspace/install/custom_msgs_srvs/share/custom_msgs_srvs/environment/path.dsv
-- Installing: /workspace/install/custom_msgs_srvs/share/custom_msgs_srvs/local_setup.bash
-- Installing: /workspace/install/custom_msgs_srvs/share/custom_msgs_srvs/local_setup.sh
-- Installing: /workspace/install/custom_msgs_srvs/share/custom_msgs_srvs/local_setup.zsh
-- Installing: /workspace/install/custom_msgs_srvs/share/custom_msgs_srvs/local_setup.dsv
-- Installing: /workspace/install/custom_msgs_srvs/share/custom_msgs_srvs/package.dsv
-- Installing: /workspace/install/custom_msgs_srvs/share/ament_index/resource_index/packages/custom_msgs_srvs
-- Installing: /workspace/install/custom_msgs_srvs/share/custom_msgs_srvs/cmake/export_custom_msgs_srvs__rosidl_generator_cExport.cmake
-- Installing: /workspace/install/custom_msgs_srvs/share/custom_msgs_srvs/cmake/export_custom_msgs_srvs__rosidl_generator_cExport-noconfig.cmake
-- Installing: /workspace/install/custom_msgs_srvs/share/custom_msgs_srvs/cmake/export_custom_msgs_srvs__rosidl_typesupport_fastrtps_cExport.cmake
-- Installing: /workspace/install/custom_msgs_srvs/share/custom_msgs_srvs/cmake/export_custom_msgs_srvs__rosidl_typesupport_fastrtps_cExport-noconfig.cmake
-- Installing: /workspace/install/custom_msgs_srvs/share/custom_msgs_srvs/cmake/custom_msgs_srvs__rosidl_typesupport_introspection_cExport.cmake
-- Installing: /workspace/install/custom_msgs_srvs/share/custom_msgs_srvs/cmake/custom_msgs_srvs__rosidl_typesupport_introspection_cExport-noconfig.cmake
-- Installing: /workspace/install/custom_msgs_srvs/share/custom_msgs_srvs/cmake/custom_msgs_srvs__rosidl_typesupport_cExport.cmake
-- Installing: /workspace/install/custom_msgs_srvs/share/custom_msgs_srvs/cmake/custom_msgs_srvs__rosidl_typesupport_cExport-noconfig.cmake
-- Installing: /workspace/install/custom_msgs_srvs/share/custom_msgs_srvs/cmake/export_custom_msgs_srvs__rosidl_generator_cppExport.cmake
-- Installing: /workspace/install/custom_msgs_srvs/share/custom_msgs_srvs/cmake/export_custom_msgs_srvs__rosidl_typesupport_fastrtps_cppExport.cmake
-- Installing: /workspace/install/custom_msgs_srvs/share/custom_msgs_srvs/cmake/export_custom_msgs_srvs__rosidl_typesupport_fastrtps_cppExport-noconfig.cmake
-- Installing: /workspace/install/custom_msgs_srvs/share/custom_msgs_srvs/cmake/custom_msgs_srvs__rosidl_typesupport_introspection_cppExport.cmake
-- Installing: /workspace/install/custom_msgs_srvs/share/custom_msgs_srvs/cmake/custom_msgs_srvs__rosidl_typesupport_introspection_cppExport-noconfig.cmake
-- Installing: /workspace/install/custom_msgs_srvs/share/custom_msgs_srvs/cmake/custom_msgs_srvs__rosidl_typesupport_cppExport.cmake
-- Installing: /workspace/install/custom_msgs_srvs/share/custom_msgs_srvs/cmake/custom_msgs_srvs__rosidl_typesupport_cppExport-noconfig.cmake
-- Installing: /workspace/install/custom_msgs_srvs/share/custom_msgs_srvs/cmake/export_custom_msgs_srvs__rosidl_generator_pyExport.cmake
-- Installing: /workspace/install/custom_msgs_srvs/share/custom_msgs_srvs/cmake/export_custom_msgs_srvs__rosidl_generator_pyExport-noconfig.cmake
-- Installing: /workspace/install/custom_msgs_srvs/share/custom_msgs_srvs/cmake/rosidl_cmake-extras.cmake
-- Installing: /workspace/install/custom_msgs_srvs/share/custom_msgs_srvs/cmake/ament_cmake_export_dependencies-extras.cmake
-- Installing: /workspace/install/custom_msgs_srvs/share/custom_msgs_srvs/cmake/ament_cmake_export_include_directories-extras.cmake
-- Installing: /workspace/install/custom_msgs_srvs/share/custom_msgs_srvs/cmake/ament_cmake_export_libraries-extras.cmake
-- Installing: /workspace/install/custom_msgs_srvs/share/custom_msgs_srvs/cmake/ament_cmake_export_targets-extras.cmake
-- Installing: /workspace/install/custom_msgs_srvs/share/custom_msgs_srvs/cmake/rosidl_cmake_export_typesupport_targets-extras.cmake
-- Installing: /workspace/install/custom_msgs_srvs/share/custom_msgs_srvs/cmake/rosidl_cmake_export_typesupport_libraries-extras.cmake
-- Installing: /workspace/install/custom_msgs_srvs/share/custom_msgs_srvs/cmake/custom_msgs_srvsConfig.cmake
-- Installing: /workspace/install/custom_msgs_srvs/share/custom_msgs_srvs/cmake/custom_msgs_srvsConfig-version.cmake
-- Installing: /workspace/install/custom_msgs_srvs/share/custom_msgs_srvs/package.xml
