[0.015s] Invoking command in '/workspace/build/custom_msgs_srvs': CMAKE_PREFIX_PATH=${CMAKE_PREFIX_PATH}:/opt/ros/jazzy /usr/bin/cmake /workspace/WRPlay/src/custom_msgs_srvs -DCMAKE_INSTALL_PREFIX=/workspace/install/custom_msgs_srvs
[0.085s] -- The C compiler identification is GNU 13.2.0
[0.152s] -- The CXX compiler identification is GNU 13.2.0
[0.174s] -- Detecting C compiler ABI info
[0.289s] -- Detecting C compiler ABI info - done
[0.302s] -- Check for working C compiler: /usr/bin/cc - skipped
[0.302s] -- Detecting C compile features
[0.303s] -- Detecting C compile features - done
[0.314s] -- Detecting CXX compiler ABI info
[0.434s] -- Detecting CXX compiler ABI info - done
[0.445s] -- Check for working CXX compiler: /usr/bin/c++ - skipped
[0.445s] -- Detecting CXX compile features
[0.446s] -- Detecting CXX compile features - done
[0.451s] -- Found ament_cmake: 2.5.2 (/opt/ros/jazzy/share/ament_cmake/cmake)
[0.647s] -- Found Python3: /usr/bin/python3 (found version "3.12.3") found components: Interpreter 
[0.805s] -- Found rosidl_default_generators: 1.6.0 (/opt/ros/jazzy/share/rosidl_default_generators/cmake)
[0.816s] -- Using all available rosidl_typesupport_c: rosidl_typesupport_fastrtps_c;rosidl_typesupport_introspection_c
[0.898s] -- Using all available rosidl_typesupport_cpp: rosidl_typesupport_fastrtps_cpp;rosidl_typesupport_introspection_cpp
[0.967s] -- Found rosidl_adapter: 4.6.3 (/opt/ros/jazzy/share/rosidl_adapter/cmake)
[1.739s] -- Found ament_cmake_ros: 0.12.0 (/opt/ros/jazzy/share/ament_cmake_ros/cmake)
[2.275s] -- Using all available rosidl_typesupport_c: rosidl_typesupport_fastrtps_c;rosidl_typesupport_introspection_c
[3.019s] -- Using all available rosidl_typesupport_cpp: rosidl_typesupport_fastrtps_cpp;rosidl_typesupport_introspection_cpp
[3.025s] -- Found python_cmake_module: 0.11.1 (/opt/ros/jazzy/share/python_cmake_module/cmake)
[3.222s] -- Found PythonExtra: /usr/bin/python3  
[3.775s] -- Found Python3: /usr/bin/python3 (found version "3.12.3") found components: Interpreter Development NumPy Development.Module Development.Embed 
[3.830s] -- Found ament_lint_auto: 0.17.1 (/opt/ros/jazzy/share/ament_lint_auto/cmake)
[3.870s] -- Added test 'lint_cmake' to check CMake code style
[3.871s] -- Added test 'xmllint' to check XML markup files
[3.874s] -- Configuring done (3.8s)
[3.916s] -- Generating done (0.0s)
[3.919s] -- Build files have been written to: /workspace/build/custom_msgs_srvs
[3.928s] Invoked command in '/workspace/build/custom_msgs_srvs' returned '0': CMAKE_PREFIX_PATH=${CMAKE_PREFIX_PATH}:/opt/ros/jazzy /usr/bin/cmake /workspace/WRPlay/src/custom_msgs_srvs -DCMAKE_INSTALL_PREFIX=/workspace/install/custom_msgs_srvs
[3.930s] Invoking command in '/workspace/build/custom_msgs_srvs': CMAKE_PREFIX_PATH=${CMAKE_PREFIX_PATH}:/opt/ros/jazzy /usr/bin/cmake --build /workspace/build/custom_msgs_srvs -- -j16 -l16
[4.003s] [  1%] [34m[1mGenerating type hashes for ROS interfaces[0m
[4.014s] [  1%] Built target ament_cmake_python_copy_custom_msgs_srvs
[4.226s] running egg_info
[4.227s] creating custom_msgs_srvs.egg-info
[4.243s] writing custom_msgs_srvs.egg-info/PKG-INFO
[4.243s] writing dependency_links to custom_msgs_srvs.egg-info/dependency_links.txt
[4.243s] writing top-level names to custom_msgs_srvs.egg-info/top_level.txt
[4.243s] writing manifest file 'custom_msgs_srvs.egg-info/SOURCES.txt'
[4.264s] [  1%] Built target custom_msgs_srvs__rosidl_generator_type_description
[4.279s] [  3%] [34m[1mGenerating C code for ROS interfaces[0m
[4.287s] reading manifest file 'custom_msgs_srvs.egg-info/SOURCES.txt'
[4.288s] writing manifest file 'custom_msgs_srvs.egg-info/SOURCES.txt'
[4.290s] [  4%] [34m[1mGenerating C++ code for ROS interfaces[0m
[4.320s] [  4%] Built target ament_cmake_python_build_custom_msgs_srvs_egg
[4.724s] [  4%] Built target custom_msgs_srvs__cpp
[4.825s] [  6%] [32mBuilding C object CMakeFiles/custom_msgs_srvs__rosidl_generator_c.dir/rosidl_generator_c/custom_msgs_srvs/msg/detail/drive_power__description.c.o[0m
[4.826s] [  7%] [32mBuilding C object CMakeFiles/custom_msgs_srvs__rosidl_generator_c.dir/rosidl_generator_c/custom_msgs_srvs/msg/detail/ir_sensor_data__type_support.c.o[0m
[4.827s] [  9%] [32mBuilding C object CMakeFiles/custom_msgs_srvs__rosidl_generator_c.dir/rosidl_generator_c/custom_msgs_srvs/srv/detail/light_status__description.c.o[0m
[4.827s] [ 10%] [32mBuilding C object CMakeFiles/custom_msgs_srvs__rosidl_generator_c.dir/rosidl_generator_c/custom_msgs_srvs/msg/detail/ir_sensor_data__description.c.o[0m
[4.827s] [ 12%] [32mBuilding C object CMakeFiles/custom_msgs_srvs__rosidl_generator_c.dir/rosidl_generator_c/custom_msgs_srvs/msg/detail/ir_sensor_data__functions.c.o[0m
[4.829s] [ 14%] [32mBuilding C object CMakeFiles/custom_msgs_srvs__rosidl_generator_c.dir/rosidl_generator_c/custom_msgs_srvs/srv/detail/continuation_status__functions.c.o[0m
[4.829s] [ 17%] [32mBuilding C object CMakeFiles/custom_msgs_srvs__rosidl_generator_c.dir/rosidl_generator_c/custom_msgs_srvs/srv/detail/light_status__functions.c.o[0m
[4.829s] [ 17%] [32mBuilding C object CMakeFiles/custom_msgs_srvs__rosidl_generator_c.dir/rosidl_generator_c/custom_msgs_srvs/srv/detail/continuation_status__description.c.o[0m
[4.830s] [ 18%] [32mBuilding C object CMakeFiles/custom_msgs_srvs__rosidl_generator_c.dir/rosidl_generator_c/custom_msgs_srvs/srv/detail/light_status__type_support.c.o[0m
[4.832s] [ 20%] [32mBuilding C object CMakeFiles/custom_msgs_srvs__rosidl_generator_c.dir/rosidl_generator_c/custom_msgs_srvs/msg/detail/drive_power__type_support.c.o[0m
[4.833s] [ 23%] [32mBuilding C object CMakeFiles/custom_msgs_srvs__rosidl_generator_c.dir/rosidl_generator_c/custom_msgs_srvs/msg/detail/drive_power__functions.c.o[0m
[4.833s] [ 23%] [32mBuilding C object CMakeFiles/custom_msgs_srvs__rosidl_generator_c.dir/rosidl_generator_c/custom_msgs_srvs/srv/detail/continuation_status__type_support.c.o[0m
[4.941s] [ 25%] [32m[1mLinking C shared library libcustom_msgs_srvs__rosidl_generator_c.so[0m
[4.993s] [ 25%] Built target custom_msgs_srvs__rosidl_generator_c
[5.043s] [ 26%] [34m[1mGenerating C introspection for ROS interfaces[0m
[5.045s] [ 31%] [34m[1mGenerating C++ introspection for ROS interfaces[0m
[5.046s] [ 31%] [34m[1mGenerating C++ type support for eProsima Fast-RTPS[0m
[5.046s] [ 31%] [34m[1mGenerating C type support dispatch for ROS interfaces[0m
[5.053s] [ 32%] [34m[1mGenerating C++ type support dispatch for ROS interfaces[0m
[5.057s] [ 34%] [34m[1mGenerating C type support for eProsima Fast-RTPS[0m
[5.387s] [ 35%] [32mBuilding CXX object CMakeFiles/custom_msgs_srvs__rosidl_typesupport_cpp.dir/rosidl_typesupport_cpp/custom_msgs_srvs/srv/continuation_status__type_support.cpp.o[0m
[5.388s] [ 37%] [32mBuilding CXX object CMakeFiles/custom_msgs_srvs__rosidl_typesupport_cpp.dir/rosidl_typesupport_cpp/custom_msgs_srvs/srv/light_status__type_support.cpp.o[0m
[5.390s] [ 40%] [32mBuilding CXX object CMakeFiles/custom_msgs_srvs__rosidl_typesupport_cpp.dir/rosidl_typesupport_cpp/custom_msgs_srvs/msg/ir_sensor_data__type_support.cpp.o[0m
[5.390s] [ 40%] [32mBuilding CXX object CMakeFiles/custom_msgs_srvs__rosidl_typesupport_cpp.dir/rosidl_typesupport_cpp/custom_msgs_srvs/msg/drive_power__type_support.cpp.o[0m
[5.404s] [ 42%] [32mBuilding CXX object CMakeFiles/custom_msgs_srvs__rosidl_typesupport_c.dir/rosidl_typesupport_c/custom_msgs_srvs/msg/drive_power__type_support.cpp.o[0m
[5.407s] [ 43%] [32mBuilding CXX object CMakeFiles/custom_msgs_srvs__rosidl_typesupport_c.dir/rosidl_typesupport_c/custom_msgs_srvs/msg/ir_sensor_data__type_support.cpp.o[0m
[5.409s] [ 45%] [32mBuilding CXX object CMakeFiles/custom_msgs_srvs__rosidl_typesupport_c.dir/rosidl_typesupport_c/custom_msgs_srvs/srv/continuation_status__type_support.cpp.o[0m
[5.412s] [ 46%] [32mBuilding CXX object CMakeFiles/custom_msgs_srvs__rosidl_typesupport_c.dir/rosidl_typesupport_c/custom_msgs_srvs/srv/light_status__type_support.cpp.o[0m
[5.441s] [ 48%] [32mBuilding CXX object CMakeFiles/custom_msgs_srvs__rosidl_typesupport_introspection_cpp.dir/rosidl_typesupport_introspection_cpp/custom_msgs_srvs/msg/detail/ir_sensor_data__type_support.cpp.o[0m
[5.441s] [ 50%] [32mBuilding CXX object CMakeFiles/custom_msgs_srvs__rosidl_typesupport_introspection_cpp.dir/rosidl_typesupport_introspection_cpp/custom_msgs_srvs/msg/detail/drive_power__type_support.cpp.o[0m
[5.442s] [ 51%] [32mBuilding CXX object CMakeFiles/custom_msgs_srvs__rosidl_typesupport_introspection_cpp.dir/rosidl_typesupport_introspection_cpp/custom_msgs_srvs/srv/detail/light_status__type_support.cpp.o[0m
[5.448s] [ 53%] [32mBuilding CXX object CMakeFiles/custom_msgs_srvs__rosidl_typesupport_introspection_cpp.dir/rosidl_typesupport_introspection_cpp/custom_msgs_srvs/srv/detail/continuation_status__type_support.cpp.o[0m
[5.515s] [ 54%] [32m[1mLinking CXX shared library libcustom_msgs_srvs__rosidl_typesupport_c.so[0m
[5.524s] [ 56%] [32mBuilding C object CMakeFiles/custom_msgs_srvs__rosidl_typesupport_introspection_c.dir/rosidl_typesupport_introspection_c/custom_msgs_srvs/msg/detail/ir_sensor_data__type_support.c.o[0m
[5.526s] [ 57%] [32mBuilding C object CMakeFiles/custom_msgs_srvs__rosidl_typesupport_introspection_c.dir/rosidl_typesupport_introspection_c/custom_msgs_srvs/srv/detail/light_status__type_support.c.o[0m
[5.527s] [ 59%] [32mBuilding C object CMakeFiles/custom_msgs_srvs__rosidl_typesupport_introspection_c.dir/rosidl_typesupport_introspection_c/custom_msgs_srvs/srv/detail/continuation_status__type_support.c.o[0m
[5.528s] [ 60%] [32mBuilding C object CMakeFiles/custom_msgs_srvs__rosidl_typesupport_introspection_c.dir/rosidl_typesupport_introspection_c/custom_msgs_srvs/msg/detail/drive_power__type_support.c.o[0m
[5.601s] [ 60%] Built target custom_msgs_srvs__rosidl_typesupport_c
[5.616s] [ 62%] [32m[1mLinking C shared library libcustom_msgs_srvs__rosidl_typesupport_introspection_c.so[0m
[5.639s] [ 65%] [32mBuilding CXX object CMakeFiles/custom_msgs_srvs__rosidl_typesupport_fastrtps_cpp.dir/rosidl_typesupport_fastrtps_cpp/custom_msgs_srvs/srv/detail/dds_fastrtps/light_status__type_support.cpp.o[0m
[5.639s] [ 67%] [32mBuilding CXX object CMakeFiles/custom_msgs_srvs__rosidl_typesupport_fastrtps_cpp.dir/rosidl_typesupport_fastrtps_cpp/custom_msgs_srvs/msg/detail/dds_fastrtps/ir_sensor_data__type_support.cpp.o[0m
[5.639s] [ 65%] [32mBuilding CXX object CMakeFiles/custom_msgs_srvs__rosidl_typesupport_fastrtps_cpp.dir/rosidl_typesupport_fastrtps_cpp/custom_msgs_srvs/srv/detail/dds_fastrtps/continuation_status__type_support.cpp.o[0m
[5.642s] [ 68%] [32mBuilding CXX object CMakeFiles/custom_msgs_srvs__rosidl_typesupport_fastrtps_cpp.dir/rosidl_typesupport_fastrtps_cpp/custom_msgs_srvs/msg/detail/dds_fastrtps/drive_power__type_support.cpp.o[0m
[5.683s] [ 68%] Built target custom_msgs_srvs__rosidl_typesupport_introspection_c
[5.722s] [ 71%] [32mBuilding CXX object CMakeFiles/custom_msgs_srvs__rosidl_typesupport_fastrtps_c.dir/rosidl_typesupport_fastrtps_c/custom_msgs_srvs/srv/detail/continuation_status__type_support_c.cpp.o[0m
[5.722s] [ 71%] [32mBuilding CXX object CMakeFiles/custom_msgs_srvs__rosidl_typesupport_fastrtps_c.dir/rosidl_typesupport_fastrtps_c/custom_msgs_srvs/msg/detail/drive_power__type_support_c.cpp.o[0m
[5.722s] [ 73%] [32mBuilding CXX object CMakeFiles/custom_msgs_srvs__rosidl_typesupport_fastrtps_c.dir/rosidl_typesupport_fastrtps_c/custom_msgs_srvs/srv/detail/light_status__type_support_c.cpp.o[0m
[5.722s] [ 75%] [32mBuilding CXX object CMakeFiles/custom_msgs_srvs__rosidl_typesupport_fastrtps_c.dir/rosidl_typesupport_fastrtps_c/custom_msgs_srvs/msg/detail/ir_sensor_data__type_support_c.cpp.o[0m
[6.340s] [ 76%] [32m[1mLinking CXX shared library libcustom_msgs_srvs__rosidl_typesupport_cpp.so[0m
[6.381s] [ 78%] [32m[1mLinking CXX shared library libcustom_msgs_srvs__rosidl_typesupport_introspection_cpp.so[0m
[6.492s] [ 78%] Built target custom_msgs_srvs__rosidl_typesupport_cpp
[6.516s] [ 78%] Built target custom_msgs_srvs__rosidl_typesupport_introspection_cpp
[6.669s] [ 79%] [32m[1mLinking CXX shared library libcustom_msgs_srvs__rosidl_typesupport_fastrtps_cpp.so[0m
[6.710s] [ 81%] [32m[1mLinking CXX shared library libcustom_msgs_srvs__rosidl_typesupport_fastrtps_c.so[0m
[6.755s] [ 81%] Built target custom_msgs_srvs__rosidl_typesupport_fastrtps_cpp
[6.765s] [ 81%] Built target custom_msgs_srvs__rosidl_typesupport_fastrtps_c
[6.797s] [ 81%] Built target custom_msgs_srvs
[6.832s] [ 82%] [34m[1mGenerating Python code for ROS interfaces[0m
[7.464s] [ 82%] Built target custom_msgs_srvs__py
[7.491s] [ 84%] [32mBuilding C object CMakeFiles/custom_msgs_srvs__rosidl_generator_py.dir/rosidl_generator_py/custom_msgs_srvs/msg/_drive_power_s.c.o[0m
[7.491s] [ 87%] [32mBuilding C object CMakeFiles/custom_msgs_srvs__rosidl_generator_py.dir/rosidl_generator_py/custom_msgs_srvs/srv/_continuation_status_s.c.o[0m
[7.491s] [ 89%] [32mBuilding C object CMakeFiles/custom_msgs_srvs__rosidl_generator_py.dir/rosidl_generator_py/custom_msgs_srvs/msg/_ir_sensor_data_s.c.o[0m
[7.491s] [ 89%] [32mBuilding C object CMakeFiles/custom_msgs_srvs__rosidl_generator_py.dir/rosidl_generator_py/custom_msgs_srvs/srv/_light_status_s.c.o[0m
[7.680s] [ 90%] [32m[1mLinking C shared library libcustom_msgs_srvs__rosidl_generator_py.so[0m
[7.729s] [ 90%] Built target custom_msgs_srvs__rosidl_generator_py
[7.754s] [ 93%] [32mBuilding C object CMakeFiles/custom_msgs_srvs_s__rosidl_typesupport_introspection_c.dir/rosidl_generator_py/custom_msgs_srvs/_custom_msgs_srvs_s.ep.rosidl_typesupport_introspection_c.c.o[0m
[7.754s] [ 93%] [32mBuilding C object CMakeFiles/custom_msgs_srvs_s__rosidl_typesupport_c.dir/rosidl_generator_py/custom_msgs_srvs/_custom_msgs_srvs_s.ep.rosidl_typesupport_c.c.o[0m
[7.755s] [ 95%] [32mBuilding C object CMakeFiles/custom_msgs_srvs_s__rosidl_typesupport_fastrtps_c.dir/rosidl_generator_py/custom_msgs_srvs/_custom_msgs_srvs_s.ep.rosidl_typesupport_fastrtps_c.c.o[0m
[7.898s] [ 98%] [32m[1mLinking C shared module rosidl_generator_py/custom_msgs_srvs/custom_msgs_srvs_s__rosidl_typesupport_introspection_c.so[0m
[7.898s] [ 98%] [32m[1mLinking C shared module rosidl_generator_py/custom_msgs_srvs/custom_msgs_srvs_s__rosidl_typesupport_c.so[0m
[7.906s] [100%] [32m[1mLinking C shared module rosidl_generator_py/custom_msgs_srvs/custom_msgs_srvs_s__rosidl_typesupport_fastrtps_c.so[0m
[7.934s] [100%] Built target custom_msgs_srvs_s__rosidl_typesupport_c
[7.934s] [100%] Built target custom_msgs_srvs_s__rosidl_typesupport_introspection_c
[7.944s] [100%] Built target custom_msgs_srvs_s__rosidl_typesupport_fastrtps_c
[7.959s] Invoked command in '/workspace/build/custom_msgs_srvs' returned '0': CMAKE_PREFIX_PATH=${CMAKE_PREFIX_PATH}:/opt/ros/jazzy /usr/bin/cmake --build /workspace/build/custom_msgs_srvs -- -j16 -l16
[8.351s] Invoking command in '/workspace/build/custom_msgs_srvs': CMAKE_PREFIX_PATH=${CMAKE_PREFIX_PATH}:/opt/ros/jazzy /usr/bin/cmake --install /workspace/build/custom_msgs_srvs
[8.360s] -- Install configuration: ""
[8.361s] -- Installing: /workspace/install/custom_msgs_srvs/share/ament_index/resource_index/rosidl_interfaces/custom_msgs_srvs
[8.361s] -- Installing: /workspace/install/custom_msgs_srvs/share/custom_msgs_srvs/msg/DrivePower.json
[8.361s] -- Installing: /workspace/install/custom_msgs_srvs/share/custom_msgs_srvs/msg/IRSensorData.json
[8.361s] -- Installing: /workspace/install/custom_msgs_srvs/share/custom_msgs_srvs/srv/ContinuationStatus.json
[8.361s] -- Installing: /workspace/install/custom_msgs_srvs/share/custom_msgs_srvs/srv/LightStatus.json
[8.361s] -- Installing: /workspace/install/custom_msgs_srvs/include/custom_msgs_srvs/custom_msgs_srvs
[8.362s] -- Installing: /workspace/install/custom_msgs_srvs/include/custom_msgs_srvs/custom_msgs_srvs/srv
[8.362s] -- Installing: /workspace/install/custom_msgs_srvs/include/custom_msgs_srvs/custom_msgs_srvs/srv/detail
[8.362s] -- Installing: /workspace/install/custom_msgs_srvs/include/custom_msgs_srvs/custom_msgs_srvs/srv/detail/continuation_status__description.c
[8.362s] -- Installing: /workspace/install/custom_msgs_srvs/include/custom_msgs_srvs/custom_msgs_srvs/srv/detail/continuation_status__functions.c
[8.362s] -- Installing: /workspace/install/custom_msgs_srvs/include/custom_msgs_srvs/custom_msgs_srvs/srv/detail/continuation_status__type_support.c
[8.363s] -- Installing: /workspace/install/custom_msgs_srvs/include/custom_msgs_srvs/custom_msgs_srvs/srv/detail/light_status__functions.c
[8.363s] -- Installing: /workspace/install/custom_msgs_srvs/include/custom_msgs_srvs/custom_msgs_srvs/srv/detail/continuation_status__functions.h
[8.364s] -- Installing: /workspace/install/custom_msgs_srvs/include/custom_msgs_srvs/custom_msgs_srvs/srv/detail/continuation_status__struct.h
[8.364s] -- Installing: /workspace/install/custom_msgs_srvs/include/custom_msgs_srvs/custom_msgs_srvs/srv/detail/continuation_status__type_support.h
[8.364s] -- Installing: /workspace/install/custom_msgs_srvs/include/custom_msgs_srvs/custom_msgs_srvs/srv/detail/light_status__type_support.c
[8.364s] -- Installing: /workspace/install/custom_msgs_srvs/include/custom_msgs_srvs/custom_msgs_srvs/srv/detail/light_status__type_support.h
[8.364s] -- Installing: /workspace/install/custom_msgs_srvs/include/custom_msgs_srvs/custom_msgs_srvs/srv/detail/light_status__description.c
[8.364s] -- Installing: /workspace/install/custom_msgs_srvs/include/custom_msgs_srvs/custom_msgs_srvs/srv/detail/light_status__functions.h
[8.364s] -- Installing: /workspace/install/custom_msgs_srvs/include/custom_msgs_srvs/custom_msgs_srvs/srv/detail/light_status__struct.h
[8.364s] -- Installing: /workspace/install/custom_msgs_srvs/include/custom_msgs_srvs/custom_msgs_srvs/srv/continuation_status.h
[8.364s] -- Installing: /workspace/install/custom_msgs_srvs/include/custom_msgs_srvs/custom_msgs_srvs/srv/light_status.h
[8.364s] -- Installing: /workspace/install/custom_msgs_srvs/include/custom_msgs_srvs/custom_msgs_srvs/msg
[8.364s] -- Installing: /workspace/install/custom_msgs_srvs/include/custom_msgs_srvs/custom_msgs_srvs/msg/ir_sensor_data.h
[8.365s] -- Installing: /workspace/install/custom_msgs_srvs/include/custom_msgs_srvs/custom_msgs_srvs/msg/detail
[8.365s] -- Installing: /workspace/install/custom_msgs_srvs/include/custom_msgs_srvs/custom_msgs_srvs/msg/detail/drive_power__functions.c
[8.365s] -- Installing: /workspace/install/custom_msgs_srvs/include/custom_msgs_srvs/custom_msgs_srvs/msg/detail/ir_sensor_data__description.c
[8.365s] -- Installing: /workspace/install/custom_msgs_srvs/include/custom_msgs_srvs/custom_msgs_srvs/msg/detail/ir_sensor_data__type_support.c
[8.365s] -- Installing: /workspace/install/custom_msgs_srvs/include/custom_msgs_srvs/custom_msgs_srvs/msg/detail/drive_power__type_support.h
[8.365s] -- Installing: /workspace/install/custom_msgs_srvs/include/custom_msgs_srvs/custom_msgs_srvs/msg/detail/drive_power__functions.h
[8.365s] -- Installing: /workspace/install/custom_msgs_srvs/include/custom_msgs_srvs/custom_msgs_srvs/msg/detail/ir_sensor_data__struct.h
[8.365s] -- Installing: /workspace/install/custom_msgs_srvs/include/custom_msgs_srvs/custom_msgs_srvs/msg/detail/ir_sensor_data__type_support.h
[8.365s] -- Installing: /workspace/install/custom_msgs_srvs/include/custom_msgs_srvs/custom_msgs_srvs/msg/detail/ir_sensor_data__functions.h
[8.365s] -- Installing: /workspace/install/custom_msgs_srvs/include/custom_msgs_srvs/custom_msgs_srvs/msg/detail/drive_power__struct.h
[8.365s] -- Installing: /workspace/install/custom_msgs_srvs/include/custom_msgs_srvs/custom_msgs_srvs/msg/detail/drive_power__type_support.c
[8.365s] -- Installing: /workspace/install/custom_msgs_srvs/include/custom_msgs_srvs/custom_msgs_srvs/msg/detail/ir_sensor_data__functions.c
[8.365s] -- Installing: /workspace/install/custom_msgs_srvs/include/custom_msgs_srvs/custom_msgs_srvs/msg/detail/drive_power__description.c
[8.366s] -- Installing: /workspace/install/custom_msgs_srvs/include/custom_msgs_srvs/custom_msgs_srvs/msg/rosidl_generator_c__visibility_control.h
[8.366s] -- Installing: /workspace/install/custom_msgs_srvs/include/custom_msgs_srvs/custom_msgs_srvs/msg/drive_power.h
[8.366s] -- Installing: /workspace/install/custom_msgs_srvs/share/custom_msgs_srvs/environment/library_path.sh
[8.366s] -- Installing: /workspace/install/custom_msgs_srvs/share/custom_msgs_srvs/environment/library_path.dsv
[8.366s] -- Installing: /workspace/install/custom_msgs_srvs/lib/libcustom_msgs_srvs__rosidl_generator_c.so
[8.366s] -- Set non-toolchain portion of runtime path of "/workspace/install/custom_msgs_srvs/lib/libcustom_msgs_srvs__rosidl_generator_c.so" to ""
[8.366s] -- Up-to-date: /workspace/install/custom_msgs_srvs/include/custom_msgs_srvs/custom_msgs_srvs
[8.366s] -- Up-to-date: /workspace/install/custom_msgs_srvs/include/custom_msgs_srvs/custom_msgs_srvs/srv
[8.366s] -- Up-to-date: /workspace/install/custom_msgs_srvs/include/custom_msgs_srvs/custom_msgs_srvs/srv/detail
[8.366s] -- Installing: /workspace/install/custom_msgs_srvs/include/custom_msgs_srvs/custom_msgs_srvs/srv/detail/light_status__rosidl_typesupport_fastrtps_c.h
[8.366s] -- Installing: /workspace/install/custom_msgs_srvs/include/custom_msgs_srvs/custom_msgs_srvs/srv/detail/continuation_status__rosidl_typesupport_fastrtps_c.h
[8.366s] -- Up-to-date: /workspace/install/custom_msgs_srvs/include/custom_msgs_srvs/custom_msgs_srvs/msg
[8.366s] -- Up-to-date: /workspace/install/custom_msgs_srvs/include/custom_msgs_srvs/custom_msgs_srvs/msg/detail
[8.366s] -- Installing: /workspace/install/custom_msgs_srvs/include/custom_msgs_srvs/custom_msgs_srvs/msg/detail/drive_power__rosidl_typesupport_fastrtps_c.h
[8.366s] -- Installing: /workspace/install/custom_msgs_srvs/include/custom_msgs_srvs/custom_msgs_srvs/msg/detail/ir_sensor_data__rosidl_typesupport_fastrtps_c.h
[8.367s] -- Installing: /workspace/install/custom_msgs_srvs/include/custom_msgs_srvs/custom_msgs_srvs/msg/rosidl_typesupport_fastrtps_c__visibility_control.h
[8.367s] -- Installing: /workspace/install/custom_msgs_srvs/lib/libcustom_msgs_srvs__rosidl_typesupport_fastrtps_c.so
[8.367s] -- Set non-toolchain portion of runtime path of "/workspace/install/custom_msgs_srvs/lib/libcustom_msgs_srvs__rosidl_typesupport_fastrtps_c.so" to ""
[8.367s] -- Up-to-date: /workspace/install/custom_msgs_srvs/include/custom_msgs_srvs/custom_msgs_srvs
[8.367s] -- Up-to-date: /workspace/install/custom_msgs_srvs/include/custom_msgs_srvs/custom_msgs_srvs/srv
[8.367s] -- Up-to-date: /workspace/install/custom_msgs_srvs/include/custom_msgs_srvs/custom_msgs_srvs/srv/detail
[8.367s] -- Installing: /workspace/install/custom_msgs_srvs/include/custom_msgs_srvs/custom_msgs_srvs/srv/detail/continuation_status__type_support.c
[8.367s] -- Installing: /workspace/install/custom_msgs_srvs/include/custom_msgs_srvs/custom_msgs_srvs/srv/detail/light_status__rosidl_typesupport_introspection_c.h
[8.367s] -- Installing: /workspace/install/custom_msgs_srvs/include/custom_msgs_srvs/custom_msgs_srvs/srv/detail/continuation_status__rosidl_typesupport_introspection_c.h
[8.368s] -- Installing: /workspace/install/custom_msgs_srvs/include/custom_msgs_srvs/custom_msgs_srvs/srv/detail/light_status__type_support.c
[8.368s] -- Up-to-date: /workspace/install/custom_msgs_srvs/include/custom_msgs_srvs/custom_msgs_srvs/msg
[8.368s] -- Up-to-date: /workspace/install/custom_msgs_srvs/include/custom_msgs_srvs/custom_msgs_srvs/msg/detail
[8.368s] -- Installing: /workspace/install/custom_msgs_srvs/include/custom_msgs_srvs/custom_msgs_srvs/msg/detail/ir_sensor_data__type_support.c
[8.368s] -- Installing: /workspace/install/custom_msgs_srvs/include/custom_msgs_srvs/custom_msgs_srvs/msg/detail/drive_power__rosidl_typesupport_introspection_c.h
[8.368s] -- Installing: /workspace/install/custom_msgs_srvs/include/custom_msgs_srvs/custom_msgs_srvs/msg/detail/drive_power__type_support.c
[8.368s] -- Installing: /workspace/install/custom_msgs_srvs/include/custom_msgs_srvs/custom_msgs_srvs/msg/detail/ir_sensor_data__rosidl_typesupport_introspection_c.h
[8.369s] -- Installing: /workspace/install/custom_msgs_srvs/include/custom_msgs_srvs/custom_msgs_srvs/msg/rosidl_typesupport_introspection_c__visibility_control.h
[8.369s] -- Installing: /workspace/install/custom_msgs_srvs/lib/libcustom_msgs_srvs__rosidl_typesupport_introspection_c.so
[8.369s] -- Set non-toolchain portion of runtime path of "/workspace/install/custom_msgs_srvs/lib/libcustom_msgs_srvs__rosidl_typesupport_introspection_c.so" to ""
[8.369s] -- Installing: /workspace/install/custom_msgs_srvs/lib/libcustom_msgs_srvs__rosidl_typesupport_c.so
[8.369s] -- Set non-toolchain portion of runtime path of "/workspace/install/custom_msgs_srvs/lib/libcustom_msgs_srvs__rosidl_typesupport_c.so" to ""
[8.369s] -- Up-to-date: /workspace/install/custom_msgs_srvs/include/custom_msgs_srvs/custom_msgs_srvs
[8.369s] -- Up-to-date: /workspace/install/custom_msgs_srvs/include/custom_msgs_srvs/custom_msgs_srvs/srv
[8.370s] -- Up-to-date: /workspace/install/custom_msgs_srvs/include/custom_msgs_srvs/custom_msgs_srvs/srv/detail
[8.370s] -- Installing: /workspace/install/custom_msgs_srvs/include/custom_msgs_srvs/custom_msgs_srvs/srv/detail/continuation_status__traits.hpp
[8.371s] -- Installing: /workspace/install/custom_msgs_srvs/include/custom_msgs_srvs/custom_msgs_srvs/srv/detail/continuation_status__struct.hpp
[8.371s] -- Installing: /workspace/install/custom_msgs_srvs/include/custom_msgs_srvs/custom_msgs_srvs/srv/detail/continuation_status__builder.hpp
[8.371s] -- Installing: /workspace/install/custom_msgs_srvs/include/custom_msgs_srvs/custom_msgs_srvs/srv/detail/light_status__builder.hpp
[8.371s] -- Installing: /workspace/install/custom_msgs_srvs/include/custom_msgs_srvs/custom_msgs_srvs/srv/detail/continuation_status__type_support.hpp
[8.371s] -- Installing: /workspace/install/custom_msgs_srvs/include/custom_msgs_srvs/custom_msgs_srvs/srv/detail/light_status__struct.hpp
[8.371s] -- Installing: /workspace/install/custom_msgs_srvs/include/custom_msgs_srvs/custom_msgs_srvs/srv/detail/light_status__type_support.hpp
[8.372s] -- Installing: /workspace/install/custom_msgs_srvs/include/custom_msgs_srvs/custom_msgs_srvs/srv/detail/light_status__traits.hpp
[8.372s] -- Installing: /workspace/install/custom_msgs_srvs/include/custom_msgs_srvs/custom_msgs_srvs/srv/light_status.hpp
[8.372s] -- Installing: /workspace/install/custom_msgs_srvs/include/custom_msgs_srvs/custom_msgs_srvs/srv/continuation_status.hpp
[8.372s] -- Up-to-date: /workspace/install/custom_msgs_srvs/include/custom_msgs_srvs/custom_msgs_srvs/msg
[8.372s] -- Up-to-date: /workspace/install/custom_msgs_srvs/include/custom_msgs_srvs/custom_msgs_srvs/msg/detail
[8.372s] -- Installing: /workspace/install/custom_msgs_srvs/include/custom_msgs_srvs/custom_msgs_srvs/msg/detail/drive_power__type_support.hpp
[8.372s] -- Installing: /workspace/install/custom_msgs_srvs/include/custom_msgs_srvs/custom_msgs_srvs/msg/detail/drive_power__traits.hpp
[8.373s] -- Installing: /workspace/install/custom_msgs_srvs/include/custom_msgs_srvs/custom_msgs_srvs/msg/detail/ir_sensor_data__traits.hpp
[8.373s] -- Installing: /workspace/install/custom_msgs_srvs/include/custom_msgs_srvs/custom_msgs_srvs/msg/detail/ir_sensor_data__struct.hpp
[8.373s] -- Installing: /workspace/install/custom_msgs_srvs/include/custom_msgs_srvs/custom_msgs_srvs/msg/detail/drive_power__builder.hpp
[8.373s] -- Installing: /workspace/install/custom_msgs_srvs/include/custom_msgs_srvs/custom_msgs_srvs/msg/detail/ir_sensor_data__builder.hpp
[8.373s] -- Installing: /workspace/install/custom_msgs_srvs/include/custom_msgs_srvs/custom_msgs_srvs/msg/detail/drive_power__struct.hpp
[8.373s] -- Installing: /workspace/install/custom_msgs_srvs/include/custom_msgs_srvs/custom_msgs_srvs/msg/detail/ir_sensor_data__type_support.hpp
[8.373s] -- Installing: /workspace/install/custom_msgs_srvs/include/custom_msgs_srvs/custom_msgs_srvs/msg/rosidl_generator_cpp__visibility_control.hpp
[8.373s] -- Installing: /workspace/install/custom_msgs_srvs/include/custom_msgs_srvs/custom_msgs_srvs/msg/drive_power.hpp
[8.373s] -- Installing: /workspace/install/custom_msgs_srvs/include/custom_msgs_srvs/custom_msgs_srvs/msg/ir_sensor_data.hpp
[8.373s] -- Up-to-date: /workspace/install/custom_msgs_srvs/include/custom_msgs_srvs/custom_msgs_srvs
[8.373s] -- Up-to-date: /workspace/install/custom_msgs_srvs/include/custom_msgs_srvs/custom_msgs_srvs/srv
[8.373s] -- Up-to-date: /workspace/install/custom_msgs_srvs/include/custom_msgs_srvs/custom_msgs_srvs/srv/detail
[8.374s] -- Installing: /workspace/install/custom_msgs_srvs/include/custom_msgs_srvs/custom_msgs_srvs/srv/detail/light_status__rosidl_typesupport_fastrtps_cpp.hpp
[8.374s] -- Installing: /workspace/install/custom_msgs_srvs/include/custom_msgs_srvs/custom_msgs_srvs/srv/detail/continuation_status__rosidl_typesupport_fastrtps_cpp.hpp
[8.374s] -- Installing: /workspace/install/custom_msgs_srvs/include/custom_msgs_srvs/custom_msgs_srvs/srv/detail/dds_fastrtps
[8.374s] -- Up-to-date: /workspace/install/custom_msgs_srvs/include/custom_msgs_srvs/custom_msgs_srvs/msg
[8.374s] -- Up-to-date: /workspace/install/custom_msgs_srvs/include/custom_msgs_srvs/custom_msgs_srvs/msg/detail
[8.374s] -- Installing: /workspace/install/custom_msgs_srvs/include/custom_msgs_srvs/custom_msgs_srvs/msg/detail/drive_power__rosidl_typesupport_fastrtps_cpp.hpp
[8.374s] -- Installing: /workspace/install/custom_msgs_srvs/include/custom_msgs_srvs/custom_msgs_srvs/msg/detail/ir_sensor_data__rosidl_typesupport_fastrtps_cpp.hpp
[8.374s] -- Installing: /workspace/install/custom_msgs_srvs/include/custom_msgs_srvs/custom_msgs_srvs/msg/detail/dds_fastrtps
[8.374s] -- Installing: /workspace/install/custom_msgs_srvs/include/custom_msgs_srvs/custom_msgs_srvs/msg/rosidl_typesupport_fastrtps_cpp__visibility_control.h
[8.374s] -- Installing: /workspace/install/custom_msgs_srvs/lib/libcustom_msgs_srvs__rosidl_typesupport_fastrtps_cpp.so
[8.374s] -- Set non-toolchain portion of runtime path of "/workspace/install/custom_msgs_srvs/lib/libcustom_msgs_srvs__rosidl_typesupport_fastrtps_cpp.so" to ""
[8.374s] -- Up-to-date: /workspace/install/custom_msgs_srvs/include/custom_msgs_srvs/custom_msgs_srvs
[8.374s] -- Up-to-date: /workspace/install/custom_msgs_srvs/include/custom_msgs_srvs/custom_msgs_srvs/srv
[8.374s] -- Up-to-date: /workspace/install/custom_msgs_srvs/include/custom_msgs_srvs/custom_msgs_srvs/srv/detail
[8.374s] -- Installing: /workspace/install/custom_msgs_srvs/include/custom_msgs_srvs/custom_msgs_srvs/srv/detail/light_status__rosidl_typesupport_introspection_cpp.hpp
[8.374s] -- Installing: /workspace/install/custom_msgs_srvs/include/custom_msgs_srvs/custom_msgs_srvs/srv/detail/continuation_status__type_support.cpp
[8.375s] -- Installing: /workspace/install/custom_msgs_srvs/include/custom_msgs_srvs/custom_msgs_srvs/srv/detail/light_status__type_support.cpp
[8.375s] -- Installing: /workspace/install/custom_msgs_srvs/include/custom_msgs_srvs/custom_msgs_srvs/srv/detail/continuation_status__rosidl_typesupport_introspection_cpp.hpp
[8.375s] -- Up-to-date: /workspace/install/custom_msgs_srvs/include/custom_msgs_srvs/custom_msgs_srvs/msg
[8.375s] -- Up-to-date: /workspace/install/custom_msgs_srvs/include/custom_msgs_srvs/custom_msgs_srvs/msg/detail
[8.375s] -- Installing: /workspace/install/custom_msgs_srvs/include/custom_msgs_srvs/custom_msgs_srvs/msg/detail/ir_sensor_data__rosidl_typesupport_introspection_cpp.hpp
[8.375s] -- Installing: /workspace/install/custom_msgs_srvs/include/custom_msgs_srvs/custom_msgs_srvs/msg/detail/drive_power__rosidl_typesupport_introspection_cpp.hpp
[8.375s] -- Installing: /workspace/install/custom_msgs_srvs/include/custom_msgs_srvs/custom_msgs_srvs/msg/detail/ir_sensor_data__type_support.cpp
[8.375s] -- Installing: /workspace/install/custom_msgs_srvs/include/custom_msgs_srvs/custom_msgs_srvs/msg/detail/drive_power__type_support.cpp
[8.375s] -- Installing: /workspace/install/custom_msgs_srvs/lib/libcustom_msgs_srvs__rosidl_typesupport_introspection_cpp.so
[8.376s] -- Set non-toolchain portion of runtime path of "/workspace/install/custom_msgs_srvs/lib/libcustom_msgs_srvs__rosidl_typesupport_introspection_cpp.so" to ""
[8.376s] -- Installing: /workspace/install/custom_msgs_srvs/lib/libcustom_msgs_srvs__rosidl_typesupport_cpp.so
[8.376s] -- Set non-toolchain portion of runtime path of "/workspace/install/custom_msgs_srvs/lib/libcustom_msgs_srvs__rosidl_typesupport_cpp.so" to ""
[8.376s] -- Installing: /workspace/install/custom_msgs_srvs/share/custom_msgs_srvs/environment/pythonpath.sh
[8.376s] -- Installing: /workspace/install/custom_msgs_srvs/share/custom_msgs_srvs/environment/pythonpath.dsv
[8.376s] -- Installing: /workspace/install/custom_msgs_srvs/lib/python3.12/site-packages/custom_msgs_srvs-0.0.0-py3.12.egg-info
[8.376s] -- Installing: /workspace/install/custom_msgs_srvs/lib/python3.12/site-packages/custom_msgs_srvs-0.0.0-py3.12.egg-info/top_level.txt
[8.376s] -- Installing: /workspace/install/custom_msgs_srvs/lib/python3.12/site-packages/custom_msgs_srvs-0.0.0-py3.12.egg-info/dependency_links.txt
[8.376s] -- Installing: /workspace/install/custom_msgs_srvs/lib/python3.12/site-packages/custom_msgs_srvs-0.0.0-py3.12.egg-info/SOURCES.txt
[8.377s] -- Installing: /workspace/install/custom_msgs_srvs/lib/python3.12/site-packages/custom_msgs_srvs-0.0.0-py3.12.egg-info/PKG-INFO
[8.377s] -- Installing: /workspace/install/custom_msgs_srvs/lib/python3.12/site-packages/custom_msgs_srvs
[8.377s] -- Installing: /workspace/install/custom_msgs_srvs/lib/python3.12/site-packages/custom_msgs_srvs/__init__.py
[8.377s] -- Installing: /workspace/install/custom_msgs_srvs/lib/python3.12/site-packages/custom_msgs_srvs/_custom_msgs_srvs_s.ep.rosidl_typesupport_c.c
[8.377s] -- Installing: /workspace/install/custom_msgs_srvs/lib/python3.12/site-packages/custom_msgs_srvs/custom_msgs_srvs_s__rosidl_typesupport_c.so
[8.377s] -- Installing: /workspace/install/custom_msgs_srvs/lib/python3.12/site-packages/custom_msgs_srvs/srv
[8.377s] -- Installing: /workspace/install/custom_msgs_srvs/lib/python3.12/site-packages/custom_msgs_srvs/srv/__init__.py
[8.378s] -- Installing: /workspace/install/custom_msgs_srvs/lib/python3.12/site-packages/custom_msgs_srvs/srv/_continuation_status.py
[8.378s] -- Installing: /workspace/install/custom_msgs_srvs/lib/python3.12/site-packages/custom_msgs_srvs/srv/_continuation_status_s.c
[8.378s] -- Installing: /workspace/install/custom_msgs_srvs/lib/python3.12/site-packages/custom_msgs_srvs/srv/_light_status.py
[8.378s] -- Installing: /workspace/install/custom_msgs_srvs/lib/python3.12/site-packages/custom_msgs_srvs/srv/_light_status_s.c
[8.378s] -- Installing: /workspace/install/custom_msgs_srvs/lib/python3.12/site-packages/custom_msgs_srvs/msg
[8.378s] -- Installing: /workspace/install/custom_msgs_srvs/lib/python3.12/site-packages/custom_msgs_srvs/msg/__init__.py
[8.378s] -- Installing: /workspace/install/custom_msgs_srvs/lib/python3.12/site-packages/custom_msgs_srvs/msg/_drive_power.py
[8.378s] -- Installing: /workspace/install/custom_msgs_srvs/lib/python3.12/site-packages/custom_msgs_srvs/msg/_ir_sensor_data_s.c
[8.378s] -- Installing: /workspace/install/custom_msgs_srvs/lib/python3.12/site-packages/custom_msgs_srvs/msg/_drive_power_s.c
[8.378s] -- Installing: /workspace/install/custom_msgs_srvs/lib/python3.12/site-packages/custom_msgs_srvs/msg/_ir_sensor_data.py
[8.378s] -- Installing: /workspace/install/custom_msgs_srvs/lib/python3.12/site-packages/custom_msgs_srvs/custom_msgs_srvs_s__rosidl_typesupport_introspection_c.so
[8.378s] -- Installing: /workspace/install/custom_msgs_srvs/lib/python3.12/site-packages/custom_msgs_srvs/custom_msgs_srvs_s__rosidl_typesupport_fastrtps_c.so
[8.378s] -- Installing: /workspace/install/custom_msgs_srvs/lib/python3.12/site-packages/custom_msgs_srvs/_custom_msgs_srvs_s.ep.rosidl_typesupport_fastrtps_c.c
[8.379s] -- Installing: /workspace/install/custom_msgs_srvs/lib/python3.12/site-packages/custom_msgs_srvs/_custom_msgs_srvs_s.ep.rosidl_typesupport_introspection_c.c
[8.432s] Listing '/workspace/install/custom_msgs_srvs/lib/python3.12/site-packages/custom_msgs_srvs'...
[8.432s] Compiling '/workspace/install/custom_msgs_srvs/lib/python3.12/site-packages/custom_msgs_srvs/__init__.py'...
[8.432s] Listing '/workspace/install/custom_msgs_srvs/lib/python3.12/site-packages/custom_msgs_srvs/msg'...
[8.432s] Compiling '/workspace/install/custom_msgs_srvs/lib/python3.12/site-packages/custom_msgs_srvs/msg/__init__.py'...
[8.432s] Compiling '/workspace/install/custom_msgs_srvs/lib/python3.12/site-packages/custom_msgs_srvs/msg/_drive_power.py'...
[8.432s] Compiling '/workspace/install/custom_msgs_srvs/lib/python3.12/site-packages/custom_msgs_srvs/msg/_ir_sensor_data.py'...
[8.432s] Listing '/workspace/install/custom_msgs_srvs/lib/python3.12/site-packages/custom_msgs_srvs/srv'...
[8.432s] Compiling '/workspace/install/custom_msgs_srvs/lib/python3.12/site-packages/custom_msgs_srvs/srv/__init__.py'...
[8.432s] Compiling '/workspace/install/custom_msgs_srvs/lib/python3.12/site-packages/custom_msgs_srvs/srv/_continuation_status.py'...
[8.433s] Compiling '/workspace/install/custom_msgs_srvs/lib/python3.12/site-packages/custom_msgs_srvs/srv/_light_status.py'...
[8.439s] -- Installing: /workspace/install/custom_msgs_srvs/lib/python3.12/site-packages/custom_msgs_srvs/custom_msgs_srvs_s__rosidl_typesupport_fastrtps_c.so
[8.440s] -- Set non-toolchain portion of runtime path of "/workspace/install/custom_msgs_srvs/lib/python3.12/site-packages/custom_msgs_srvs/custom_msgs_srvs_s__rosidl_typesupport_fastrtps_c.so" to ""
[8.440s] -- Installing: /workspace/install/custom_msgs_srvs/lib/python3.12/site-packages/custom_msgs_srvs/custom_msgs_srvs_s__rosidl_typesupport_introspection_c.so
[8.440s] -- Set non-toolchain portion of runtime path of "/workspace/install/custom_msgs_srvs/lib/python3.12/site-packages/custom_msgs_srvs/custom_msgs_srvs_s__rosidl_typesupport_introspection_c.so" to ""
[8.440s] -- Installing: /workspace/install/custom_msgs_srvs/lib/python3.12/site-packages/custom_msgs_srvs/custom_msgs_srvs_s__rosidl_typesupport_c.so
[8.441s] -- Set non-toolchain portion of runtime path of "/workspace/install/custom_msgs_srvs/lib/python3.12/site-packages/custom_msgs_srvs/custom_msgs_srvs_s__rosidl_typesupport_c.so" to ""
[8.441s] -- Installing: /workspace/install/custom_msgs_srvs/lib/libcustom_msgs_srvs__rosidl_generator_py.so
[8.441s] -- Set non-toolchain portion of runtime path of "/workspace/install/custom_msgs_srvs/lib/libcustom_msgs_srvs__rosidl_generator_py.so" to ""
[8.441s] -- Installing: /workspace/install/custom_msgs_srvs/share/custom_msgs_srvs/msg/DrivePower.idl
[8.441s] -- Installing: /workspace/install/custom_msgs_srvs/share/custom_msgs_srvs/msg/IRSensorData.idl
[8.441s] -- Installing: /workspace/install/custom_msgs_srvs/share/custom_msgs_srvs/srv/ContinuationStatus.idl
[8.442s] -- Installing: /workspace/install/custom_msgs_srvs/share/custom_msgs_srvs/srv/LightStatus.idl
[8.442s] -- Installing: /workspace/install/custom_msgs_srvs/share/custom_msgs_srvs/msg/DrivePower.msg
[8.442s] -- Installing: /workspace/install/custom_msgs_srvs/share/custom_msgs_srvs/msg/IRSensorData.msg
[8.442s] -- Installing: /workspace/install/custom_msgs_srvs/share/custom_msgs_srvs/srv/ContinuationStatus.srv
[8.442s] -- Installing: /workspace/install/custom_msgs_srvs/share/custom_msgs_srvs/srv/LightStatus.srv
[8.442s] -- Installing: /workspace/install/custom_msgs_srvs/share/ament_index/resource_index/package_run_dependencies/custom_msgs_srvs
[8.442s] -- Installing: /workspace/install/custom_msgs_srvs/share/ament_index/resource_index/parent_prefix_path/custom_msgs_srvs
[8.442s] -- Installing: /workspace/install/custom_msgs_srvs/share/custom_msgs_srvs/environment/ament_prefix_path.sh
[8.442s] -- Installing: /workspace/install/custom_msgs_srvs/share/custom_msgs_srvs/environment/ament_prefix_path.dsv
[8.442s] -- Installing: /workspace/install/custom_msgs_srvs/share/custom_msgs_srvs/environment/path.sh
[8.442s] -- Installing: /workspace/install/custom_msgs_srvs/share/custom_msgs_srvs/environment/path.dsv
[8.443s] -- Installing: /workspace/install/custom_msgs_srvs/share/custom_msgs_srvs/local_setup.bash
[8.443s] -- Installing: /workspace/install/custom_msgs_srvs/share/custom_msgs_srvs/local_setup.sh
[8.443s] -- Installing: /workspace/install/custom_msgs_srvs/share/custom_msgs_srvs/local_setup.zsh
[8.443s] -- Installing: /workspace/install/custom_msgs_srvs/share/custom_msgs_srvs/local_setup.dsv
[8.443s] -- Installing: /workspace/install/custom_msgs_srvs/share/custom_msgs_srvs/package.dsv
[8.443s] -- Installing: /workspace/install/custom_msgs_srvs/share/ament_index/resource_index/packages/custom_msgs_srvs
[8.443s] -- Installing: /workspace/install/custom_msgs_srvs/share/custom_msgs_srvs/cmake/export_custom_msgs_srvs__rosidl_generator_cExport.cmake
[8.443s] -- Installing: /workspace/install/custom_msgs_srvs/share/custom_msgs_srvs/cmake/export_custom_msgs_srvs__rosidl_generator_cExport-noconfig.cmake
[8.443s] -- Installing: /workspace/install/custom_msgs_srvs/share/custom_msgs_srvs/cmake/export_custom_msgs_srvs__rosidl_typesupport_fastrtps_cExport.cmake
[8.444s] -- Installing: /workspace/install/custom_msgs_srvs/share/custom_msgs_srvs/cmake/export_custom_msgs_srvs__rosidl_typesupport_fastrtps_cExport-noconfig.cmake
[8.444s] -- Installing: /workspace/install/custom_msgs_srvs/share/custom_msgs_srvs/cmake/custom_msgs_srvs__rosidl_typesupport_introspection_cExport.cmake
[8.444s] -- Installing: /workspace/install/custom_msgs_srvs/share/custom_msgs_srvs/cmake/custom_msgs_srvs__rosidl_typesupport_introspection_cExport-noconfig.cmake
[8.444s] -- Installing: /workspace/install/custom_msgs_srvs/share/custom_msgs_srvs/cmake/custom_msgs_srvs__rosidl_typesupport_cExport.cmake
[8.444s] -- Installing: /workspace/install/custom_msgs_srvs/share/custom_msgs_srvs/cmake/custom_msgs_srvs__rosidl_typesupport_cExport-noconfig.cmake
[8.444s] -- Installing: /workspace/install/custom_msgs_srvs/share/custom_msgs_srvs/cmake/export_custom_msgs_srvs__rosidl_generator_cppExport.cmake
[8.444s] -- Installing: /workspace/install/custom_msgs_srvs/share/custom_msgs_srvs/cmake/export_custom_msgs_srvs__rosidl_typesupport_fastrtps_cppExport.cmake
[8.444s] -- Installing: /workspace/install/custom_msgs_srvs/share/custom_msgs_srvs/cmake/export_custom_msgs_srvs__rosidl_typesupport_fastrtps_cppExport-noconfig.cmake
[8.444s] -- Installing: /workspace/install/custom_msgs_srvs/share/custom_msgs_srvs/cmake/custom_msgs_srvs__rosidl_typesupport_introspection_cppExport.cmake
[8.444s] -- Installing: /workspace/install/custom_msgs_srvs/share/custom_msgs_srvs/cmake/custom_msgs_srvs__rosidl_typesupport_introspection_cppExport-noconfig.cmake
[8.444s] -- Installing: /workspace/install/custom_msgs_srvs/share/custom_msgs_srvs/cmake/custom_msgs_srvs__rosidl_typesupport_cppExport.cmake
[8.445s] -- Installing: /workspace/install/custom_msgs_srvs/share/custom_msgs_srvs/cmake/custom_msgs_srvs__rosidl_typesupport_cppExport-noconfig.cmake
[8.445s] -- Installing: /workspace/install/custom_msgs_srvs/share/custom_msgs_srvs/cmake/export_custom_msgs_srvs__rosidl_generator_pyExport.cmake
[8.445s] -- Installing: /workspace/install/custom_msgs_srvs/share/custom_msgs_srvs/cmake/export_custom_msgs_srvs__rosidl_generator_pyExport-noconfig.cmake
[8.445s] -- Installing: /workspace/install/custom_msgs_srvs/share/custom_msgs_srvs/cmake/rosidl_cmake-extras.cmake
[8.445s] -- Installing: /workspace/install/custom_msgs_srvs/share/custom_msgs_srvs/cmake/ament_cmake_export_dependencies-extras.cmake
[8.445s] -- Installing: /workspace/install/custom_msgs_srvs/share/custom_msgs_srvs/cmake/ament_cmake_export_include_directories-extras.cmake
[8.445s] -- Installing: /workspace/install/custom_msgs_srvs/share/custom_msgs_srvs/cmake/ament_cmake_export_libraries-extras.cmake
[8.445s] -- Installing: /workspace/install/custom_msgs_srvs/share/custom_msgs_srvs/cmake/ament_cmake_export_targets-extras.cmake
[8.445s] -- Installing: /workspace/install/custom_msgs_srvs/share/custom_msgs_srvs/cmake/rosidl_cmake_export_typesupport_targets-extras.cmake
[8.445s] -- Installing: /workspace/install/custom_msgs_srvs/share/custom_msgs_srvs/cmake/rosidl_cmake_export_typesupport_libraries-extras.cmake
[8.446s] -- Installing: /workspace/install/custom_msgs_srvs/share/custom_msgs_srvs/cmake/custom_msgs_srvsConfig.cmake
[8.446s] -- Installing: /workspace/install/custom_msgs_srvs/share/custom_msgs_srvs/cmake/custom_msgs_srvsConfig-version.cmake
[8.446s] -- Installing: /workspace/install/custom_msgs_srvs/share/custom_msgs_srvs/package.xml
[8.448s] Invoked command in '/workspace/build/custom_msgs_srvs' returned '0': CMAKE_PREFIX_PATH=${CMAKE_PREFIX_PATH}:/opt/ros/jazzy /usr/bin/cmake --install /workspace/build/custom_msgs_srvs
