[0.580s] Invoking command in '/workspace/WRPlay/src/move_bot_sub': AMENT_PREFIX_PATH=/workspace/install/custom_msgs_srvs:${AMENT_PREFIX_PATH} CMAKE_PREFIX_PATH=/workspace/install/custom_msgs_srvs:${CMAKE_PREFIX_PATH} LD_LIBRARY_PATH=/workspace/install/custom_msgs_srvs/lib:${LD_LIBRARY_PATH} PYTHONPATH=/workspace/build/move_bot_sub/prefix_override:/usr/lib/python3/dist-packages/colcon_core/task/python/colcon_distutils_commands:/workspace/install/move_bot_sub/lib/python3.12/site-packages:/workspace/install/custom_msgs_srvs/lib/python3.12/site-packages:${PYTHONPATH} /usr/bin/python3 -W ignore:setup.py install is deprecated setup.py egg_info --egg-base ../../../build/move_bot_sub build --build-base /workspace/build/move_bot_sub/build install --record /workspace/build/move_bot_sub/install.log --single-version-externally-managed install_data
[0.732s] running egg_info
[0.741s] writing ../../../build/move_bot_sub/move_bot_sub.egg-info/PKG-INFO
[0.741s] writing dependency_links to ../../../build/move_bot_sub/move_bot_sub.egg-info/dependency_links.txt
[0.741s] writing entry points to ../../../build/move_bot_sub/move_bot_sub.egg-info/entry_points.txt
[0.741s] writing requirements to ../../../build/move_bot_sub/move_bot_sub.egg-info/requires.txt
[0.741s] writing top-level names to ../../../build/move_bot_sub/move_bot_sub.egg-info/top_level.txt
[0.760s] reading manifest file '../../../build/move_bot_sub/move_bot_sub.egg-info/SOURCES.txt'
[0.760s] adding license file 'LICENSE'
[0.760s] writing manifest file '../../../build/move_bot_sub/move_bot_sub.egg-info/SOURCES.txt'
[0.760s] running build
[0.760s] running build_py
[0.760s] running install
[0.765s] running install_lib
[0.774s] running install_data
[0.774s] running install_egg_info
[0.784s] removing '/workspace/install/move_bot_sub/lib/python3.12/site-packages/move_bot_sub-0.0.0-py3.12.egg-info' (and everything under it)
[0.784s] Copying ../../../build/move_bot_sub/move_bot_sub.egg-info to /workspace/install/move_bot_sub/lib/python3.12/site-packages/move_bot_sub-0.0.0-py3.12.egg-info
[0.784s] running install_scripts
[0.853s] Installing talker script to /workspace/install/move_bot_sub/lib/move_bot_sub
[0.853s] writing list of installed files to '/workspace/build/move_bot_sub/install.log'
[0.873s] Invoked command in '/workspace/WRPlay/src/move_bot_sub' returned '0': AMENT_PREFIX_PATH=/workspace/install/custom_msgs_srvs:${AMENT_PREFIX_PATH} CMAKE_PREFIX_PATH=/workspace/install/custom_msgs_srvs:${CMAKE_PREFIX_PATH} LD_LIBRARY_PATH=/workspace/install/custom_msgs_srvs/lib:${LD_LIBRARY_PATH} PYTHONPATH=/workspace/build/move_bot_sub/prefix_override:/usr/lib/python3/dist-packages/colcon_core/task/python/colcon_distutils_commands:/workspace/install/move_bot_sub/lib/python3.12/site-packages:/workspace/install/custom_msgs_srvs/lib/python3.12/site-packages:${PYTHONPATH} /usr/bin/python3 -W ignore:setup.py install is deprecated setup.py egg_info --egg-base ../../../build/move_bot_sub build --build-base /workspace/build/move_bot_sub/build install --record /workspace/build/move_bot_sub/install.log --single-version-externally-managed install_data
