[0.468s] Invoking command in '/workspace/WRPlay/src/wrover_mock': PYTHONPATH=/workspace/build/WRover_Mock/prefix_override:/usr/lib/python3/dist-packages/colcon_core/task/python/colcon_distutils_commands:/workspace/install/WRover_Mock/lib/python3.12/site-packages:${PYTHONPATH} /usr/bin/python3 -W ignore:setup.py install is deprecated setup.py egg_info --egg-base ../../../build/WRover_Mock build --build-base /workspace/build/WRover_Mock/build install --record /workspace/build/WRover_Mock/install.log --single-version-externally-managed install_data
[0.619s] running egg_info
[0.628s] writing ../../../build/WRover_Mock/WRover_Mock.egg-info/PKG-INFO
[0.628s] writing dependency_links to ../../../build/WRover_Mock/WRover_Mock.egg-info/dependency_links.txt
[0.628s] writing entry points to ../../../build/WRover_Mock/WRover_Mock.egg-info/entry_points.txt
[0.628s] writing requirements to ../../../build/WRover_Mock/WRover_Mock.egg-info/requires.txt
[0.628s] writing top-level names to ../../../build/WRover_Mock/WRover_Mock.egg-info/top_level.txt
[0.647s] reading manifest file '../../../build/WRover_Mock/WRover_Mock.egg-info/SOURCES.txt'
[0.647s] adding license file 'LICENSE'
[0.648s] writing manifest file '../../../build/WRover_Mock/WRover_Mock.egg-info/SOURCES.txt'
[0.648s] running build
[0.648s] running build_py
[0.648s] running install
[0.652s] running install_lib
[0.662s] running install_data
[0.662s] running install_egg_info
[0.672s] removing '/workspace/install/WRover_Mock/lib/python3.12/site-packages/WRover_Mock-0.0.0-py3.12.egg-info' (and everything under it)
[0.672s] Copying ../../../build/WRover_Mock/WRover_Mock.egg-info to /workspace/install/WRover_Mock/lib/python3.12/site-packages/WRover_Mock-0.0.0-py3.12.egg-info
[0.672s] running install_scripts
[0.742s] Installing Robot script to /workspace/install/WRover_Mock/lib/WRover_Mock
[0.742s] writing list of installed files to '/workspace/build/WRover_Mock/install.log'
[0.863s] Invoked command in '/workspace/WRPlay/src/wrover_mock' returned '0': PYTHONPATH=/workspace/build/WRover_Mock/prefix_override:/usr/lib/python3/dist-packages/colcon_core/task/python/colcon_distutils_commands:/workspace/install/WRover_Mock/lib/python3.12/site-packages:${PYTHONPATH} /usr/bin/python3 -W ignore:setup.py install is deprecated setup.py egg_info --egg-base ../../../build/WRover_Mock build --build-base /workspace/build/WRover_Mock/build install --record /workspace/build/WRover_Mock/install.log --single-version-externally-managed install_data
