[0.131s] DEBUG:colcon:Command line arguments: ['/usr/bin/colcon', 'build']
[0.131s] DEBUG:colcon:Parsed command line arguments: Namespace(log_base=None, log_level=None, verb_name='build', build_base='build', install_base='install', merge_install=False, symlink_install=False, test_result_base=None, continue_on_error=False, executor='parallel', parallel_workers=16, event_handlers=None, ignore_user_meta=False, metas=['./colcon.meta'], base_paths=['.'], packages_ignore=None, packages_ignore_regex=None, paths=None, packages_up_to=None, packages_up_to_regex=None, packages_above=None, packages_above_and_dependencies=None, packages_above_depth=None, packages_select_by_dep=None, packages_skip_by_dep=None, packages_skip_up_to=None, packages_select_build_failed=False, packages_skip_build_finished=False, packages_select_test_failures=False, packages_skip_test_passed=False, packages_select=None, packages_skip=None, packages_select_regex=None, packages_skip_regex=None, packages_start=None, packages_end=None, cmake_args=None, cmake_target=None, cmake_target_skip_unavailable=False, cmake_clean_cache=False, cmake_clean_first=False, cmake_force_configure=False, ament_cmake_args=None, catkin_cmake_args=None, catkin_skip_building_tests=False, mixin_files=None, mixin=None, verb_parser=<colcon_mixin.mixin.mixin_argument.MixinArgumentDecorator object at 0x7c7c9ff1a570>, verb_extension=<colcon_core.verb.build.BuildVerb object at 0x7c7c9ff19730>, main=<bound method BuildVerb.main of <colcon_core.verb.build.BuildVerb object at 0x7c7c9ff19730>>, mixin_verb=('build',))
[0.166s] Level 1:colcon.colcon_core.package_discovery:discover_packages(colcon_meta) check parameters
[0.167s] INFO:colcon.colcon_metadata.package_discovery.colcon_meta:Using configuration from '/root/.colcon/metadata/default/Gazebo.meta'
[0.167s] INFO:colcon.colcon_metadata.package_discovery.colcon_meta:Using configuration from '/root/.colcon/metadata/default/fastrtps.meta'
[0.167s] Level 1:colcon.colcon_core.package_discovery:discover_packages(recursive) check parameters
[0.167s] Level 1:colcon.colcon_core.package_discovery:discover_packages(ignore) check parameters
[0.167s] Level 1:colcon.colcon_core.package_discovery:discover_packages(path) check parameters
[0.167s] Level 1:colcon.colcon_core.package_discovery:discover_packages(colcon_meta) discover
[0.167s] Level 1:colcon.colcon_core.package_discovery:discover_packages(recursive) discover
[0.167s] INFO:colcon.colcon_core.package_discovery:Crawling recursively for packages in '/workspace'
[0.167s] Level 1:colcon.colcon_core.package_identification:_identify(.) by extensions ['ignore', 'ignore_ament_install']
[0.167s] Level 1:colcon.colcon_core.package_identification:_identify(.) by extension 'ignore'
[0.167s] Level 1:colcon.colcon_core.package_identification:_identify(.) by extension 'ignore_ament_install'
[0.167s] Level 1:colcon.colcon_core.package_identification:_identify(.) by extensions ['colcon_pkg']
[0.167s] Level 1:colcon.colcon_core.package_identification:_identify(.) by extension 'colcon_pkg'
[0.167s] Level 1:colcon.colcon_core.package_identification:_identify(.) by extensions ['colcon_meta']
[0.167s] Level 1:colcon.colcon_core.package_identification:_identify(.) by extension 'colcon_meta'
[0.167s] Level 1:colcon.colcon_core.package_identification:_identify(.) by extensions ['ros']
[0.167s] Level 1:colcon.colcon_core.package_identification:_identify(.) by extension 'ros'
[0.185s] Level 1:colcon.colcon_core.package_identification:_identify(.) by extensions ['cmake', 'python']
[0.185s] Level 1:colcon.colcon_core.package_identification:_identify(.) by extension 'cmake'
[0.185s] Level 1:colcon.colcon_core.package_identification:_identify(.) by extension 'python'
[0.185s] Level 1:colcon.colcon_core.package_identification:_identify(.) by extensions ['python_setup_py']
[0.185s] Level 1:colcon.colcon_core.package_identification:_identify(.) by extension 'python_setup_py'
[0.185s] Level 1:colcon.colcon_core.package_identification:_identify(WRPlay) by extensions ['ignore', 'ignore_ament_install']
[0.185s] Level 1:colcon.colcon_core.package_identification:_identify(WRPlay) by extension 'ignore'
[0.185s] Level 1:colcon.colcon_core.package_identification:_identify(WRPlay) by extension 'ignore_ament_install'
[0.185s] Level 1:colcon.colcon_core.package_identification:_identify(WRPlay) by extensions ['colcon_pkg']
[0.185s] Level 1:colcon.colcon_core.package_identification:_identify(WRPlay) by extension 'colcon_pkg'
[0.185s] Level 1:colcon.colcon_core.package_identification:_identify(WRPlay) by extensions ['colcon_meta']
[0.185s] Level 1:colcon.colcon_core.package_identification:_identify(WRPlay) by extension 'colcon_meta'
[0.186s] Level 1:colcon.colcon_core.package_identification:_identify(WRPlay) by extensions ['ros']
[0.186s] Level 1:colcon.colcon_core.package_identification:_identify(WRPlay) by extension 'ros'
[0.186s] Level 1:colcon.colcon_core.package_identification:_identify(WRPlay) by extensions ['cmake', 'python']
[0.186s] Level 1:colcon.colcon_core.package_identification:_identify(WRPlay) by extension 'cmake'
[0.186s] Level 1:colcon.colcon_core.package_identification:_identify(WRPlay) by extension 'python'
[0.186s] Level 1:colcon.colcon_core.package_identification:_identify(WRPlay) by extensions ['python_setup_py']
[0.186s] Level 1:colcon.colcon_core.package_identification:_identify(WRPlay) by extension 'python_setup_py'
[0.186s] Level 1:colcon.colcon_core.package_identification:_identify(WRPlay/build) by extensions ['ignore', 'ignore_ament_install']
[0.186s] Level 1:colcon.colcon_core.package_identification:_identify(WRPlay/build) by extension 'ignore'
[0.186s] Level 1:colcon.colcon_core.package_identification:_identify(WRPlay/build) ignored
[0.186s] Level 1:colcon.colcon_core.package_identification:_identify(WRPlay/install) by extensions ['ignore', 'ignore_ament_install']
[0.186s] Level 1:colcon.colcon_core.package_identification:_identify(WRPlay/install) by extension 'ignore'
[0.186s] Level 1:colcon.colcon_core.package_identification:_identify(WRPlay/install) ignored
[0.186s] Level 1:colcon.colcon_core.package_identification:_identify(WRPlay/log) by extensions ['ignore', 'ignore_ament_install']
[0.186s] Level 1:colcon.colcon_core.package_identification:_identify(WRPlay/log) by extension 'ignore'
[0.186s] Level 1:colcon.colcon_core.package_identification:_identify(WRPlay/log) ignored
[0.186s] Level 1:colcon.colcon_core.package_identification:_identify(WRPlay/src) by extensions ['ignore', 'ignore_ament_install']
[0.186s] Level 1:colcon.colcon_core.package_identification:_identify(WRPlay/src) by extension 'ignore'
[0.186s] Level 1:colcon.colcon_core.package_identification:_identify(WRPlay/src) by extension 'ignore_ament_install'
[0.186s] Level 1:colcon.colcon_core.package_identification:_identify(WRPlay/src) by extensions ['colcon_pkg']
[0.186s] Level 1:colcon.colcon_core.package_identification:_identify(WRPlay/src) by extension 'colcon_pkg'
[0.186s] Level 1:colcon.colcon_core.package_identification:_identify(WRPlay/src) by extensions ['colcon_meta']
[0.186s] Level 1:colcon.colcon_core.package_identification:_identify(WRPlay/src) by extension 'colcon_meta'
[0.186s] Level 1:colcon.colcon_core.package_identification:_identify(WRPlay/src) by extensions ['ros']
[0.186s] Level 1:colcon.colcon_core.package_identification:_identify(WRPlay/src) by extension 'ros'
[0.186s] Level 1:colcon.colcon_core.package_identification:_identify(WRPlay/src) by extensions ['cmake', 'python']
[0.186s] Level 1:colcon.colcon_core.package_identification:_identify(WRPlay/src) by extension 'cmake'
[0.186s] Level 1:colcon.colcon_core.package_identification:_identify(WRPlay/src) by extension 'python'
[0.186s] Level 1:colcon.colcon_core.package_identification:_identify(WRPlay/src) by extensions ['python_setup_py']
[0.186s] Level 1:colcon.colcon_core.package_identification:_identify(WRPlay/src) by extension 'python_setup_py'
[0.186s] Level 1:colcon.colcon_core.package_identification:_identify(WRPlay/src/custom_msgs_srvs) by extensions ['ignore', 'ignore_ament_install']
[0.186s] Level 1:colcon.colcon_core.package_identification:_identify(WRPlay/src/custom_msgs_srvs) by extension 'ignore'
[0.186s] Level 1:colcon.colcon_core.package_identification:_identify(WRPlay/src/custom_msgs_srvs) by extension 'ignore_ament_install'
[0.186s] Level 1:colcon.colcon_core.package_identification:_identify(WRPlay/src/custom_msgs_srvs) by extensions ['colcon_pkg']
[0.186s] Level 1:colcon.colcon_core.package_identification:_identify(WRPlay/src/custom_msgs_srvs) by extension 'colcon_pkg'
[0.186s] Level 1:colcon.colcon_core.package_identification:_identify(WRPlay/src/custom_msgs_srvs) by extensions ['colcon_meta']
[0.186s] Level 1:colcon.colcon_core.package_identification:_identify(WRPlay/src/custom_msgs_srvs) by extension 'colcon_meta'
[0.186s] Level 1:colcon.colcon_core.package_identification:_identify(WRPlay/src/custom_msgs_srvs) by extensions ['ros']
[0.186s] Level 1:colcon.colcon_core.package_identification:_identify(WRPlay/src/custom_msgs_srvs) by extension 'ros'
[0.188s] DEBUG:colcon.colcon_core.package_identification:Package 'WRPlay/src/custom_msgs_srvs' with type 'ros.ament_cmake' and name 'custom_msgs_srvs'
[0.188s] Level 1:colcon.colcon_core.package_identification:_identify(WRPlay/src/move_bot_sub) by extensions ['ignore', 'ignore_ament_install']
[0.188s] Level 1:colcon.colcon_core.package_identification:_identify(WRPlay/src/move_bot_sub) by extension 'ignore'
[0.188s] Level 1:colcon.colcon_core.package_identification:_identify(WRPlay/src/move_bot_sub) by extension 'ignore_ament_install'
[0.188s] Level 1:colcon.colcon_core.package_identification:_identify(WRPlay/src/move_bot_sub) by extensions ['colcon_pkg']
[0.188s] Level 1:colcon.colcon_core.package_identification:_identify(WRPlay/src/move_bot_sub) by extension 'colcon_pkg'
[0.188s] Level 1:colcon.colcon_core.package_identification:_identify(WRPlay/src/move_bot_sub) by extensions ['colcon_meta']
[0.188s] Level 1:colcon.colcon_core.package_identification:_identify(WRPlay/src/move_bot_sub) by extension 'colcon_meta'
[0.188s] Level 1:colcon.colcon_core.package_identification:_identify(WRPlay/src/move_bot_sub) by extensions ['ros']
[0.188s] Level 1:colcon.colcon_core.package_identification:_identify(WRPlay/src/move_bot_sub) by extension 'ros'
[0.189s] DEBUG:colcon.colcon_core.package_identification:Package 'WRPlay/src/move_bot_sub' with type 'ros.ament_python' and name 'move_bot_sub'
[0.189s] Level 1:colcon.colcon_core.package_identification:_identify(WRPlay/src/robot_sim_gui) by extensions ['ignore', 'ignore_ament_install']
[0.189s] Level 1:colcon.colcon_core.package_identification:_identify(WRPlay/src/robot_sim_gui) by extension 'ignore'
[0.189s] Level 1:colcon.colcon_core.package_identification:_identify(WRPlay/src/robot_sim_gui) by extension 'ignore_ament_install'
[0.189s] Level 1:colcon.colcon_core.package_identification:_identify(WRPlay/src/robot_sim_gui) by extensions ['colcon_pkg']
[0.189s] Level 1:colcon.colcon_core.package_identification:_identify(WRPlay/src/robot_sim_gui) by extension 'colcon_pkg'
[0.189s] Level 1:colcon.colcon_core.package_identification:_identify(WRPlay/src/robot_sim_gui) by extensions ['colcon_meta']
[0.189s] Level 1:colcon.colcon_core.package_identification:_identify(WRPlay/src/robot_sim_gui) by extension 'colcon_meta'
[0.189s] Level 1:colcon.colcon_core.package_identification:_identify(WRPlay/src/robot_sim_gui) by extensions ['ros']
[0.189s] Level 1:colcon.colcon_core.package_identification:_identify(WRPlay/src/robot_sim_gui) by extension 'ros'
[0.189s] DEBUG:colcon.colcon_core.package_identification:Package 'WRPlay/src/robot_sim_gui' with type 'ros.ament_python' and name 'robot_sim_gui'
[0.189s] Level 1:colcon.colcon_core.package_identification:_identify(WRPlay/src/wrover_mock) by extensions ['ignore', 'ignore_ament_install']
[0.189s] Level 1:colcon.colcon_core.package_identification:_identify(WRPlay/src/wrover_mock) by extension 'ignore'
[0.189s] Level 1:colcon.colcon_core.package_identification:_identify(WRPlay/src/wrover_mock) by extension 'ignore_ament_install'
[0.189s] Level 1:colcon.colcon_core.package_identification:_identify(WRPlay/src/wrover_mock) by extensions ['colcon_pkg']
[0.189s] Level 1:colcon.colcon_core.package_identification:_identify(WRPlay/src/wrover_mock) by extension 'colcon_pkg'
[0.189s] Level 1:colcon.colcon_core.package_identification:_identify(WRPlay/src/wrover_mock) by extensions ['colcon_meta']
[0.189s] Level 1:colcon.colcon_core.package_identification:_identify(WRPlay/src/wrover_mock) by extension 'colcon_meta'
[0.189s] Level 1:colcon.colcon_core.package_identification:_identify(WRPlay/src/wrover_mock) by extensions ['ros']
[0.189s] Level 1:colcon.colcon_core.package_identification:_identify(WRPlay/src/wrover_mock) by extension 'ros'
[0.190s] DEBUG:colcon.colcon_core.package_identification:Package 'WRPlay/src/wrover_mock' with type 'ros.ament_python' and name 'WRover_Mock'
[0.190s] Level 1:colcon.colcon_core.package_identification:_identify(build) by extensions ['ignore', 'ignore_ament_install']
[0.190s] Level 1:colcon.colcon_core.package_identification:_identify(build) by extension 'ignore'
[0.190s] Level 1:colcon.colcon_core.package_identification:_identify(build) ignored
[0.190s] Level 1:colcon.colcon_core.package_identification:_identify(install) by extensions ['ignore', 'ignore_ament_install']
[0.190s] Level 1:colcon.colcon_core.package_identification:_identify(install) by extension 'ignore'
[0.190s] Level 1:colcon.colcon_core.package_identification:_identify(install) ignored
[0.190s] Level 1:colcon.colcon_core.package_identification:_identify(log) by extensions ['ignore', 'ignore_ament_install']
[0.190s] Level 1:colcon.colcon_core.package_identification:_identify(log) by extension 'ignore'
[0.190s] Level 1:colcon.colcon_core.package_identification:_identify(log) ignored
[0.190s] Level 1:colcon.colcon_core.package_discovery:discover_packages(recursive) using defaults
[0.190s] Level 1:colcon.colcon_core.package_discovery:discover_packages(ignore) discover
[0.190s] Level 1:colcon.colcon_core.package_discovery:discover_packages(ignore) using defaults
[0.190s] Level 1:colcon.colcon_core.package_discovery:discover_packages(path) discover
[0.190s] Level 1:colcon.colcon_core.package_discovery:discover_packages(path) using defaults
[0.204s] Level 5:colcon.colcon_core.verb:set package 'WRover_Mock' build argument 'cmake_args' from command line to 'None'
[0.204s] Level 5:colcon.colcon_core.verb:set package 'WRover_Mock' build argument 'cmake_target' from command line to 'None'
[0.204s] Level 5:colcon.colcon_core.verb:set package 'WRover_Mock' build argument 'cmake_target_skip_unavailable' from command line to 'False'
[0.204s] Level 5:colcon.colcon_core.verb:set package 'WRover_Mock' build argument 'cmake_clean_cache' from command line to 'False'
[0.204s] Level 5:colcon.colcon_core.verb:set package 'WRover_Mock' build argument 'cmake_clean_first' from command line to 'False'
[0.204s] Level 5:colcon.colcon_core.verb:set package 'WRover_Mock' build argument 'cmake_force_configure' from command line to 'False'
[0.204s] Level 5:colcon.colcon_core.verb:set package 'WRover_Mock' build argument 'ament_cmake_args' from command line to 'None'
[0.204s] Level 5:colcon.colcon_core.verb:set package 'WRover_Mock' build argument 'catkin_cmake_args' from command line to 'None'
[0.204s] Level 5:colcon.colcon_core.verb:set package 'WRover_Mock' build argument 'catkin_skip_building_tests' from command line to 'False'
[0.204s] DEBUG:colcon.colcon_core.verb:Building package 'WRover_Mock' with the following arguments: {'ament_cmake_args': None, 'build_base': '/workspace/build/WRover_Mock', 'catkin_cmake_args': None, 'catkin_skip_building_tests': False, 'cmake_args': None, 'cmake_clean_cache': False, 'cmake_clean_first': False, 'cmake_force_configure': False, 'cmake_target': None, 'cmake_target_skip_unavailable': False, 'install_base': '/workspace/install/WRover_Mock', 'merge_install': False, 'path': '/workspace/WRPlay/src/wrover_mock', 'symlink_install': False, 'test_result_base': None}
[0.204s] Level 5:colcon.colcon_core.verb:set package 'custom_msgs_srvs' build argument 'cmake_args' from command line to 'None'
[0.204s] Level 5:colcon.colcon_core.verb:set package 'custom_msgs_srvs' build argument 'cmake_target' from command line to 'None'
[0.204s] Level 5:colcon.colcon_core.verb:set package 'custom_msgs_srvs' build argument 'cmake_target_skip_unavailable' from command line to 'False'
[0.204s] Level 5:colcon.colcon_core.verb:set package 'custom_msgs_srvs' build argument 'cmake_clean_cache' from command line to 'False'
[0.204s] Level 5:colcon.colcon_core.verb:set package 'custom_msgs_srvs' build argument 'cmake_clean_first' from command line to 'False'
[0.204s] Level 5:colcon.colcon_core.verb:set package 'custom_msgs_srvs' build argument 'cmake_force_configure' from command line to 'False'
[0.204s] Level 5:colcon.colcon_core.verb:set package 'custom_msgs_srvs' build argument 'ament_cmake_args' from command line to 'None'
[0.204s] Level 5:colcon.colcon_core.verb:set package 'custom_msgs_srvs' build argument 'catkin_cmake_args' from command line to 'None'
[0.204s] Level 5:colcon.colcon_core.verb:set package 'custom_msgs_srvs' build argument 'catkin_skip_building_tests' from command line to 'False'
[0.204s] DEBUG:colcon.colcon_core.verb:Building package 'custom_msgs_srvs' with the following arguments: {'ament_cmake_args': None, 'build_base': '/workspace/build/custom_msgs_srvs', 'catkin_cmake_args': None, 'catkin_skip_building_tests': False, 'cmake_args': None, 'cmake_clean_cache': False, 'cmake_clean_first': False, 'cmake_force_configure': False, 'cmake_target': None, 'cmake_target_skip_unavailable': False, 'install_base': '/workspace/install/custom_msgs_srvs', 'merge_install': False, 'path': '/workspace/WRPlay/src/custom_msgs_srvs', 'symlink_install': False, 'test_result_base': None}
[0.204s] Level 5:colcon.colcon_core.verb:set package 'move_bot_sub' build argument 'cmake_args' from command line to 'None'
[0.204s] Level 5:colcon.colcon_core.verb:set package 'move_bot_sub' build argument 'cmake_target' from command line to 'None'
[0.204s] Level 5:colcon.colcon_core.verb:set package 'move_bot_sub' build argument 'cmake_target_skip_unavailable' from command line to 'False'
[0.204s] Level 5:colcon.colcon_core.verb:set package 'move_bot_sub' build argument 'cmake_clean_cache' from command line to 'False'
[0.204s] Level 5:colcon.colcon_core.verb:set package 'move_bot_sub' build argument 'cmake_clean_first' from command line to 'False'
[0.204s] Level 5:colcon.colcon_core.verb:set package 'move_bot_sub' build argument 'cmake_force_configure' from command line to 'False'
[0.204s] Level 5:colcon.colcon_core.verb:set package 'move_bot_sub' build argument 'ament_cmake_args' from command line to 'None'
[0.205s] Level 5:colcon.colcon_core.verb:set package 'move_bot_sub' build argument 'catkin_cmake_args' from command line to 'None'
[0.205s] Level 5:colcon.colcon_core.verb:set package 'move_bot_sub' build argument 'catkin_skip_building_tests' from command line to 'False'
[0.205s] DEBUG:colcon.colcon_core.verb:Building package 'move_bot_sub' with the following arguments: {'ament_cmake_args': None, 'build_base': '/workspace/build/move_bot_sub', 'catkin_cmake_args': None, 'catkin_skip_building_tests': False, 'cmake_args': None, 'cmake_clean_cache': False, 'cmake_clean_first': False, 'cmake_force_configure': False, 'cmake_target': None, 'cmake_target_skip_unavailable': False, 'install_base': '/workspace/install/move_bot_sub', 'merge_install': False, 'path': '/workspace/WRPlay/src/move_bot_sub', 'symlink_install': False, 'test_result_base': None}
[0.205s] Level 5:colcon.colcon_core.verb:set package 'robot_sim_gui' build argument 'cmake_args' from command line to 'None'
[0.205s] Level 5:colcon.colcon_core.verb:set package 'robot_sim_gui' build argument 'cmake_target' from command line to 'None'
[0.205s] Level 5:colcon.colcon_core.verb:set package 'robot_sim_gui' build argument 'cmake_target_skip_unavailable' from command line to 'False'
[0.205s] Level 5:colcon.colcon_core.verb:set package 'robot_sim_gui' build argument 'cmake_clean_cache' from command line to 'False'
[0.205s] Level 5:colcon.colcon_core.verb:set package 'robot_sim_gui' build argument 'cmake_clean_first' from command line to 'False'
[0.205s] Level 5:colcon.colcon_core.verb:set package 'robot_sim_gui' build argument 'cmake_force_configure' from command line to 'False'
[0.205s] Level 5:colcon.colcon_core.verb:set package 'robot_sim_gui' build argument 'ament_cmake_args' from command line to 'None'
[0.205s] Level 5:colcon.colcon_core.verb:set package 'robot_sim_gui' build argument 'catkin_cmake_args' from command line to 'None'
[0.205s] Level 5:colcon.colcon_core.verb:set package 'robot_sim_gui' build argument 'catkin_skip_building_tests' from command line to 'False'
[0.205s] DEBUG:colcon.colcon_core.verb:Building package 'robot_sim_gui' with the following arguments: {'ament_cmake_args': None, 'build_base': '/workspace/build/robot_sim_gui', 'catkin_cmake_args': None, 'catkin_skip_building_tests': False, 'cmake_args': None, 'cmake_clean_cache': False, 'cmake_clean_first': False, 'cmake_force_configure': False, 'cmake_target': None, 'cmake_target_skip_unavailable': False, 'install_base': '/workspace/install/robot_sim_gui', 'merge_install': False, 'path': '/workspace/WRPlay/src/robot_sim_gui', 'symlink_install': False, 'test_result_base': None}
[0.205s] INFO:colcon.colcon_core.executor:Executing jobs using 'parallel' executor
[0.205s] DEBUG:colcon.colcon_parallel_executor.executor.parallel:run_until_complete
[0.206s] INFO:colcon.colcon_ros.task.ament_cmake.build:Building ROS package in '/workspace/WRPlay/src/custom_msgs_srvs' with build type 'ament_cmake'
[0.206s] INFO:colcon.colcon_cmake.task.cmake.build:Building CMake package in '/workspace/WRPlay/src/custom_msgs_srvs'
[0.209s] INFO:colcon.colcon_core.plugin_system:Skipping extension 'colcon_core.shell.bat': Not used on non-Windows systems
[0.209s] INFO:colcon.colcon_core.shell:Skip shell extension 'powershell' for command environment: Not usable outside of PowerShell
[0.209s] DEBUG:colcon.colcon_core.shell:Skip shell extension 'dsv' for command environment
[0.212s] INFO:colcon.colcon_ros.task.ament_python.build:Building ROS package in '/workspace/WRPlay/src/wrover_mock' with build type 'ament_python'
[0.212s] Level 1:colcon.colcon_core.shell:create_environment_hook('WRover_Mock', 'ament_prefix_path')
[0.212s] INFO:colcon.colcon_core.shell:Creating environment hook '/workspace/install/WRover_Mock/share/WRover_Mock/hook/ament_prefix_path.ps1'
[0.213s] INFO:colcon.colcon_core.shell:Creating environment descriptor '/workspace/install/WRover_Mock/share/WRover_Mock/hook/ament_prefix_path.dsv'
[0.214s] INFO:colcon.colcon_core.shell:Creating environment hook '/workspace/install/WRover_Mock/share/WRover_Mock/hook/ament_prefix_path.sh'
[0.214s] INFO:colcon.colcon_core.shell:Skip shell extension 'powershell' for command environment: Not usable outside of PowerShell
[0.214s] DEBUG:colcon.colcon_core.shell:Skip shell extension 'dsv' for command environment
[0.218s] DEBUG:colcon.colcon_core.event_handler.log_command:Invoking command in '/workspace/build/custom_msgs_srvs': CMAKE_PREFIX_PATH=${CMAKE_PREFIX_PATH}:/opt/ros/jazzy /usr/bin/cmake --build /workspace/build/custom_msgs_srvs -- -j16 -l16
[0.329s] INFO:colcon.colcon_core.task.python.build:Building Python package in '/workspace/WRPlay/src/wrover_mock'
[0.330s] INFO:colcon.colcon_core.shell:Skip shell extension 'powershell' for command environment: Not usable outside of PowerShell
[0.330s] DEBUG:colcon.colcon_core.shell:Skip shell extension 'dsv' for command environment
[0.498s] DEBUG:colcon.colcon_core.event_handler.log_command:Invoked command in '/workspace/build/custom_msgs_srvs' returned '0': CMAKE_PREFIX_PATH=${CMAKE_PREFIX_PATH}:/opt/ros/jazzy /usr/bin/cmake --build /workspace/build/custom_msgs_srvs -- -j16 -l16
[0.623s] DEBUG:colcon.colcon_core.event_handler.log_command:Invoking command in '/workspace/build/custom_msgs_srvs': CMAKE_PREFIX_PATH=${CMAKE_PREFIX_PATH}:/opt/ros/jazzy /usr/bin/cmake --install /workspace/build/custom_msgs_srvs
[0.669s] Level 1:colcon.colcon_core.environment:create_environment_scripts_only(custom_msgs_srvs)
[0.671s] DEBUG:colcon.colcon_core.event_handler.log_command:Invoked command in '/workspace/build/custom_msgs_srvs' returned '0': CMAKE_PREFIX_PATH=${CMAKE_PREFIX_PATH}:/opt/ros/jazzy /usr/bin/cmake --install /workspace/build/custom_msgs_srvs
[0.673s] Level 1:colcon.colcon_core.environment:checking '/workspace/install/custom_msgs_srvs' for CMake module files
[0.674s] Level 1:colcon.colcon_core.environment:checking '/workspace/install/custom_msgs_srvs' for CMake config files
[0.674s] Level 1:colcon.colcon_core.shell:create_environment_hook('custom_msgs_srvs', 'cmake_prefix_path')
[0.674s] INFO:colcon.colcon_core.shell:Creating environment hook '/workspace/install/custom_msgs_srvs/share/custom_msgs_srvs/hook/cmake_prefix_path.ps1'
[0.674s] INFO:colcon.colcon_core.shell:Creating environment descriptor '/workspace/install/custom_msgs_srvs/share/custom_msgs_srvs/hook/cmake_prefix_path.dsv'
[0.674s] INFO:colcon.colcon_core.shell:Creating environment hook '/workspace/install/custom_msgs_srvs/share/custom_msgs_srvs/hook/cmake_prefix_path.sh'
[0.675s] Level 1:colcon.colcon_core.environment:checking '/workspace/install/custom_msgs_srvs/lib'
[0.675s] Level 1:colcon.colcon_core.shell:create_environment_hook('custom_msgs_srvs', 'ld_library_path_lib')
[0.675s] INFO:colcon.colcon_core.shell:Creating environment hook '/workspace/install/custom_msgs_srvs/share/custom_msgs_srvs/hook/ld_library_path_lib.ps1'
[0.675s] INFO:colcon.colcon_core.shell:Creating environment descriptor '/workspace/install/custom_msgs_srvs/share/custom_msgs_srvs/hook/ld_library_path_lib.dsv'
[0.675s] INFO:colcon.colcon_core.shell:Creating environment hook '/workspace/install/custom_msgs_srvs/share/custom_msgs_srvs/hook/ld_library_path_lib.sh'
[0.675s] Level 1:colcon.colcon_core.environment:checking '/workspace/install/custom_msgs_srvs/bin'
[0.676s] Level 1:colcon.colcon_core.environment:checking '/workspace/install/custom_msgs_srvs/lib/pkgconfig/custom_msgs_srvs.pc'
[0.676s] Level 1:colcon.colcon_core.environment:checking '/workspace/install/custom_msgs_srvs/lib/python3.12/site-packages'
[0.676s] Level 1:colcon.colcon_core.shell:create_environment_hook('custom_msgs_srvs', 'pythonpath')
[0.676s] INFO:colcon.colcon_core.shell:Creating environment hook '/workspace/install/custom_msgs_srvs/share/custom_msgs_srvs/hook/pythonpath.ps1'
[0.676s] INFO:colcon.colcon_core.shell:Creating environment descriptor '/workspace/install/custom_msgs_srvs/share/custom_msgs_srvs/hook/pythonpath.dsv'
[0.676s] INFO:colcon.colcon_core.shell:Creating environment hook '/workspace/install/custom_msgs_srvs/share/custom_msgs_srvs/hook/pythonpath.sh'
[0.676s] Level 1:colcon.colcon_core.environment:checking '/workspace/install/custom_msgs_srvs/bin'
[0.676s] INFO:colcon.colcon_core.shell:Creating package script '/workspace/install/custom_msgs_srvs/share/custom_msgs_srvs/package.ps1'
[0.677s] INFO:colcon.colcon_core.shell:Creating package descriptor '/workspace/install/custom_msgs_srvs/share/custom_msgs_srvs/package.dsv'
[0.677s] INFO:colcon.colcon_core.shell:Creating package script '/workspace/install/custom_msgs_srvs/share/custom_msgs_srvs/package.sh'
[0.678s] INFO:colcon.colcon_core.shell:Creating package script '/workspace/install/custom_msgs_srvs/share/custom_msgs_srvs/package.bash'
[0.678s] INFO:colcon.colcon_core.shell:Creating package script '/workspace/install/custom_msgs_srvs/share/custom_msgs_srvs/package.zsh'
[0.678s] Level 1:colcon.colcon_core.environment:create_file_with_runtime_dependencies(/workspace/install/custom_msgs_srvs/share/colcon-core/packages/custom_msgs_srvs)
[0.680s] DEBUG:colcon.colcon_core.event_handler.log_command:Invoking command in '/workspace/WRPlay/src/wrover_mock': PYTHONPATH=/workspace/build/WRover_Mock/prefix_override:/usr/lib/python3/dist-packages/colcon_core/task/python/colcon_distutils_commands:/workspace/install/WRover_Mock/lib/python3.12/site-packages:${PYTHONPATH} /usr/bin/python3 -W ignore:setup.py install is deprecated setup.py egg_info --egg-base ../../../build/WRover_Mock build --build-base /workspace/build/WRover_Mock/build install --record /workspace/build/WRover_Mock/install.log --single-version-externally-managed install_data
[0.800s] Level 1:colcon.colcon_core.environment:create_environment_scripts_only(custom_msgs_srvs)
[0.801s] Level 1:colcon.colcon_core.environment:checking '/workspace/install/custom_msgs_srvs' for CMake module files
[0.801s] Level 1:colcon.colcon_core.environment:checking '/workspace/install/custom_msgs_srvs' for CMake config files
[0.802s] Level 1:colcon.colcon_core.shell:create_environment_hook('custom_msgs_srvs', 'cmake_prefix_path')
[0.802s] INFO:colcon.colcon_core.shell:Creating environment hook '/workspace/install/custom_msgs_srvs/share/custom_msgs_srvs/hook/cmake_prefix_path.ps1'
[0.802s] INFO:colcon.colcon_core.shell:Creating environment descriptor '/workspace/install/custom_msgs_srvs/share/custom_msgs_srvs/hook/cmake_prefix_path.dsv'
[0.802s] INFO:colcon.colcon_core.shell:Creating environment hook '/workspace/install/custom_msgs_srvs/share/custom_msgs_srvs/hook/cmake_prefix_path.sh'
[0.803s] Level 1:colcon.colcon_core.environment:checking '/workspace/install/custom_msgs_srvs/lib'
[0.803s] Level 1:colcon.colcon_core.shell:create_environment_hook('custom_msgs_srvs', 'ld_library_path_lib')
[0.803s] INFO:colcon.colcon_core.shell:Creating environment hook '/workspace/install/custom_msgs_srvs/share/custom_msgs_srvs/hook/ld_library_path_lib.ps1'
[0.803s] INFO:colcon.colcon_core.shell:Creating environment descriptor '/workspace/install/custom_msgs_srvs/share/custom_msgs_srvs/hook/ld_library_path_lib.dsv'
[0.803s] INFO:colcon.colcon_core.shell:Creating environment hook '/workspace/install/custom_msgs_srvs/share/custom_msgs_srvs/hook/ld_library_path_lib.sh'
[0.804s] Level 1:colcon.colcon_core.environment:checking '/workspace/install/custom_msgs_srvs/bin'
[0.804s] Level 1:colcon.colcon_core.environment:checking '/workspace/install/custom_msgs_srvs/lib/pkgconfig/custom_msgs_srvs.pc'
[0.804s] Level 1:colcon.colcon_core.environment:checking '/workspace/install/custom_msgs_srvs/lib/python3.12/site-packages'
[0.804s] Level 1:colcon.colcon_core.shell:create_environment_hook('custom_msgs_srvs', 'pythonpath')
[0.804s] INFO:colcon.colcon_core.shell:Creating environment hook '/workspace/install/custom_msgs_srvs/share/custom_msgs_srvs/hook/pythonpath.ps1'
[0.804s] INFO:colcon.colcon_core.shell:Creating environment descriptor '/workspace/install/custom_msgs_srvs/share/custom_msgs_srvs/hook/pythonpath.dsv'
[0.804s] INFO:colcon.colcon_core.shell:Creating environment hook '/workspace/install/custom_msgs_srvs/share/custom_msgs_srvs/hook/pythonpath.sh'
[0.805s] Level 1:colcon.colcon_core.environment:checking '/workspace/install/custom_msgs_srvs/bin'
[0.805s] INFO:colcon.colcon_core.shell:Creating package script '/workspace/install/custom_msgs_srvs/share/custom_msgs_srvs/package.ps1'
[0.805s] INFO:colcon.colcon_core.shell:Creating package descriptor '/workspace/install/custom_msgs_srvs/share/custom_msgs_srvs/package.dsv'
[0.805s] INFO:colcon.colcon_core.shell:Creating package script '/workspace/install/custom_msgs_srvs/share/custom_msgs_srvs/package.sh'
[0.806s] INFO:colcon.colcon_core.shell:Creating package script '/workspace/install/custom_msgs_srvs/share/custom_msgs_srvs/package.bash'
[0.806s] INFO:colcon.colcon_core.shell:Creating package script '/workspace/install/custom_msgs_srvs/share/custom_msgs_srvs/package.zsh'
[0.806s] Level 1:colcon.colcon_core.environment:create_file_with_runtime_dependencies(/workspace/install/custom_msgs_srvs/share/colcon-core/packages/custom_msgs_srvs)
[0.806s] INFO:colcon.colcon_ros.task.ament_python.build:Building ROS package in '/workspace/WRPlay/src/move_bot_sub' with build type 'ament_python'
[0.807s] Level 1:colcon.colcon_core.shell:create_environment_hook('move_bot_sub', 'ament_prefix_path')
[0.807s] INFO:colcon.colcon_core.shell:Creating environment hook '/workspace/install/move_bot_sub/share/move_bot_sub/hook/ament_prefix_path.ps1'
[0.807s] INFO:colcon.colcon_core.shell:Creating environment descriptor '/workspace/install/move_bot_sub/share/move_bot_sub/hook/ament_prefix_path.dsv'
[0.807s] INFO:colcon.colcon_core.shell:Creating environment hook '/workspace/install/move_bot_sub/share/move_bot_sub/hook/ament_prefix_path.sh'
[0.808s] INFO:colcon.colcon_core.shell:Skip shell extension 'powershell' for command environment: Not usable outside of PowerShell
[0.808s] DEBUG:colcon.colcon_core.shell:Skip shell extension 'dsv' for command environment
[0.809s] INFO:colcon.colcon_ros.task.ament_python.build:Building ROS package in '/workspace/WRPlay/src/robot_sim_gui' with build type 'ament_python'
[0.810s] Level 1:colcon.colcon_core.shell:create_environment_hook('robot_sim_gui', 'ament_prefix_path')
[0.810s] INFO:colcon.colcon_core.shell:Creating environment hook '/workspace/install/robot_sim_gui/share/robot_sim_gui/hook/ament_prefix_path.ps1'
[0.810s] INFO:colcon.colcon_core.shell:Creating environment descriptor '/workspace/install/robot_sim_gui/share/robot_sim_gui/hook/ament_prefix_path.dsv'
[0.811s] INFO:colcon.colcon_core.shell:Creating environment hook '/workspace/install/robot_sim_gui/share/robot_sim_gui/hook/ament_prefix_path.sh'
[0.811s] INFO:colcon.colcon_core.shell:Skip shell extension 'powershell' for command environment: Not usable outside of PowerShell
[0.811s] DEBUG:colcon.colcon_core.shell:Skip shell extension 'dsv' for command environment
[0.942s] INFO:colcon.colcon_core.task.python.build:Building Python package in '/workspace/WRPlay/src/move_bot_sub'
[0.942s] INFO:colcon.colcon_core.shell:Skip shell extension 'powershell' for command environment: Not usable outside of PowerShell
[0.942s] DEBUG:colcon.colcon_core.shell:Skip shell extension 'dsv' for command environment
[1.071s] INFO:colcon.colcon_core.task.python.build:Building Python package in '/workspace/WRPlay/src/robot_sim_gui'
[1.071s] INFO:colcon.colcon_core.shell:Skip shell extension 'powershell' for command environment: Not usable outside of PowerShell
[1.072s] DEBUG:colcon.colcon_core.shell:Skip shell extension 'dsv' for command environment
[1.075s] Level 1:colcon.colcon_core.environment:checking '/workspace/install/WRover_Mock' for CMake module files
[1.076s] DEBUG:colcon.colcon_core.event_handler.log_command:Invoked command in '/workspace/WRPlay/src/wrover_mock' returned '0': PYTHONPATH=/workspace/build/WRover_Mock/prefix_override:/usr/lib/python3/dist-packages/colcon_core/task/python/colcon_distutils_commands:/workspace/install/WRover_Mock/lib/python3.12/site-packages:${PYTHONPATH} /usr/bin/python3 -W ignore:setup.py install is deprecated setup.py egg_info --egg-base ../../../build/WRover_Mock build --build-base /workspace/build/WRover_Mock/build install --record /workspace/build/WRover_Mock/install.log --single-version-externally-managed install_data
[1.076s] Level 1:colcon.colcon_core.environment:checking '/workspace/install/WRover_Mock' for CMake config files
[1.076s] Level 1:colcon.colcon_core.environment:checking '/workspace/install/WRover_Mock/lib'
[1.076s] Level 1:colcon.colcon_core.environment:checking '/workspace/install/WRover_Mock/bin'
[1.076s] Level 1:colcon.colcon_core.environment:checking '/workspace/install/WRover_Mock/lib/pkgconfig/WRover_Mock.pc'
[1.076s] Level 1:colcon.colcon_core.environment:checking '/workspace/install/WRover_Mock/lib/python3.12/site-packages'
[1.076s] Level 1:colcon.colcon_core.shell:create_environment_hook('WRover_Mock', 'pythonpath')
[1.076s] INFO:colcon.colcon_core.shell:Creating environment hook '/workspace/install/WRover_Mock/share/WRover_Mock/hook/pythonpath.ps1'
[1.077s] INFO:colcon.colcon_core.shell:Creating environment descriptor '/workspace/install/WRover_Mock/share/WRover_Mock/hook/pythonpath.dsv'
[1.077s] INFO:colcon.colcon_core.shell:Creating environment hook '/workspace/install/WRover_Mock/share/WRover_Mock/hook/pythonpath.sh'
[1.077s] Level 1:colcon.colcon_core.environment:checking '/workspace/install/WRover_Mock/bin'
[1.077s] Level 1:colcon.colcon_core.environment:create_environment_scripts_only(WRover_Mock)
[1.077s] INFO:colcon.colcon_core.shell:Creating package script '/workspace/install/WRover_Mock/share/WRover_Mock/package.ps1'
[1.078s] INFO:colcon.colcon_core.shell:Creating package descriptor '/workspace/install/WRover_Mock/share/WRover_Mock/package.dsv'
[1.078s] INFO:colcon.colcon_core.shell:Creating package script '/workspace/install/WRover_Mock/share/WRover_Mock/package.sh'
[1.078s] INFO:colcon.colcon_core.shell:Creating package script '/workspace/install/WRover_Mock/share/WRover_Mock/package.bash'
[1.078s] INFO:colcon.colcon_core.shell:Creating package script '/workspace/install/WRover_Mock/share/WRover_Mock/package.zsh'
[1.078s] Level 1:colcon.colcon_core.environment:create_file_with_runtime_dependencies(/workspace/install/WRover_Mock/share/colcon-core/packages/WRover_Mock)
[1.387s] DEBUG:colcon.colcon_core.event_handler.log_command:Invoking command in '/workspace/WRPlay/src/move_bot_sub': AMENT_PREFIX_PATH=/workspace/install/custom_msgs_srvs:${AMENT_PREFIX_PATH} CMAKE_PREFIX_PATH=/workspace/install/custom_msgs_srvs:${CMAKE_PREFIX_PATH} LD_LIBRARY_PATH=/workspace/install/custom_msgs_srvs/lib:${LD_LIBRARY_PATH} PYTHONPATH=/workspace/build/move_bot_sub/prefix_override:/usr/lib/python3/dist-packages/colcon_core/task/python/colcon_distutils_commands:/workspace/install/move_bot_sub/lib/python3.12/site-packages:/workspace/install/custom_msgs_srvs/lib/python3.12/site-packages:${PYTHONPATH} /usr/bin/python3 -W ignore:setup.py install is deprecated setup.py egg_info --egg-base ../../../build/move_bot_sub build --build-base /workspace/build/move_bot_sub/build install --record /workspace/build/move_bot_sub/install.log --single-version-externally-managed install_data
[1.391s] DEBUG:colcon.colcon_core.event_handler.log_command:Invoking command in '/workspace/WRPlay/src/robot_sim_gui': AMENT_PREFIX_PATH=/workspace/install/custom_msgs_srvs:${AMENT_PREFIX_PATH} CMAKE_PREFIX_PATH=/workspace/install/custom_msgs_srvs:${CMAKE_PREFIX_PATH} LD_LIBRARY_PATH=/workspace/install/custom_msgs_srvs/lib:${LD_LIBRARY_PATH} PYTHONPATH=/workspace/build/robot_sim_gui/prefix_override:/usr/lib/python3/dist-packages/colcon_core/task/python/colcon_distutils_commands:/workspace/install/robot_sim_gui/lib/python3.12/site-packages:/workspace/install/custom_msgs_srvs/lib/python3.12/site-packages:${PYTHONPATH} /usr/bin/python3 -W ignore:setup.py install is deprecated setup.py egg_info --egg-base ../../../build/robot_sim_gui build --build-base /workspace/build/robot_sim_gui/build install --record /workspace/build/robot_sim_gui/install.log --single-version-externally-managed install_data
[1.679s] Level 1:colcon.colcon_core.environment:checking '/workspace/install/move_bot_sub' for CMake module files
[1.680s] DEBUG:colcon.colcon_core.event_handler.log_command:Invoked command in '/workspace/WRPlay/src/move_bot_sub' returned '0': AMENT_PREFIX_PATH=/workspace/install/custom_msgs_srvs:${AMENT_PREFIX_PATH} CMAKE_PREFIX_PATH=/workspace/install/custom_msgs_srvs:${CMAKE_PREFIX_PATH} LD_LIBRARY_PATH=/workspace/install/custom_msgs_srvs/lib:${LD_LIBRARY_PATH} PYTHONPATH=/workspace/build/move_bot_sub/prefix_override:/usr/lib/python3/dist-packages/colcon_core/task/python/colcon_distutils_commands:/workspace/install/move_bot_sub/lib/python3.12/site-packages:/workspace/install/custom_msgs_srvs/lib/python3.12/site-packages:${PYTHONPATH} /usr/bin/python3 -W ignore:setup.py install is deprecated setup.py egg_info --egg-base ../../../build/move_bot_sub build --build-base /workspace/build/move_bot_sub/build install --record /workspace/build/move_bot_sub/install.log --single-version-externally-managed install_data
[1.680s] Level 1:colcon.colcon_core.environment:checking '/workspace/install/move_bot_sub' for CMake config files
[1.680s] Level 1:colcon.colcon_core.environment:checking '/workspace/install/move_bot_sub/lib'
[1.680s] Level 1:colcon.colcon_core.environment:checking '/workspace/install/move_bot_sub/bin'
[1.680s] Level 1:colcon.colcon_core.environment:checking '/workspace/install/move_bot_sub/lib/pkgconfig/move_bot_sub.pc'
[1.681s] Level 1:colcon.colcon_core.environment:checking '/workspace/install/move_bot_sub/lib/python3.12/site-packages'
[1.681s] Level 1:colcon.colcon_core.shell:create_environment_hook('move_bot_sub', 'pythonpath')
[1.681s] INFO:colcon.colcon_core.shell:Creating environment hook '/workspace/install/move_bot_sub/share/move_bot_sub/hook/pythonpath.ps1'
[1.681s] INFO:colcon.colcon_core.shell:Creating environment descriptor '/workspace/install/move_bot_sub/share/move_bot_sub/hook/pythonpath.dsv'
[1.681s] INFO:colcon.colcon_core.shell:Creating environment hook '/workspace/install/move_bot_sub/share/move_bot_sub/hook/pythonpath.sh'
[1.682s] Level 1:colcon.colcon_core.environment:checking '/workspace/install/move_bot_sub/bin'
[1.682s] Level 1:colcon.colcon_core.environment:create_environment_scripts_only(move_bot_sub)
[1.682s] INFO:colcon.colcon_core.shell:Creating package script '/workspace/install/move_bot_sub/share/move_bot_sub/package.ps1'
[1.682s] INFO:colcon.colcon_core.shell:Creating package descriptor '/workspace/install/move_bot_sub/share/move_bot_sub/package.dsv'
[1.682s] INFO:colcon.colcon_core.shell:Creating package script '/workspace/install/move_bot_sub/share/move_bot_sub/package.sh'
[1.683s] INFO:colcon.colcon_core.shell:Creating package script '/workspace/install/move_bot_sub/share/move_bot_sub/package.bash'
[1.683s] INFO:colcon.colcon_core.shell:Creating package script '/workspace/install/move_bot_sub/share/move_bot_sub/package.zsh'
[1.683s] Level 1:colcon.colcon_core.environment:create_file_with_runtime_dependencies(/workspace/install/move_bot_sub/share/colcon-core/packages/move_bot_sub)
[1.683s] Level 1:colcon.colcon_core.environment:checking '/workspace/install/robot_sim_gui' for CMake module files
[1.684s] Level 1:colcon.colcon_core.environment:checking '/workspace/install/robot_sim_gui' for CMake config files
[1.684s] DEBUG:colcon.colcon_core.event_handler.log_command:Invoked command in '/workspace/WRPlay/src/robot_sim_gui' returned '0': AMENT_PREFIX_PATH=/workspace/install/custom_msgs_srvs:${AMENT_PREFIX_PATH} CMAKE_PREFIX_PATH=/workspace/install/custom_msgs_srvs:${CMAKE_PREFIX_PATH} LD_LIBRARY_PATH=/workspace/install/custom_msgs_srvs/lib:${LD_LIBRARY_PATH} PYTHONPATH=/workspace/build/robot_sim_gui/prefix_override:/usr/lib/python3/dist-packages/colcon_core/task/python/colcon_distutils_commands:/workspace/install/robot_sim_gui/lib/python3.12/site-packages:/workspace/install/custom_msgs_srvs/lib/python3.12/site-packages:${PYTHONPATH} /usr/bin/python3 -W ignore:setup.py install is deprecated setup.py egg_info --egg-base ../../../build/robot_sim_gui build --build-base /workspace/build/robot_sim_gui/build install --record /workspace/build/robot_sim_gui/install.log --single-version-externally-managed install_data
[1.684s] Level 1:colcon.colcon_core.environment:checking '/workspace/install/robot_sim_gui/lib'
[1.684s] Level 1:colcon.colcon_core.environment:checking '/workspace/install/robot_sim_gui/bin'
[1.684s] Level 1:colcon.colcon_core.environment:checking '/workspace/install/robot_sim_gui/lib/pkgconfig/robot_sim_gui.pc'
[1.684s] Level 1:colcon.colcon_core.environment:checking '/workspace/install/robot_sim_gui/lib/python3.12/site-packages'
[1.684s] Level 1:colcon.colcon_core.shell:create_environment_hook('robot_sim_gui', 'pythonpath')
[1.685s] INFO:colcon.colcon_core.shell:Creating environment hook '/workspace/install/robot_sim_gui/share/robot_sim_gui/hook/pythonpath.ps1'
[1.685s] INFO:colcon.colcon_core.shell:Creating environment descriptor '/workspace/install/robot_sim_gui/share/robot_sim_gui/hook/pythonpath.dsv'
[1.685s] INFO:colcon.colcon_core.shell:Creating environment hook '/workspace/install/robot_sim_gui/share/robot_sim_gui/hook/pythonpath.sh'
[1.685s] Level 1:colcon.colcon_core.environment:checking '/workspace/install/robot_sim_gui/bin'
[1.685s] Level 1:colcon.colcon_core.environment:create_environment_scripts_only(robot_sim_gui)
[1.685s] INFO:colcon.colcon_core.shell:Creating package script '/workspace/install/robot_sim_gui/share/robot_sim_gui/package.ps1'
[1.686s] INFO:colcon.colcon_core.shell:Creating package descriptor '/workspace/install/robot_sim_gui/share/robot_sim_gui/package.dsv'
[1.686s] INFO:colcon.colcon_core.shell:Creating package script '/workspace/install/robot_sim_gui/share/robot_sim_gui/package.sh'
[1.686s] INFO:colcon.colcon_core.shell:Creating package script '/workspace/install/robot_sim_gui/share/robot_sim_gui/package.bash'
[1.686s] INFO:colcon.colcon_core.shell:Creating package script '/workspace/install/robot_sim_gui/share/robot_sim_gui/package.zsh'
[1.686s] Level 1:colcon.colcon_core.environment:create_file_with_runtime_dependencies(/workspace/install/robot_sim_gui/share/colcon-core/packages/robot_sim_gui)
[1.687s] DEBUG:colcon.colcon_parallel_executor.executor.parallel:closing loop
[1.687s] DEBUG:colcon.colcon_parallel_executor.executor.parallel:loop closed
[1.687s] DEBUG:colcon.colcon_parallel_executor.executor.parallel:run_until_complete finished with '0'
[1.687s] DEBUG:colcon.colcon_core.event_reactor:joining thread
[1.696s] INFO:colcon.colcon_core.plugin_system:Skipping extension 'colcon_notification.desktop_notification.notify_send': Could not find 'notify-send'
[1.696s] INFO:colcon.colcon_core.plugin_system:Skipping extension 'colcon_notification.desktop_notification.terminal_notifier': Not used on non-Darwin systems
[1.696s] INFO:colcon.colcon_core.plugin_system:Skipping extension 'colcon_notification.desktop_notification.win32': Not used on non-Windows systems
[1.696s] INFO:colcon.colcon_notification.desktop_notification:Sending desktop notification using 'notify2'
[1.697s] DEBUG:colcon.colcon_notification.desktop_notification.notify2:Failed to initialize notify2: org.freedesktop.DBus.Error.InvalidFileContent: D-Bus library appears to be incorrectly set up: see the manual page for dbus-uuidgen to correct this issue. (Failed to open "/var/lib/dbus/machine-id": No such file or directory; UUID file '/etc/machine-id' should contain a hex string of length 32, not length 0, with no other text)
[1.697s] DEBUG:colcon.colcon_core.event_reactor:joined thread
[1.697s] INFO:colcon.colcon_core.shell:Creating prefix script '/workspace/install/local_setup.ps1'
[1.698s] INFO:colcon.colcon_core.shell:Creating prefix util module '/workspace/install/_local_setup_util_ps1.py'
[1.699s] INFO:colcon.colcon_core.shell:Creating prefix chain script '/workspace/install/setup.ps1'
[1.700s] INFO:colcon.colcon_core.shell:Creating prefix script '/workspace/install/local_setup.sh'
[1.700s] INFO:colcon.colcon_core.shell:Creating prefix util module '/workspace/install/_local_setup_util_sh.py'
[1.701s] INFO:colcon.colcon_core.shell:Creating prefix chain script '/workspace/install/setup.sh'
[1.701s] INFO:colcon.colcon_core.shell:Creating prefix script '/workspace/install/local_setup.bash'
[1.701s] INFO:colcon.colcon_core.shell:Creating prefix chain script '/workspace/install/setup.bash'
[1.702s] INFO:colcon.colcon_core.shell:Creating prefix script '/workspace/install/local_setup.zsh'
[1.702s] INFO:colcon.colcon_core.shell:Creating prefix chain script '/workspace/install/setup.zsh'
