[0.117s] DEBUG:colcon:Command line arguments: ['/usr/bin/colcon', 'build']
[0.117s] DEBUG:colcon:Parsed command line arguments: Namespace(log_base=None, log_level=None, verb_name='build', build_base='build', install_base='install', merge_install=False, symlink_install=False, test_result_base=None, continue_on_error=False, executor='parallel', parallel_workers=16, event_handlers=None, ignore_user_meta=False, metas=['./colcon.meta'], base_paths=['.'], packages_ignore=None, packages_ignore_regex=None, paths=None, packages_up_to=None, packages_up_to_regex=None, packages_above=None, packages_above_and_dependencies=None, packages_above_depth=None, packages_select_by_dep=None, packages_skip_by_dep=None, packages_skip_up_to=None, packages_select_build_failed=False, packages_skip_build_finished=False, packages_select_test_failures=False, packages_skip_test_passed=False, packages_select=None, packages_skip=None, packages_select_regex=None, packages_skip_regex=None, packages_start=None, packages_end=None, cmake_args=None, cmake_target=None, cmake_target_skip_unavailable=False, cmake_clean_cache=False, cmake_clean_first=False, cmake_force_configure=False, ament_cmake_args=None, catkin_cmake_args=None, catkin_skip_building_tests=False, mixin_files=None, mixin=None, verb_parser=<colcon_mixin.mixin.mixin_argument.MixinArgumentDecorator object at 0x7d6a67c122a0>, verb_extension=<colcon_core.verb.build.BuildVerb object at 0x7d6a67be8680>, main=<bound method BuildVerb.main of <colcon_core.verb.build.BuildVerb object at 0x7d6a67be8680>>, mixin_verb=('build',))
[0.156s] Level 1:colcon.colcon_core.package_discovery:discover_packages(colcon_meta) check parameters
[0.156s] INFO:colcon.colcon_metadata.package_discovery.colcon_meta:Using configuration from '/root/.colcon/metadata/default/Gazebo.meta'
[0.157s] INFO:colcon.colcon_metadata.package_discovery.colcon_meta:Using configuration from '/root/.colcon/metadata/default/fastrtps.meta'
[0.157s] Level 1:colcon.colcon_core.package_discovery:discover_packages(recursive) check parameters
[0.157s] Level 1:colcon.colcon_core.package_discovery:discover_packages(ignore) check parameters
[0.157s] Level 1:colcon.colcon_core.package_discovery:discover_packages(path) check parameters
[0.157s] Level 1:colcon.colcon_core.package_discovery:discover_packages(colcon_meta) discover
[0.157s] Level 1:colcon.colcon_core.package_discovery:discover_packages(recursive) discover
[0.157s] INFO:colcon.colcon_core.package_discovery:Crawling recursively for packages in '/workspace'
[0.157s] Level 1:colcon.colcon_core.package_identification:_identify(.) by extensions ['ignore', 'ignore_ament_install']
[0.157s] Level 1:colcon.colcon_core.package_identification:_identify(.) by extension 'ignore'
[0.157s] Level 1:colcon.colcon_core.package_identification:_identify(.) by extension 'ignore_ament_install'
[0.157s] Level 1:colcon.colcon_core.package_identification:_identify(.) by extensions ['colcon_pkg']
[0.157s] Level 1:colcon.colcon_core.package_identification:_identify(.) by extension 'colcon_pkg'
[0.157s] Level 1:colcon.colcon_core.package_identification:_identify(.) by extensions ['colcon_meta']
[0.157s] Level 1:colcon.colcon_core.package_identification:_identify(.) by extension 'colcon_meta'
[0.157s] Level 1:colcon.colcon_core.package_identification:_identify(.) by extensions ['ros']
[0.157s] Level 1:colcon.colcon_core.package_identification:_identify(.) by extension 'ros'
[0.175s] Level 1:colcon.colcon_core.package_identification:_identify(.) by extensions ['cmake', 'python']
[0.175s] Level 1:colcon.colcon_core.package_identification:_identify(.) by extension 'cmake'
[0.175s] Level 1:colcon.colcon_core.package_identification:_identify(.) by extension 'python'
[0.175s] Level 1:colcon.colcon_core.package_identification:_identify(.) by extensions ['python_setup_py']
[0.175s] Level 1:colcon.colcon_core.package_identification:_identify(.) by extension 'python_setup_py'
[0.175s] Level 1:colcon.colcon_core.package_identification:_identify(WRPlay) by extensions ['ignore', 'ignore_ament_install']
[0.175s] Level 1:colcon.colcon_core.package_identification:_identify(WRPlay) by extension 'ignore'
[0.175s] Level 1:colcon.colcon_core.package_identification:_identify(WRPlay) by extension 'ignore_ament_install'
[0.175s] Level 1:colcon.colcon_core.package_identification:_identify(WRPlay) by extensions ['colcon_pkg']
[0.175s] Level 1:colcon.colcon_core.package_identification:_identify(WRPlay) by extension 'colcon_pkg'
[0.175s] Level 1:colcon.colcon_core.package_identification:_identify(WRPlay) by extensions ['colcon_meta']
[0.175s] Level 1:colcon.colcon_core.package_identification:_identify(WRPlay) by extension 'colcon_meta'
[0.175s] Level 1:colcon.colcon_core.package_identification:_identify(WRPlay) by extensions ['ros']
[0.176s] Level 1:colcon.colcon_core.package_identification:_identify(WRPlay) by extension 'ros'
[0.176s] Level 1:colcon.colcon_core.package_identification:_identify(WRPlay) by extensions ['cmake', 'python']
[0.176s] Level 1:colcon.colcon_core.package_identification:_identify(WRPlay) by extension 'cmake'
[0.176s] Level 1:colcon.colcon_core.package_identification:_identify(WRPlay) by extension 'python'
[0.176s] Level 1:colcon.colcon_core.package_identification:_identify(WRPlay) by extensions ['python_setup_py']
[0.176s] Level 1:colcon.colcon_core.package_identification:_identify(WRPlay) by extension 'python_setup_py'
[0.176s] Level 1:colcon.colcon_core.package_identification:_identify(WRPlay/build) by extensions ['ignore', 'ignore_ament_install']
[0.176s] Level 1:colcon.colcon_core.package_identification:_identify(WRPlay/build) by extension 'ignore'
[0.176s] Level 1:colcon.colcon_core.package_identification:_identify(WRPlay/build) ignored
[0.176s] Level 1:colcon.colcon_core.package_identification:_identify(WRPlay/install) by extensions ['ignore', 'ignore_ament_install']
[0.176s] Level 1:colcon.colcon_core.package_identification:_identify(WRPlay/install) by extension 'ignore'
[0.176s] Level 1:colcon.colcon_core.package_identification:_identify(WRPlay/install) ignored
[0.176s] Level 1:colcon.colcon_core.package_identification:_identify(WRPlay/log) by extensions ['ignore', 'ignore_ament_install']
[0.176s] Level 1:colcon.colcon_core.package_identification:_identify(WRPlay/log) by extension 'ignore'
[0.176s] Level 1:colcon.colcon_core.package_identification:_identify(WRPlay/log) ignored
[0.176s] Level 1:colcon.colcon_core.package_identification:_identify(WRPlay/src) by extensions ['ignore', 'ignore_ament_install']
[0.176s] Level 1:colcon.colcon_core.package_identification:_identify(WRPlay/src) by extension 'ignore'
[0.176s] Level 1:colcon.colcon_core.package_identification:_identify(WRPlay/src) by extension 'ignore_ament_install'
[0.176s] Level 1:colcon.colcon_core.package_identification:_identify(WRPlay/src) by extensions ['colcon_pkg']
[0.176s] Level 1:colcon.colcon_core.package_identification:_identify(WRPlay/src) by extension 'colcon_pkg'
[0.176s] Level 1:colcon.colcon_core.package_identification:_identify(WRPlay/src) by extensions ['colcon_meta']
[0.176s] Level 1:colcon.colcon_core.package_identification:_identify(WRPlay/src) by extension 'colcon_meta'
[0.176s] Level 1:colcon.colcon_core.package_identification:_identify(WRPlay/src) by extensions ['ros']
[0.176s] Level 1:colcon.colcon_core.package_identification:_identify(WRPlay/src) by extension 'ros'
[0.176s] Level 1:colcon.colcon_core.package_identification:_identify(WRPlay/src) by extensions ['cmake', 'python']
[0.176s] Level 1:colcon.colcon_core.package_identification:_identify(WRPlay/src) by extension 'cmake'
[0.176s] Level 1:colcon.colcon_core.package_identification:_identify(WRPlay/src) by extension 'python'
[0.176s] Level 1:colcon.colcon_core.package_identification:_identify(WRPlay/src) by extensions ['python_setup_py']
[0.176s] Level 1:colcon.colcon_core.package_identification:_identify(WRPlay/src) by extension 'python_setup_py'
[0.176s] Level 1:colcon.colcon_core.package_identification:_identify(WRPlay/src/custom_msgs_srvs) by extensions ['ignore', 'ignore_ament_install']
[0.176s] Level 1:colcon.colcon_core.package_identification:_identify(WRPlay/src/custom_msgs_srvs) by extension 'ignore'
[0.176s] Level 1:colcon.colcon_core.package_identification:_identify(WRPlay/src/custom_msgs_srvs) by extension 'ignore_ament_install'
[0.176s] Level 1:colcon.colcon_core.package_identification:_identify(WRPlay/src/custom_msgs_srvs) by extensions ['colcon_pkg']
[0.176s] Level 1:colcon.colcon_core.package_identification:_identify(WRPlay/src/custom_msgs_srvs) by extension 'colcon_pkg'
[0.176s] Level 1:colcon.colcon_core.package_identification:_identify(WRPlay/src/custom_msgs_srvs) by extensions ['colcon_meta']
[0.176s] Level 1:colcon.colcon_core.package_identification:_identify(WRPlay/src/custom_msgs_srvs) by extension 'colcon_meta'
[0.177s] Level 1:colcon.colcon_core.package_identification:_identify(WRPlay/src/custom_msgs_srvs) by extensions ['ros']
[0.177s] Level 1:colcon.colcon_core.package_identification:_identify(WRPlay/src/custom_msgs_srvs) by extension 'ros'
[0.179s] DEBUG:colcon.colcon_core.package_identification:Package 'WRPlay/src/custom_msgs_srvs' with type 'ros.ament_cmake' and name 'custom_msgs_srvs'
[0.179s] Level 1:colcon.colcon_core.package_identification:_identify(WRPlay/src/move_bot_sub) by extensions ['ignore', 'ignore_ament_install']
[0.179s] Level 1:colcon.colcon_core.package_identification:_identify(WRPlay/src/move_bot_sub) by extension 'ignore'
[0.179s] Level 1:colcon.colcon_core.package_identification:_identify(WRPlay/src/move_bot_sub) by extension 'ignore_ament_install'
[0.179s] Level 1:colcon.colcon_core.package_identification:_identify(WRPlay/src/move_bot_sub) by extensions ['colcon_pkg']
[0.179s] Level 1:colcon.colcon_core.package_identification:_identify(WRPlay/src/move_bot_sub) by extension 'colcon_pkg'
[0.179s] Level 1:colcon.colcon_core.package_identification:_identify(WRPlay/src/move_bot_sub) by extensions ['colcon_meta']
[0.179s] Level 1:colcon.colcon_core.package_identification:_identify(WRPlay/src/move_bot_sub) by extension 'colcon_meta'
[0.179s] Level 1:colcon.colcon_core.package_identification:_identify(WRPlay/src/move_bot_sub) by extensions ['ros']
[0.179s] Level 1:colcon.colcon_core.package_identification:_identify(WRPlay/src/move_bot_sub) by extension 'ros'
[0.179s] DEBUG:colcon.colcon_core.package_identification:Package 'WRPlay/src/move_bot_sub' with type 'ros.ament_python' and name 'move_bot_sub'
[0.179s] Level 1:colcon.colcon_core.package_identification:_identify(WRPlay/src/robot_sim_gui) by extensions ['ignore', 'ignore_ament_install']
[0.179s] Level 1:colcon.colcon_core.package_identification:_identify(WRPlay/src/robot_sim_gui) by extension 'ignore'
[0.179s] Level 1:colcon.colcon_core.package_identification:_identify(WRPlay/src/robot_sim_gui) by extension 'ignore_ament_install'
[0.179s] Level 1:colcon.colcon_core.package_identification:_identify(WRPlay/src/robot_sim_gui) by extensions ['colcon_pkg']
[0.179s] Level 1:colcon.colcon_core.package_identification:_identify(WRPlay/src/robot_sim_gui) by extension 'colcon_pkg'
[0.179s] Level 1:colcon.colcon_core.package_identification:_identify(WRPlay/src/robot_sim_gui) by extensions ['colcon_meta']
[0.179s] Level 1:colcon.colcon_core.package_identification:_identify(WRPlay/src/robot_sim_gui) by extension 'colcon_meta'
[0.179s] Level 1:colcon.colcon_core.package_identification:_identify(WRPlay/src/robot_sim_gui) by extensions ['ros']
[0.179s] Level 1:colcon.colcon_core.package_identification:_identify(WRPlay/src/robot_sim_gui) by extension 'ros'
[0.180s] DEBUG:colcon.colcon_core.package_identification:Package 'WRPlay/src/robot_sim_gui' with type 'ros.ament_python' and name 'robot_sim_gui'
[0.180s] Level 1:colcon.colcon_core.package_identification:_identify(WRPlay/src/wrover_mock) by extensions ['ignore', 'ignore_ament_install']
[0.180s] Level 1:colcon.colcon_core.package_identification:_identify(WRPlay/src/wrover_mock) by extension 'ignore'
[0.180s] Level 1:colcon.colcon_core.package_identification:_identify(WRPlay/src/wrover_mock) by extension 'ignore_ament_install'
[0.180s] Level 1:colcon.colcon_core.package_identification:_identify(WRPlay/src/wrover_mock) by extensions ['colcon_pkg']
[0.180s] Level 1:colcon.colcon_core.package_identification:_identify(WRPlay/src/wrover_mock) by extension 'colcon_pkg'
[0.180s] Level 1:colcon.colcon_core.package_identification:_identify(WRPlay/src/wrover_mock) by extensions ['colcon_meta']
[0.180s] Level 1:colcon.colcon_core.package_identification:_identify(WRPlay/src/wrover_mock) by extension 'colcon_meta'
[0.180s] Level 1:colcon.colcon_core.package_identification:_identify(WRPlay/src/wrover_mock) by extensions ['ros']
[0.180s] Level 1:colcon.colcon_core.package_identification:_identify(WRPlay/src/wrover_mock) by extension 'ros'
[0.180s] DEBUG:colcon.colcon_core.package_identification:Package 'WRPlay/src/wrover_mock' with type 'ros.ament_python' and name 'WRover_Mock'
[0.180s] Level 1:colcon.colcon_core.package_identification:_identify(build) by extensions ['ignore', 'ignore_ament_install']
[0.180s] Level 1:colcon.colcon_core.package_identification:_identify(build) by extension 'ignore'
[0.180s] Level 1:colcon.colcon_core.package_identification:_identify(build) ignored
[0.180s] Level 1:colcon.colcon_core.package_identification:_identify(install) by extensions ['ignore', 'ignore_ament_install']
[0.180s] Level 1:colcon.colcon_core.package_identification:_identify(install) by extension 'ignore'
[0.180s] Level 1:colcon.colcon_core.package_identification:_identify(install) ignored
[0.180s] Level 1:colcon.colcon_core.package_identification:_identify(log) by extensions ['ignore', 'ignore_ament_install']
[0.181s] Level 1:colcon.colcon_core.package_identification:_identify(log) by extension 'ignore'
[0.181s] Level 1:colcon.colcon_core.package_identification:_identify(log) ignored
[0.181s] Level 1:colcon.colcon_core.package_discovery:discover_packages(recursive) using defaults
[0.181s] Level 1:colcon.colcon_core.package_discovery:discover_packages(ignore) discover
[0.181s] Level 1:colcon.colcon_core.package_discovery:discover_packages(ignore) using defaults
[0.181s] Level 1:colcon.colcon_core.package_discovery:discover_packages(path) discover
[0.181s] Level 1:colcon.colcon_core.package_discovery:discover_packages(path) using defaults
[0.197s] Level 5:colcon.colcon_core.verb:set package 'WRover_Mock' build argument 'cmake_args' from command line to 'None'
[0.197s] Level 5:colcon.colcon_core.verb:set package 'WRover_Mock' build argument 'cmake_target' from command line to 'None'
[0.197s] Level 5:colcon.colcon_core.verb:set package 'WRover_Mock' build argument 'cmake_target_skip_unavailable' from command line to 'False'
[0.197s] Level 5:colcon.colcon_core.verb:set package 'WRover_Mock' build argument 'cmake_clean_cache' from command line to 'False'
[0.197s] Level 5:colcon.colcon_core.verb:set package 'WRover_Mock' build argument 'cmake_clean_first' from command line to 'False'
[0.197s] Level 5:colcon.colcon_core.verb:set package 'WRover_Mock' build argument 'cmake_force_configure' from command line to 'False'
[0.197s] Level 5:colcon.colcon_core.verb:set package 'WRover_Mock' build argument 'ament_cmake_args' from command line to 'None'
[0.197s] Level 5:colcon.colcon_core.verb:set package 'WRover_Mock' build argument 'catkin_cmake_args' from command line to 'None'
[0.197s] Level 5:colcon.colcon_core.verb:set package 'WRover_Mock' build argument 'catkin_skip_building_tests' from command line to 'False'
[0.197s] DEBUG:colcon.colcon_core.verb:Building package 'WRover_Mock' with the following arguments: {'ament_cmake_args': None, 'build_base': '/workspace/build/WRover_Mock', 'catkin_cmake_args': None, 'catkin_skip_building_tests': False, 'cmake_args': None, 'cmake_clean_cache': False, 'cmake_clean_first': False, 'cmake_force_configure': False, 'cmake_target': None, 'cmake_target_skip_unavailable': False, 'install_base': '/workspace/install/WRover_Mock', 'merge_install': False, 'path': '/workspace/WRPlay/src/wrover_mock', 'symlink_install': False, 'test_result_base': None}
[0.198s] Level 5:colcon.colcon_core.verb:set package 'custom_msgs_srvs' build argument 'cmake_args' from command line to 'None'
[0.198s] Level 5:colcon.colcon_core.verb:set package 'custom_msgs_srvs' build argument 'cmake_target' from command line to 'None'
[0.198s] Level 5:colcon.colcon_core.verb:set package 'custom_msgs_srvs' build argument 'cmake_target_skip_unavailable' from command line to 'False'
[0.198s] Level 5:colcon.colcon_core.verb:set package 'custom_msgs_srvs' build argument 'cmake_clean_cache' from command line to 'False'
[0.198s] Level 5:colcon.colcon_core.verb:set package 'custom_msgs_srvs' build argument 'cmake_clean_first' from command line to 'False'
[0.198s] Level 5:colcon.colcon_core.verb:set package 'custom_msgs_srvs' build argument 'cmake_force_configure' from command line to 'False'
[0.198s] Level 5:colcon.colcon_core.verb:set package 'custom_msgs_srvs' build argument 'ament_cmake_args' from command line to 'None'
[0.198s] Level 5:colcon.colcon_core.verb:set package 'custom_msgs_srvs' build argument 'catkin_cmake_args' from command line to 'None'
[0.198s] Level 5:colcon.colcon_core.verb:set package 'custom_msgs_srvs' build argument 'catkin_skip_building_tests' from command line to 'False'
[0.198s] DEBUG:colcon.colcon_core.verb:Building package 'custom_msgs_srvs' with the following arguments: {'ament_cmake_args': None, 'build_base': '/workspace/build/custom_msgs_srvs', 'catkin_cmake_args': None, 'catkin_skip_building_tests': False, 'cmake_args': None, 'cmake_clean_cache': False, 'cmake_clean_first': False, 'cmake_force_configure': False, 'cmake_target': None, 'cmake_target_skip_unavailable': False, 'install_base': '/workspace/install/custom_msgs_srvs', 'merge_install': False, 'path': '/workspace/WRPlay/src/custom_msgs_srvs', 'symlink_install': False, 'test_result_base': None}
[0.198s] Level 5:colcon.colcon_core.verb:set package 'move_bot_sub' build argument 'cmake_args' from command line to 'None'
[0.198s] Level 5:colcon.colcon_core.verb:set package 'move_bot_sub' build argument 'cmake_target' from command line to 'None'
[0.198s] Level 5:colcon.colcon_core.verb:set package 'move_bot_sub' build argument 'cmake_target_skip_unavailable' from command line to 'False'
[0.198s] Level 5:colcon.colcon_core.verb:set package 'move_bot_sub' build argument 'cmake_clean_cache' from command line to 'False'
[0.198s] Level 5:colcon.colcon_core.verb:set package 'move_bot_sub' build argument 'cmake_clean_first' from command line to 'False'
[0.198s] Level 5:colcon.colcon_core.verb:set package 'move_bot_sub' build argument 'cmake_force_configure' from command line to 'False'
[0.198s] Level 5:colcon.colcon_core.verb:set package 'move_bot_sub' build argument 'ament_cmake_args' from command line to 'None'
[0.198s] Level 5:colcon.colcon_core.verb:set package 'move_bot_sub' build argument 'catkin_cmake_args' from command line to 'None'
[0.198s] Level 5:colcon.colcon_core.verb:set package 'move_bot_sub' build argument 'catkin_skip_building_tests' from command line to 'False'
[0.198s] DEBUG:colcon.colcon_core.verb:Building package 'move_bot_sub' with the following arguments: {'ament_cmake_args': None, 'build_base': '/workspace/build/move_bot_sub', 'catkin_cmake_args': None, 'catkin_skip_building_tests': False, 'cmake_args': None, 'cmake_clean_cache': False, 'cmake_clean_first': False, 'cmake_force_configure': False, 'cmake_target': None, 'cmake_target_skip_unavailable': False, 'install_base': '/workspace/install/move_bot_sub', 'merge_install': False, 'path': '/workspace/WRPlay/src/move_bot_sub', 'symlink_install': False, 'test_result_base': None}
[0.198s] Level 5:colcon.colcon_core.verb:set package 'robot_sim_gui' build argument 'cmake_args' from command line to 'None'
[0.198s] Level 5:colcon.colcon_core.verb:set package 'robot_sim_gui' build argument 'cmake_target' from command line to 'None'
[0.198s] Level 5:colcon.colcon_core.verb:set package 'robot_sim_gui' build argument 'cmake_target_skip_unavailable' from command line to 'False'
[0.198s] Level 5:colcon.colcon_core.verb:set package 'robot_sim_gui' build argument 'cmake_clean_cache' from command line to 'False'
[0.198s] Level 5:colcon.colcon_core.verb:set package 'robot_sim_gui' build argument 'cmake_clean_first' from command line to 'False'
[0.198s] Level 5:colcon.colcon_core.verb:set package 'robot_sim_gui' build argument 'cmake_force_configure' from command line to 'False'
[0.198s] Level 5:colcon.colcon_core.verb:set package 'robot_sim_gui' build argument 'ament_cmake_args' from command line to 'None'
[0.198s] Level 5:colcon.colcon_core.verb:set package 'robot_sim_gui' build argument 'catkin_cmake_args' from command line to 'None'
[0.198s] Level 5:colcon.colcon_core.verb:set package 'robot_sim_gui' build argument 'catkin_skip_building_tests' from command line to 'False'
[0.198s] DEBUG:colcon.colcon_core.verb:Building package 'robot_sim_gui' with the following arguments: {'ament_cmake_args': None, 'build_base': '/workspace/build/robot_sim_gui', 'catkin_cmake_args': None, 'catkin_skip_building_tests': False, 'cmake_args': None, 'cmake_clean_cache': False, 'cmake_clean_first': False, 'cmake_force_configure': False, 'cmake_target': None, 'cmake_target_skip_unavailable': False, 'install_base': '/workspace/install/robot_sim_gui', 'merge_install': False, 'path': '/workspace/WRPlay/src/robot_sim_gui', 'symlink_install': False, 'test_result_base': None}
[0.198s] INFO:colcon.colcon_core.executor:Executing jobs using 'parallel' executor
[0.199s] DEBUG:colcon.colcon_parallel_executor.executor.parallel:run_until_complete
[0.199s] INFO:colcon.colcon_ros.task.ament_cmake.build:Building ROS package in '/workspace/WRPlay/src/custom_msgs_srvs' with build type 'ament_cmake'
[0.199s] INFO:colcon.colcon_cmake.task.cmake.build:Building CMake package in '/workspace/WRPlay/src/custom_msgs_srvs'
[0.203s] INFO:colcon.colcon_core.plugin_system:Skipping extension 'colcon_core.shell.bat': Not used on non-Windows systems
[0.203s] INFO:colcon.colcon_core.shell:Skip shell extension 'powershell' for command environment: Not usable outside of PowerShell
[0.203s] DEBUG:colcon.colcon_core.shell:Skip shell extension 'dsv' for command environment
[0.208s] INFO:colcon.colcon_ros.task.ament_python.build:Building ROS package in '/workspace/WRPlay/src/wrover_mock' with build type 'ament_python'
[0.208s] Level 1:colcon.colcon_core.shell:create_environment_hook('WRover_Mock', 'ament_prefix_path')
[0.208s] INFO:colcon.colcon_core.shell:Creating environment hook '/workspace/install/WRover_Mock/share/WRover_Mock/hook/ament_prefix_path.ps1'
[0.209s] INFO:colcon.colcon_core.shell:Creating environment descriptor '/workspace/install/WRover_Mock/share/WRover_Mock/hook/ament_prefix_path.dsv'
[0.209s] INFO:colcon.colcon_core.shell:Creating environment hook '/workspace/install/WRover_Mock/share/WRover_Mock/hook/ament_prefix_path.sh'
[0.210s] INFO:colcon.colcon_core.shell:Skip shell extension 'powershell' for command environment: Not usable outside of PowerShell
[0.210s] DEBUG:colcon.colcon_core.shell:Skip shell extension 'dsv' for command environment
[0.214s] DEBUG:colcon.colcon_core.event_handler.log_command:Invoking command in '/workspace/build/custom_msgs_srvs': CMAKE_PREFIX_PATH=${CMAKE_PREFIX_PATH}:/opt/ros/jazzy /usr/bin/cmake --build /workspace/build/custom_msgs_srvs -- -j16 -l16
[0.361s] INFO:colcon.colcon_core.task.python.build:Building Python package in '/workspace/WRPlay/src/wrover_mock'
[0.362s] INFO:colcon.colcon_core.shell:Skip shell extension 'powershell' for command environment: Not usable outside of PowerShell
[0.362s] DEBUG:colcon.colcon_core.shell:Skip shell extension 'dsv' for command environment
[0.538s] DEBUG:colcon.colcon_core.event_handler.log_command:Invoked command in '/workspace/build/custom_msgs_srvs' returned '0': CMAKE_PREFIX_PATH=${CMAKE_PREFIX_PATH}:/opt/ros/jazzy /usr/bin/cmake --build /workspace/build/custom_msgs_srvs -- -j16 -l16
[0.698s] DEBUG:colcon.colcon_core.event_handler.log_command:Invoking command in '/workspace/build/custom_msgs_srvs': CMAKE_PREFIX_PATH=${CMAKE_PREFIX_PATH}:/opt/ros/jazzy /usr/bin/cmake --install /workspace/build/custom_msgs_srvs
[0.754s] Level 1:colcon.colcon_core.environment:create_environment_scripts_only(custom_msgs_srvs)
[0.755s] DEBUG:colcon.colcon_core.event_handler.log_command:Invoked command in '/workspace/build/custom_msgs_srvs' returned '0': CMAKE_PREFIX_PATH=${CMAKE_PREFIX_PATH}:/opt/ros/jazzy /usr/bin/cmake --install /workspace/build/custom_msgs_srvs
[0.761s] Level 1:colcon.colcon_core.environment:checking '/workspace/install/custom_msgs_srvs' for CMake module files
[0.762s] Level 1:colcon.colcon_core.environment:checking '/workspace/install/custom_msgs_srvs' for CMake config files
[0.763s] Level 1:colcon.colcon_core.shell:create_environment_hook('custom_msgs_srvs', 'cmake_prefix_path')
[0.763s] INFO:colcon.colcon_core.shell:Creating environment hook '/workspace/install/custom_msgs_srvs/share/custom_msgs_srvs/hook/cmake_prefix_path.ps1'
[0.764s] INFO:colcon.colcon_core.shell:Creating environment descriptor '/workspace/install/custom_msgs_srvs/share/custom_msgs_srvs/hook/cmake_prefix_path.dsv'
[0.765s] INFO:colcon.colcon_core.shell:Creating environment hook '/workspace/install/custom_msgs_srvs/share/custom_msgs_srvs/hook/cmake_prefix_path.sh'
[0.766s] Level 1:colcon.colcon_core.environment:checking '/workspace/install/custom_msgs_srvs/lib'
[0.766s] Level 1:colcon.colcon_core.shell:create_environment_hook('custom_msgs_srvs', 'ld_library_path_lib')
[0.766s] INFO:colcon.colcon_core.shell:Creating environment hook '/workspace/install/custom_msgs_srvs/share/custom_msgs_srvs/hook/ld_library_path_lib.ps1'
[0.767s] INFO:colcon.colcon_core.shell:Creating environment descriptor '/workspace/install/custom_msgs_srvs/share/custom_msgs_srvs/hook/ld_library_path_lib.dsv'
[0.768s] INFO:colcon.colcon_core.shell:Creating environment hook '/workspace/install/custom_msgs_srvs/share/custom_msgs_srvs/hook/ld_library_path_lib.sh'
[0.768s] Level 1:colcon.colcon_core.environment:checking '/workspace/install/custom_msgs_srvs/bin'
[0.768s] Level 1:colcon.colcon_core.environment:checking '/workspace/install/custom_msgs_srvs/lib/pkgconfig/custom_msgs_srvs.pc'
[0.769s] Level 1:colcon.colcon_core.environment:checking '/workspace/install/custom_msgs_srvs/lib/python3.12/site-packages'
[0.769s] Level 1:colcon.colcon_core.shell:create_environment_hook('custom_msgs_srvs', 'pythonpath')
[0.769s] INFO:colcon.colcon_core.shell:Creating environment hook '/workspace/install/custom_msgs_srvs/share/custom_msgs_srvs/hook/pythonpath.ps1'
[0.770s] INFO:colcon.colcon_core.shell:Creating environment descriptor '/workspace/install/custom_msgs_srvs/share/custom_msgs_srvs/hook/pythonpath.dsv'
[0.771s] INFO:colcon.colcon_core.shell:Creating environment hook '/workspace/install/custom_msgs_srvs/share/custom_msgs_srvs/hook/pythonpath.sh'
[0.772s] Level 1:colcon.colcon_core.environment:checking '/workspace/install/custom_msgs_srvs/bin'
[0.772s] INFO:colcon.colcon_core.shell:Creating package script '/workspace/install/custom_msgs_srvs/share/custom_msgs_srvs/package.ps1'
[0.773s] INFO:colcon.colcon_core.shell:Creating package descriptor '/workspace/install/custom_msgs_srvs/share/custom_msgs_srvs/package.dsv'
[0.773s] INFO:colcon.colcon_core.shell:Creating package script '/workspace/install/custom_msgs_srvs/share/custom_msgs_srvs/package.sh'
[0.775s] INFO:colcon.colcon_core.shell:Creating package script '/workspace/install/custom_msgs_srvs/share/custom_msgs_srvs/package.bash'
[0.776s] INFO:colcon.colcon_core.shell:Creating package script '/workspace/install/custom_msgs_srvs/share/custom_msgs_srvs/package.zsh'
[0.777s] Level 1:colcon.colcon_core.environment:create_file_with_runtime_dependencies(/workspace/install/custom_msgs_srvs/share/colcon-core/packages/custom_msgs_srvs)
[0.857s] DEBUG:colcon.colcon_core.event_handler.log_command:Invoking command in '/workspace/WRPlay/src/wrover_mock': PYTHONPATH=/workspace/build/WRover_Mock/prefix_override:/usr/lib/python3/dist-packages/colcon_core/task/python/colcon_distutils_commands:/workspace/install/WRover_Mock/lib/python3.12/site-packages:${PYTHONPATH} /usr/bin/python3 -W ignore:setup.py install is deprecated setup.py egg_info --egg-base ../../../build/WRover_Mock build --build-base /workspace/build/WRover_Mock/build install --record /workspace/build/WRover_Mock/install.log --single-version-externally-managed install_data
[1.031s] Level 1:colcon.colcon_core.environment:create_environment_scripts_only(custom_msgs_srvs)
[1.031s] Level 1:colcon.colcon_core.environment:checking '/workspace/install/custom_msgs_srvs' for CMake module files
[1.035s] Level 1:colcon.colcon_core.environment:checking '/workspace/install/custom_msgs_srvs' for CMake config files
[1.036s] Level 1:colcon.colcon_core.shell:create_environment_hook('custom_msgs_srvs', 'cmake_prefix_path')
[1.036s] INFO:colcon.colcon_core.shell:Creating environment hook '/workspace/install/custom_msgs_srvs/share/custom_msgs_srvs/hook/cmake_prefix_path.ps1'
[1.037s] INFO:colcon.colcon_core.shell:Creating environment descriptor '/workspace/install/custom_msgs_srvs/share/custom_msgs_srvs/hook/cmake_prefix_path.dsv'
[1.037s] INFO:colcon.colcon_core.shell:Creating environment hook '/workspace/install/custom_msgs_srvs/share/custom_msgs_srvs/hook/cmake_prefix_path.sh'
[1.038s] Level 1:colcon.colcon_core.environment:checking '/workspace/install/custom_msgs_srvs/lib'
[1.038s] Level 1:colcon.colcon_core.shell:create_environment_hook('custom_msgs_srvs', 'ld_library_path_lib')
[1.038s] INFO:colcon.colcon_core.shell:Creating environment hook '/workspace/install/custom_msgs_srvs/share/custom_msgs_srvs/hook/ld_library_path_lib.ps1'
[1.039s] INFO:colcon.colcon_core.shell:Creating environment descriptor '/workspace/install/custom_msgs_srvs/share/custom_msgs_srvs/hook/ld_library_path_lib.dsv'
[1.039s] INFO:colcon.colcon_core.shell:Creating environment hook '/workspace/install/custom_msgs_srvs/share/custom_msgs_srvs/hook/ld_library_path_lib.sh'
[1.039s] Level 1:colcon.colcon_core.environment:checking '/workspace/install/custom_msgs_srvs/bin'
[1.039s] Level 1:colcon.colcon_core.environment:checking '/workspace/install/custom_msgs_srvs/lib/pkgconfig/custom_msgs_srvs.pc'
[1.039s] Level 1:colcon.colcon_core.environment:checking '/workspace/install/custom_msgs_srvs/lib/python3.12/site-packages'
[1.040s] Level 1:colcon.colcon_core.shell:create_environment_hook('custom_msgs_srvs', 'pythonpath')
[1.040s] INFO:colcon.colcon_core.shell:Creating environment hook '/workspace/install/custom_msgs_srvs/share/custom_msgs_srvs/hook/pythonpath.ps1'
[1.040s] INFO:colcon.colcon_core.shell:Creating environment descriptor '/workspace/install/custom_msgs_srvs/share/custom_msgs_srvs/hook/pythonpath.dsv'
[1.040s] INFO:colcon.colcon_core.shell:Creating environment hook '/workspace/install/custom_msgs_srvs/share/custom_msgs_srvs/hook/pythonpath.sh'
[1.041s] Level 1:colcon.colcon_core.environment:checking '/workspace/install/custom_msgs_srvs/bin'
[1.041s] INFO:colcon.colcon_core.shell:Creating package script '/workspace/install/custom_msgs_srvs/share/custom_msgs_srvs/package.ps1'
[1.042s] INFO:colcon.colcon_core.shell:Creating package descriptor '/workspace/install/custom_msgs_srvs/share/custom_msgs_srvs/package.dsv'
[1.042s] INFO:colcon.colcon_core.shell:Creating package script '/workspace/install/custom_msgs_srvs/share/custom_msgs_srvs/package.sh'
[1.043s] INFO:colcon.colcon_core.shell:Creating package script '/workspace/install/custom_msgs_srvs/share/custom_msgs_srvs/package.bash'
[1.043s] INFO:colcon.colcon_core.shell:Creating package script '/workspace/install/custom_msgs_srvs/share/custom_msgs_srvs/package.zsh'
[1.043s] Level 1:colcon.colcon_core.environment:create_file_with_runtime_dependencies(/workspace/install/custom_msgs_srvs/share/colcon-core/packages/custom_msgs_srvs)
[1.043s] INFO:colcon.colcon_ros.task.ament_python.build:Building ROS package in '/workspace/WRPlay/src/move_bot_sub' with build type 'ament_python'
[1.044s] Level 1:colcon.colcon_core.shell:create_environment_hook('move_bot_sub', 'ament_prefix_path')
[1.044s] INFO:colcon.colcon_core.shell:Creating environment hook '/workspace/install/move_bot_sub/share/move_bot_sub/hook/ament_prefix_path.ps1'
[1.045s] INFO:colcon.colcon_core.shell:Creating environment descriptor '/workspace/install/move_bot_sub/share/move_bot_sub/hook/ament_prefix_path.dsv'
[1.045s] INFO:colcon.colcon_core.shell:Creating environment hook '/workspace/install/move_bot_sub/share/move_bot_sub/hook/ament_prefix_path.sh'
[1.046s] INFO:colcon.colcon_core.shell:Skip shell extension 'powershell' for command environment: Not usable outside of PowerShell
[1.046s] DEBUG:colcon.colcon_core.shell:Skip shell extension 'dsv' for command environment
[1.059s] INFO:colcon.colcon_ros.task.ament_python.build:Building ROS package in '/workspace/WRPlay/src/robot_sim_gui' with build type 'ament_python'
[1.060s] Level 1:colcon.colcon_core.shell:create_environment_hook('robot_sim_gui', 'ament_prefix_path')
[1.060s] INFO:colcon.colcon_core.shell:Creating environment hook '/workspace/install/robot_sim_gui/share/robot_sim_gui/hook/ament_prefix_path.ps1'
[1.061s] INFO:colcon.colcon_core.shell:Creating environment descriptor '/workspace/install/robot_sim_gui/share/robot_sim_gui/hook/ament_prefix_path.dsv'
[1.061s] INFO:colcon.colcon_core.shell:Creating environment hook '/workspace/install/robot_sim_gui/share/robot_sim_gui/hook/ament_prefix_path.sh'
[1.062s] INFO:colcon.colcon_core.shell:Skip shell extension 'powershell' for command environment: Not usable outside of PowerShell
[1.062s] DEBUG:colcon.colcon_core.shell:Skip shell extension 'dsv' for command environment
[1.279s] INFO:colcon.colcon_core.task.python.build:Building Python package in '/workspace/WRPlay/src/move_bot_sub'
[1.279s] INFO:colcon.colcon_core.shell:Skip shell extension 'powershell' for command environment: Not usable outside of PowerShell
[1.279s] DEBUG:colcon.colcon_core.shell:Skip shell extension 'dsv' for command environment
[1.454s] INFO:colcon.colcon_core.task.python.build:Building Python package in '/workspace/WRPlay/src/robot_sim_gui'
[1.454s] INFO:colcon.colcon_core.shell:Skip shell extension 'powershell' for command environment: Not usable outside of PowerShell
[1.454s] DEBUG:colcon.colcon_core.shell:Skip shell extension 'dsv' for command environment
[1.458s] Level 1:colcon.colcon_core.environment:checking '/workspace/install/WRover_Mock' for CMake module files
[1.459s] DEBUG:colcon.colcon_core.event_handler.log_command:Invoked command in '/workspace/WRPlay/src/wrover_mock' returned '0': PYTHONPATH=/workspace/build/WRover_Mock/prefix_override:/usr/lib/python3/dist-packages/colcon_core/task/python/colcon_distutils_commands:/workspace/install/WRover_Mock/lib/python3.12/site-packages:${PYTHONPATH} /usr/bin/python3 -W ignore:setup.py install is deprecated setup.py egg_info --egg-base ../../../build/WRover_Mock build --build-base /workspace/build/WRover_Mock/build install --record /workspace/build/WRover_Mock/install.log --single-version-externally-managed install_data
[1.459s] Level 1:colcon.colcon_core.environment:checking '/workspace/install/WRover_Mock' for CMake config files
[1.459s] Level 1:colcon.colcon_core.environment:checking '/workspace/install/WRover_Mock/lib'
[1.459s] Level 1:colcon.colcon_core.environment:checking '/workspace/install/WRover_Mock/bin'
[1.459s] Level 1:colcon.colcon_core.environment:checking '/workspace/install/WRover_Mock/lib/pkgconfig/WRover_Mock.pc'
[1.459s] Level 1:colcon.colcon_core.environment:checking '/workspace/install/WRover_Mock/lib/python3.12/site-packages'
[1.460s] Level 1:colcon.colcon_core.shell:create_environment_hook('WRover_Mock', 'pythonpath')
[1.460s] INFO:colcon.colcon_core.shell:Creating environment hook '/workspace/install/WRover_Mock/share/WRover_Mock/hook/pythonpath.ps1'
[1.460s] INFO:colcon.colcon_core.shell:Creating environment descriptor '/workspace/install/WRover_Mock/share/WRover_Mock/hook/pythonpath.dsv'
[1.460s] INFO:colcon.colcon_core.shell:Creating environment hook '/workspace/install/WRover_Mock/share/WRover_Mock/hook/pythonpath.sh'
[1.460s] Level 1:colcon.colcon_core.environment:checking '/workspace/install/WRover_Mock/bin'
[1.461s] Level 1:colcon.colcon_core.environment:create_environment_scripts_only(WRover_Mock)
[1.461s] INFO:colcon.colcon_core.shell:Creating package script '/workspace/install/WRover_Mock/share/WRover_Mock/package.ps1'
[1.461s] INFO:colcon.colcon_core.shell:Creating package descriptor '/workspace/install/WRover_Mock/share/WRover_Mock/package.dsv'
[1.461s] INFO:colcon.colcon_core.shell:Creating package script '/workspace/install/WRover_Mock/share/WRover_Mock/package.sh'
[1.462s] INFO:colcon.colcon_core.shell:Creating package script '/workspace/install/WRover_Mock/share/WRover_Mock/package.bash'
[1.462s] INFO:colcon.colcon_core.shell:Creating package script '/workspace/install/WRover_Mock/share/WRover_Mock/package.zsh'
[1.462s] Level 1:colcon.colcon_core.environment:create_file_with_runtime_dependencies(/workspace/install/WRover_Mock/share/colcon-core/packages/WRover_Mock)
[1.778s] DEBUG:colcon.colcon_core.event_handler.log_command:Invoking command in '/workspace/WRPlay/src/robot_sim_gui': AMENT_PREFIX_PATH=/workspace/install/custom_msgs_srvs:${AMENT_PREFIX_PATH} CMAKE_PREFIX_PATH=/workspace/install/custom_msgs_srvs:${CMAKE_PREFIX_PATH} LD_LIBRARY_PATH=/workspace/install/custom_msgs_srvs/lib:${LD_LIBRARY_PATH} PYTHONPATH=/workspace/build/robot_sim_gui/prefix_override:/usr/lib/python3/dist-packages/colcon_core/task/python/colcon_distutils_commands:/workspace/install/robot_sim_gui/lib/python3.12/site-packages:/workspace/install/custom_msgs_srvs/lib/python3.12/site-packages:${PYTHONPATH} /usr/bin/python3 -W ignore:setup.py install is deprecated setup.py egg_info --egg-base ../../../build/robot_sim_gui build --build-base /workspace/build/robot_sim_gui/build install --record /workspace/build/robot_sim_gui/install.log --single-version-externally-managed install_data
[1.779s] DEBUG:colcon.colcon_core.event_handler.log_command:Invoking command in '/workspace/WRPlay/src/move_bot_sub': AMENT_PREFIX_PATH=/workspace/install/custom_msgs_srvs:${AMENT_PREFIX_PATH} CMAKE_PREFIX_PATH=/workspace/install/custom_msgs_srvs:${CMAKE_PREFIX_PATH} LD_LIBRARY_PATH=/workspace/install/custom_msgs_srvs/lib:${LD_LIBRARY_PATH} PYTHONPATH=/workspace/build/move_bot_sub/prefix_override:/usr/lib/python3/dist-packages/colcon_core/task/python/colcon_distutils_commands:/workspace/install/move_bot_sub/lib/python3.12/site-packages:/workspace/install/custom_msgs_srvs/lib/python3.12/site-packages:${PYTHONPATH} /usr/bin/python3 -W ignore:setup.py install is deprecated setup.py egg_info --egg-base ../../../build/move_bot_sub build --build-base /workspace/build/move_bot_sub/build install --record /workspace/build/move_bot_sub/install.log --single-version-externally-managed install_data
[2.074s] Level 1:colcon.colcon_core.environment:checking '/workspace/install/robot_sim_gui' for CMake module files
[2.074s] DEBUG:colcon.colcon_core.event_handler.log_command:Invoked command in '/workspace/WRPlay/src/robot_sim_gui' returned '0': AMENT_PREFIX_PATH=/workspace/install/custom_msgs_srvs:${AMENT_PREFIX_PATH} CMAKE_PREFIX_PATH=/workspace/install/custom_msgs_srvs:${CMAKE_PREFIX_PATH} LD_LIBRARY_PATH=/workspace/install/custom_msgs_srvs/lib:${LD_LIBRARY_PATH} PYTHONPATH=/workspace/build/robot_sim_gui/prefix_override:/usr/lib/python3/dist-packages/colcon_core/task/python/colcon_distutils_commands:/workspace/install/robot_sim_gui/lib/python3.12/site-packages:/workspace/install/custom_msgs_srvs/lib/python3.12/site-packages:${PYTHONPATH} /usr/bin/python3 -W ignore:setup.py install is deprecated setup.py egg_info --egg-base ../../../build/robot_sim_gui build --build-base /workspace/build/robot_sim_gui/build install --record /workspace/build/robot_sim_gui/install.log --single-version-externally-managed install_data
[2.074s] Level 1:colcon.colcon_core.environment:checking '/workspace/install/robot_sim_gui' for CMake config files
[2.075s] Level 1:colcon.colcon_core.environment:checking '/workspace/install/robot_sim_gui/lib'
[2.075s] Level 1:colcon.colcon_core.environment:checking '/workspace/install/robot_sim_gui/bin'
[2.075s] Level 1:colcon.colcon_core.environment:checking '/workspace/install/robot_sim_gui/lib/pkgconfig/robot_sim_gui.pc'
[2.075s] Level 1:colcon.colcon_core.environment:checking '/workspace/install/robot_sim_gui/lib/python3.12/site-packages'
[2.075s] Level 1:colcon.colcon_core.shell:create_environment_hook('robot_sim_gui', 'pythonpath')
[2.075s] INFO:colcon.colcon_core.shell:Creating environment hook '/workspace/install/robot_sim_gui/share/robot_sim_gui/hook/pythonpath.ps1'
[2.075s] INFO:colcon.colcon_core.shell:Creating environment descriptor '/workspace/install/robot_sim_gui/share/robot_sim_gui/hook/pythonpath.dsv'
[2.076s] INFO:colcon.colcon_core.shell:Creating environment hook '/workspace/install/robot_sim_gui/share/robot_sim_gui/hook/pythonpath.sh'
[2.076s] Level 1:colcon.colcon_core.environment:checking '/workspace/install/robot_sim_gui/bin'
[2.076s] Level 1:colcon.colcon_core.environment:create_environment_scripts_only(robot_sim_gui)
[2.076s] INFO:colcon.colcon_core.shell:Creating package script '/workspace/install/robot_sim_gui/share/robot_sim_gui/package.ps1'
[2.076s] INFO:colcon.colcon_core.shell:Creating package descriptor '/workspace/install/robot_sim_gui/share/robot_sim_gui/package.dsv'
[2.077s] INFO:colcon.colcon_core.shell:Creating package script '/workspace/install/robot_sim_gui/share/robot_sim_gui/package.sh'
[2.077s] INFO:colcon.colcon_core.shell:Creating package script '/workspace/install/robot_sim_gui/share/robot_sim_gui/package.bash'
[2.077s] INFO:colcon.colcon_core.shell:Creating package script '/workspace/install/robot_sim_gui/share/robot_sim_gui/package.zsh'
[2.077s] Level 1:colcon.colcon_core.environment:create_file_with_runtime_dependencies(/workspace/install/robot_sim_gui/share/colcon-core/packages/robot_sim_gui)
[2.078s] Level 1:colcon.colcon_core.environment:checking '/workspace/install/move_bot_sub' for CMake module files
[2.078s] DEBUG:colcon.colcon_core.event_handler.log_command:Invoked command in '/workspace/WRPlay/src/move_bot_sub' returned '0': AMENT_PREFIX_PATH=/workspace/install/custom_msgs_srvs:${AMENT_PREFIX_PATH} CMAKE_PREFIX_PATH=/workspace/install/custom_msgs_srvs:${CMAKE_PREFIX_PATH} LD_LIBRARY_PATH=/workspace/install/custom_msgs_srvs/lib:${LD_LIBRARY_PATH} PYTHONPATH=/workspace/build/move_bot_sub/prefix_override:/usr/lib/python3/dist-packages/colcon_core/task/python/colcon_distutils_commands:/workspace/install/move_bot_sub/lib/python3.12/site-packages:/workspace/install/custom_msgs_srvs/lib/python3.12/site-packages:${PYTHONPATH} /usr/bin/python3 -W ignore:setup.py install is deprecated setup.py egg_info --egg-base ../../../build/move_bot_sub build --build-base /workspace/build/move_bot_sub/build install --record /workspace/build/move_bot_sub/install.log --single-version-externally-managed install_data
[2.078s] Level 1:colcon.colcon_core.environment:checking '/workspace/install/move_bot_sub' for CMake config files
[2.079s] Level 1:colcon.colcon_core.environment:checking '/workspace/install/move_bot_sub/lib'
[2.079s] Level 1:colcon.colcon_core.environment:checking '/workspace/install/move_bot_sub/bin'
[2.079s] Level 1:colcon.colcon_core.environment:checking '/workspace/install/move_bot_sub/lib/pkgconfig/move_bot_sub.pc'
[2.079s] Level 1:colcon.colcon_core.environment:checking '/workspace/install/move_bot_sub/lib/python3.12/site-packages'
[2.079s] Level 1:colcon.colcon_core.shell:create_environment_hook('move_bot_sub', 'pythonpath')
[2.079s] INFO:colcon.colcon_core.shell:Creating environment hook '/workspace/install/move_bot_sub/share/move_bot_sub/hook/pythonpath.ps1'
[2.079s] INFO:colcon.colcon_core.shell:Creating environment descriptor '/workspace/install/move_bot_sub/share/move_bot_sub/hook/pythonpath.dsv'
[2.079s] INFO:colcon.colcon_core.shell:Creating environment hook '/workspace/install/move_bot_sub/share/move_bot_sub/hook/pythonpath.sh'
[2.080s] Level 1:colcon.colcon_core.environment:checking '/workspace/install/move_bot_sub/bin'
[2.080s] Level 1:colcon.colcon_core.environment:create_environment_scripts_only(move_bot_sub)
[2.080s] INFO:colcon.colcon_core.shell:Creating package script '/workspace/install/move_bot_sub/share/move_bot_sub/package.ps1'
[2.080s] INFO:colcon.colcon_core.shell:Creating package descriptor '/workspace/install/move_bot_sub/share/move_bot_sub/package.dsv'
[2.080s] INFO:colcon.colcon_core.shell:Creating package script '/workspace/install/move_bot_sub/share/move_bot_sub/package.sh'
[2.081s] INFO:colcon.colcon_core.shell:Creating package script '/workspace/install/move_bot_sub/share/move_bot_sub/package.bash'
[2.081s] INFO:colcon.colcon_core.shell:Creating package script '/workspace/install/move_bot_sub/share/move_bot_sub/package.zsh'
[2.081s] Level 1:colcon.colcon_core.environment:create_file_with_runtime_dependencies(/workspace/install/move_bot_sub/share/colcon-core/packages/move_bot_sub)
[2.081s] DEBUG:colcon.colcon_parallel_executor.executor.parallel:closing loop
[2.081s] DEBUG:colcon.colcon_parallel_executor.executor.parallel:loop closed
[2.081s] DEBUG:colcon.colcon_parallel_executor.executor.parallel:run_until_complete finished with '0'
[2.081s] DEBUG:colcon.colcon_core.event_reactor:joining thread
[2.090s] INFO:colcon.colcon_core.plugin_system:Skipping extension 'colcon_notification.desktop_notification.notify_send': Could not find 'notify-send'
[2.091s] INFO:colcon.colcon_core.plugin_system:Skipping extension 'colcon_notification.desktop_notification.terminal_notifier': Not used on non-Darwin systems
[2.091s] INFO:colcon.colcon_core.plugin_system:Skipping extension 'colcon_notification.desktop_notification.win32': Not used on non-Windows systems
[2.091s] INFO:colcon.colcon_notification.desktop_notification:Sending desktop notification using 'notify2'
[2.092s] DEBUG:colcon.colcon_notification.desktop_notification.notify2:Failed to initialize notify2: org.freedesktop.DBus.Error.InvalidFileContent: D-Bus library appears to be incorrectly set up: see the manual page for dbus-uuidgen to correct this issue. (Failed to open "/var/lib/dbus/machine-id": No such file or directory; UUID file '/etc/machine-id' should contain a hex string of length 32, not length 0, with no other text)
[2.092s] DEBUG:colcon.colcon_core.event_reactor:joined thread
[2.092s] INFO:colcon.colcon_core.shell:Creating prefix script '/workspace/install/local_setup.ps1'
[2.093s] INFO:colcon.colcon_core.shell:Creating prefix util module '/workspace/install/_local_setup_util_ps1.py'
[2.094s] INFO:colcon.colcon_core.shell:Creating prefix chain script '/workspace/install/setup.ps1'
[2.094s] INFO:colcon.colcon_core.shell:Creating prefix script '/workspace/install/local_setup.sh'
[2.095s] INFO:colcon.colcon_core.shell:Creating prefix util module '/workspace/install/_local_setup_util_sh.py'
[2.095s] INFO:colcon.colcon_core.shell:Creating prefix chain script '/workspace/install/setup.sh'
[2.096s] INFO:colcon.colcon_core.shell:Creating prefix script '/workspace/install/local_setup.bash'
[2.096s] INFO:colcon.colcon_core.shell:Creating prefix chain script '/workspace/install/setup.bash'
[2.096s] INFO:colcon.colcon_core.shell:Creating prefix script '/workspace/install/local_setup.zsh'
[2.097s] INFO:colcon.colcon_core.shell:Creating prefix chain script '/workspace/install/setup.zsh'
