/workspace/install/robot_sim_gui/lib/python3.12/site-packages/robot_sim_gui/Robot.py
/workspace/install/robot_sim_gui/lib/python3.12/site-packages/robot_sim_gui/__init__.py
/workspace/install/robot_sim_gui/lib/python3.12/site-packages/robot_sim_gui/RobotSimCanvas.py
/workspace/install/robot_sim_gui/lib/python3.12/site-packages/robot_sim_gui/gui.py
/workspace/install/robot_sim_gui/lib/python3.12/site-packages/robot_sim_gui/StatusLight.py
/workspace/install/robot_sim_gui/lib/python3.12/site-packages/robot_sim_gui/__pycache__/Robot.cpython-312.pyc
/workspace/install/robot_sim_gui/lib/python3.12/site-packages/robot_sim_gui/__pycache__/__init__.cpython-312.pyc
/workspace/install/robot_sim_gui/lib/python3.12/site-packages/robot_sim_gui/__pycache__/RobotSimCanvas.cpython-312.pyc
/workspace/install/robot_sim_gui/lib/python3.12/site-packages/robot_sim_gui/__pycache__/gui.cpython-312.pyc
/workspace/install/robot_sim_gui/lib/python3.12/site-packages/robot_sim_gui/__pycache__/StatusLight.cpython-312.pyc
/workspace/install/robot_sim_gui/share/ament_index/resource_index/packages/robot_sim_gui
/workspace/install/robot_sim_gui/share/robot_sim_gui/package.xml
/workspace/install/robot_sim_gui/lib/python3.12/site-packages/robot_sim_gui-0.0.0-py3.12.egg-info/requires.txt
/workspace/install/robot_sim_gui/lib/python3.12/site-packages/robot_sim_gui-0.0.0-py3.12.egg-info/entry_points.txt
/workspace/install/robot_sim_gui/lib/python3.12/site-packages/robot_sim_gui-0.0.0-py3.12.egg-info/zip-safe
/workspace/install/robot_sim_gui/lib/python3.12/site-packages/robot_sim_gui-0.0.0-py3.12.egg-info/top_level.txt
/workspace/install/robot_sim_gui/lib/python3.12/site-packages/robot_sim_gui-0.0.0-py3.12.egg-info/dependency_links.txt
/workspace/install/robot_sim_gui/lib/python3.12/site-packages/robot_sim_gui-0.0.0-py3.12.egg-info/SOURCES.txt
/workspace/install/robot_sim_gui/lib/python3.12/site-packages/robot_sim_gui-0.0.0-py3.12.egg-info/PKG-INFO
/workspace/install/robot_sim_gui/lib/robot_sim_gui/gui
