[0.733s] Invoking command in '/workspace/WRPlay/src/move_bot_sub': AMENT_PREFIX_PATH=/workspace/install/custom_msgs_srvs:${AMENT_PREFIX_PATH} CMAKE_PREFIX_PATH=/workspace/install/custom_msgs_srvs:${CMAKE_PREFIX_PATH} LD_LIBRARY_PATH=/workspace/install/custom_msgs_srvs/lib:${LD_LIBRARY_PATH} PYTHONPATH=/workspace/build/move_bot_sub/prefix_override:/usr/lib/python3/dist-packages/colcon_core/task/python/colcon_distutils_commands:/workspace/install/move_bot_sub/lib/python3.12/site-packages:/workspace/install/custom_msgs_srvs/lib/python3.12/site-packages:${PYTHONPATH} /usr/bin/python3 -W ignore:setup.py install is deprecated setup.py egg_info --egg-base ../../../build/move_bot_sub build --build-base /workspace/build/move_bot_sub/build install --record /workspace/build/move_bot_sub/install.log --single-version-externally-managed install_data
[0.884s] running egg_info
[0.893s] writing ../../../build/move_bot_sub/move_bot_sub.egg-info/PKG-INFO
[0.893s] writing dependency_links to ../../../build/move_bot_sub/move_bot_sub.egg-info/dependency_links.txt
[0.894s] writing entry points to ../../../build/move_bot_sub/move_bot_sub.egg-info/entry_points.txt
[0.894s] writing requirements to ../../../build/move_bot_sub/move_bot_sub.egg-info/requires.txt
[0.894s] writing top-level names to ../../../build/move_bot_sub/move_bot_sub.egg-info/top_level.txt
[0.912s] reading manifest file '../../../build/move_bot_sub/move_bot_sub.egg-info/SOURCES.txt'
[0.912s] adding license file 'LICENSE'
[0.912s] writing manifest file '../../../build/move_bot_sub/move_bot_sub.egg-info/SOURCES.txt'
[0.913s] running build
[0.913s] running build_py
[0.913s] copying move_bot_sub/publisher_member_function.py -> /workspace/build/move_bot_sub/build/lib/move_bot_sub
[0.913s] running install
[0.917s] running install_lib
[0.926s] copying /workspace/build/move_bot_sub/build/lib/move_bot_sub/publisher_member_function.py -> /workspace/install/move_bot_sub/lib/python3.12/site-packages/move_bot_sub
[0.927s] byte-compiling /workspace/install/move_bot_sub/lib/python3.12/site-packages/move_bot_sub/publisher_member_function.py to publisher_member_function.cpython-312.pyc
[0.927s] running install_data
[0.927s] running install_egg_info
[0.937s] removing '/workspace/install/move_bot_sub/lib/python3.12/site-packages/move_bot_sub-0.0.0-py3.12.egg-info' (and everything under it)
[0.938s] Copying ../../../build/move_bot_sub/move_bot_sub.egg-info to /workspace/install/move_bot_sub/lib/python3.12/site-packages/move_bot_sub-0.0.0-py3.12.egg-info
[0.938s] running install_scripts
[1.009s] Installing talker script to /workspace/install/move_bot_sub/lib/move_bot_sub
[1.009s] writing list of installed files to '/workspace/build/move_bot_sub/install.log'
[1.032s] Invoked command in '/workspace/WRPlay/src/move_bot_sub' returned '0': AMENT_PREFIX_PATH=/workspace/install/custom_msgs_srvs:${AMENT_PREFIX_PATH} CMAKE_PREFIX_PATH=/workspace/install/custom_msgs_srvs:${CMAKE_PREFIX_PATH} LD_LIBRARY_PATH=/workspace/install/custom_msgs_srvs/lib:${LD_LIBRARY_PATH} PYTHONPATH=/workspace/build/move_bot_sub/prefix_override:/usr/lib/python3/dist-packages/colcon_core/task/python/colcon_distutils_commands:/workspace/install/move_bot_sub/lib/python3.12/site-packages:/workspace/install/custom_msgs_srvs/lib/python3.12/site-packages:${PYTHONPATH} /usr/bin/python3 -W ignore:setup.py install is deprecated setup.py egg_info --egg-base ../../../build/move_bot_sub build --build-base /workspace/build/move_bot_sub/build install --record /workspace/build/move_bot_sub/install.log --single-version-externally-managed install_data
