running egg_info
writing ../../../build/robot_sim_gui/robot_sim_gui.egg-info/PKG-INFO
writing dependency_links to ../../../build/robot_sim_gui/robot_sim_gui.egg-info/dependency_links.txt
writing entry points to ../../../build/robot_sim_gui/robot_sim_gui.egg-info/entry_points.txt
writing requirements to ../../../build/robot_sim_gui/robot_sim_gui.egg-info/requires.txt
writing top-level names to ../../../build/robot_sim_gui/robot_sim_gui.egg-info/top_level.txt
reading manifest file '../../../build/robot_sim_gui/robot_sim_gui.egg-info/SOURCES.txt'
adding license file 'LICENSE'
writing manifest file '../../../build/robot_sim_gui/robot_sim_gui.egg-info/SOURCES.txt'
running build
running build_py
running install
running install_lib
running install_data
running install_egg_info
removing '/workspace/install/robot_sim_gui/lib/python3.12/site-packages/robot_sim_gui-0.0.0-py3.12.egg-info' (and everything under it)
Copying ../../../build/robot_sim_gui/robot_sim_gui.egg-info to /workspace/install/robot_sim_gui/lib/python3.12/site-packages/robot_sim_gui-0.0.0-py3.12.egg-info
running install_scripts
Installing gui script to /workspace/install/robot_sim_gui/lib/robot_sim_gui
writing list of installed files to '/workspace/build/robot_sim_gui/install.log'
