-- The C compiler identification is GNU 13.2.0
-- The CXX compiler identification is GNU 13.2.0
-- Detecting C compiler ABI info
-- Detecting C compiler ABI info - done
-- Check for working C compiler: /usr/bin/cc - skipped
-- Detecting C compile features
-- Detecting C compile features - done
-- Detecting CXX compiler ABI info
-- Detecting CXX compiler ABI info - done
-- Check for working CXX compiler: /usr/bin/c++ - skipped
-- Detecting CXX compile features
-- Detecting CXX compile features - done
-- Found ament_cmake: 2.5.0 (/home/balabalu/ros2_jazzy/install/ament_cmake/share/ament_cmake/cmake)
-- Found Python3: /usr/bin/python3 (found version "3.12.3") found components: Interpreter 
-- Found ament_lint_auto: 0.17.0 (/home/balabalu/ros2_jazzy/install/ament_lint_auto/share/ament_lint_auto/cmake)
-- Added test 'lint_cmake' to check CMake code style
-- Added test 'xmllint' to check XML markup files
-- Configuring done (7.2s)
-- Generating done (0.0s)
-- Build files have been written to: /home/balabalu/workspace/WRPlayTemp/build/wrover_mock
-- Install configuration: ""
-- Installing: /home/balabalu/workspace/WRPlayTemp/install/wrover_mock/share/ament_index/resource_index/package_run_dependencies/wrover_mock
-- Installing: /home/balabalu/workspace/WRPlayTemp/install/wrover_mock/share/ament_index/resource_index/parent_prefix_path/wrover_mock
-- Installing: /home/balabalu/workspace/WRPlayTemp/install/wrover_mock/share/wrover_mock/environment/ament_prefix_path.sh
-- Installing: /home/balabalu/workspace/WRPlayTemp/install/wrover_mock/share/wrover_mock/environment/ament_prefix_path.dsv
-- Installing: /home/balabalu/workspace/WRPlayTemp/install/wrover_mock/share/wrover_mock/environment/path.sh
-- Installing: /home/balabalu/workspace/WRPlayTemp/install/wrover_mock/share/wrover_mock/environment/path.dsv
-- Installing: /home/balabalu/workspace/WRPlayTemp/install/wrover_mock/share/wrover_mock/local_setup.bash
-- Installing: /home/balabalu/workspace/WRPlayTemp/install/wrover_mock/share/wrover_mock/local_setup.sh
-- Installing: /home/balabalu/workspace/WRPlayTemp/install/wrover_mock/share/wrover_mock/local_setup.zsh
-- Installing: /home/balabalu/workspace/WRPlayTemp/install/wrover_mock/share/wrover_mock/local_setup.dsv
-- Installing: /home/balabalu/workspace/WRPlayTemp/install/wrover_mock/share/wrover_mock/package.dsv
-- Installing: /home/balabalu/workspace/WRPlayTemp/install/wrover_mock/share/ament_index/resource_index/packages/wrover_mock
-- Installing: /home/balabalu/workspace/WRPlayTemp/install/wrover_mock/share/wrover_mock/cmake/wrover_mockConfig.cmake
-- Installing: /home/balabalu/workspace/WRPlayTemp/install/wrover_mock/share/wrover_mock/cmake/wrover_mockConfig-version.cmake
-- Installing: /home/balabalu/workspace/WRPlayTemp/install/wrover_mock/share/wrover_mock/package.xml
