[3.644s] Invoking command in '/home/balabalu/workspace/WRPlayTemp/src/WRover_Mock': DEBUGINFOD_URLS=https://debuginfod.ubuntu.com PYTHONPATH=/home/balabalu/workspace/WRPlayTemp/build/WRover_Mock/prefix_override:/home/balabalu/workspace/WRPlayTemp/install/WRover_Mock/lib/python3.12/site-packages:${PYTHONPATH} /usr/bin/python3 -W ignore:setup.py install is deprecated setup.py egg_info --egg-base ../../build/WRover_Mock build --build-base /home/balabalu/workspace/WRPlayTemp/build/WRover_Mock/build install --record /home/balabalu/workspace/WRPlayTemp/build/WRover_Mock/install.log --single-version-externally-managed install_data
[4.378s] running egg_info
[4.380s] creating ../../build/WRover_Mock/WRover_Mock.egg-info
[4.440s] writing ../../build/WRover_Mock/WRover_Mock.egg-info/PKG-INFO
[4.440s] writing dependency_links to ../../build/WRover_Mock/WRover_Mock.egg-info/dependency_links.txt
[4.441s] writing entry points to ../../build/WRover_Mock/WRover_Mock.egg-info/entry_points.txt
[4.442s] writing requirements to ../../build/WRover_Mock/WRover_Mock.egg-info/requires.txt
[4.442s] writing top-level names to ../../build/WRover_Mock/WRover_Mock.egg-info/top_level.txt
[4.442s] writing manifest file '../../build/WRover_Mock/WRover_Mock.egg-info/SOURCES.txt'
[4.532s] reading manifest file '../../build/WRover_Mock/WRover_Mock.egg-info/SOURCES.txt'
[4.533s] adding license file 'LICENSE'
[4.534s] writing manifest file '../../build/WRover_Mock/WRover_Mock.egg-info/SOURCES.txt'
[4.535s] running build
[4.535s] running build_py
[4.536s] creating /home/balabalu/workspace/WRPlayTemp/build/WRover_Mock/build
[4.536s] creating /home/balabalu/workspace/WRPlayTemp/build/WRover_Mock/build/lib
[4.536s] creating /home/balabalu/workspace/WRPlayTemp/build/WRover_Mock/build/lib/WRover_Mock
[4.536s] copying WRover_Mock/AbstractRobot.py -> /home/balabalu/workspace/WRPlayTemp/build/WRover_Mock/build/lib/WRover_Mock
[4.536s] copying WRover_Mock/Robot.py -> /home/balabalu/workspace/WRPlayTemp/build/WRover_Mock/build/lib/WRover_Mock
[4.536s] copying WRover_Mock/__init__.py -> /home/balabalu/workspace/WRPlayTemp/build/WRover_Mock/build/lib/WRover_Mock
[4.536s] running install
[4.548s] running install_lib
[4.593s] creating /home/balabalu/workspace/WRPlayTemp/install/WRover_Mock/lib/python3.12/site-packages/WRover_Mock
[4.595s] copying /home/balabalu/workspace/WRPlayTemp/build/WRover_Mock/build/lib/WRover_Mock/AbstractRobot.py -> /home/balabalu/workspace/WRPlayTemp/install/WRover_Mock/lib/python3.12/site-packages/WRover_Mock
[4.595s] copying /home/balabalu/workspace/WRPlayTemp/build/WRover_Mock/build/lib/WRover_Mock/Robot.py -> /home/balabalu/workspace/WRPlayTemp/install/WRover_Mock/lib/python3.12/site-packages/WRover_Mock
[4.595s] copying /home/balabalu/workspace/WRPlayTemp/build/WRover_Mock/build/lib/WRover_Mock/__init__.py -> /home/balabalu/workspace/WRPlayTemp/install/WRover_Mock/lib/python3.12/site-packages/WRover_Mock
[4.598s] byte-compiling /home/balabalu/workspace/WRPlayTemp/install/WRover_Mock/lib/python3.12/site-packages/WRover_Mock/AbstractRobot.py to AbstractRobot.cpython-312.pyc
[4.601s] Sorry: IndentationError: unexpected indent (AbstractRobot.py, line 104)
[4.601s]   File "/home/balabalu/workspace/WRPlayTemp/install/WRover_Mock/lib/python3.12/site-packages/WRover_Mock/Robot.py", line 24
[4.601s]     10)queue_size=
[4.602s]        ^^^^^^^^^^
[4.602s] SyntaxError: invalid syntax
[4.602s] 
[4.602s] byte-compiling /home/balabalu/workspace/WRPlayTemp/install/WRover_Mock/lib/python3.12/site-packages/WRover_Mock/Robot.py to Robot.cpython-312.pyc
[4.602s] byte-compiling /home/balabalu/workspace/WRPlayTemp/install/WRover_Mock/lib/python3.12/site-packages/WRover_Mock/__init__.py to __init__.cpython-312.pyc
[4.602s] running install_data
[4.602s] creating /home/balabalu/workspace/WRPlayTemp/install/WRover_Mock/share/ament_index
[4.602s] creating /home/balabalu/workspace/WRPlayTemp/install/WRover_Mock/share/ament_index/resource_index
[4.602s] creating /home/balabalu/workspace/WRPlayTemp/install/WRover_Mock/share/ament_index/resource_index/packages
[4.602s] copying resource/WRover_Mock -> /home/balabalu/workspace/WRPlayTemp/install/WRover_Mock/share/ament_index/resource_index/packages
[4.603s] copying package.xml -> /home/balabalu/workspace/WRPlayTemp/install/WRover_Mock/share/WRover_Mock
[4.603s] running install_egg_info
[4.650s] Copying ../../build/WRover_Mock/WRover_Mock.egg-info to /home/balabalu/workspace/WRPlayTemp/install/WRover_Mock/lib/python3.12/site-packages/WRover_Mock-0.0.0-py3.12.egg-info
[4.654s] running install_scripts
[5.048s] Installing Robot script to /home/balabalu/workspace/WRPlayTemp/install/WRover_Mock/lib/WRover_Mock
[5.049s] writing list of installed files to '/home/balabalu/workspace/WRPlayTemp/build/WRover_Mock/install.log'
[5.134s] Invoked command in '/home/balabalu/workspace/WRPlayTemp/src/WRover_Mock' returned '0': DEBUGINFOD_URLS=https://debuginfod.ubuntu.com PYTHONPATH=/home/balabalu/workspace/WRPlayTemp/build/WRover_Mock/prefix_override:/home/balabalu/workspace/WRPlayTemp/install/WRover_Mock/lib/python3.12/site-packages:${PYTHONPATH} /usr/bin/python3 -W ignore:setup.py install is deprecated setup.py egg_info --egg-base ../../build/WRover_Mock build --build-base /home/balabalu/workspace/WRPlayTemp/build/WRover_Mock/build install --record /home/balabalu/workspace/WRPlayTemp/build/WRover_Mock/install.log --single-version-externally-managed install_data
