[  1%] Built target custom_msgs_srvs__rosidl_generator_type_description
[  1%] Built target ament_cmake_python_copy_custom_msgs_srvs
[  3%] Built target custom_msgs_srvs__cpp
[ 25%] Built target custom_msgs_srvs__rosidl_generator_c
[ 34%] Built target custom_msgs_srvs__rosidl_typesupport_c
[ 43%] Built target custom_msgs_srvs__rosidl_typesupport_introspection_c
[ 53%] Built target custom_msgs_srvs__rosidl_typesupport_fastrtps_cpp
[ 62%] Built target custom_msgs_srvs__rosidl_typesupport_cpp
[ 71%] Built target custom_msgs_srvs__rosidl_typesupport_fastrtps_c
[ 81%] Built target custom_msgs_srvs__rosidl_typesupport_introspection_cpp
[ 81%] Built target custom_msgs_srvs
[ 82%] Built target custom_msgs_srvs__py
[ 90%] Built target custom_msgs_srvs__rosidl_generator_py
[ 93%] Built target custom_msgs_srvs_s__rosidl_typesupport_fastrtps_c
[ 96%] Built target custom_msgs_srvs_s__rosidl_typesupport_introspection_c
[100%] Built target custom_msgs_srvs_s__rosidl_typesupport_c
running egg_info
writing custom_msgs_srvs.egg-info/PKG-INFO
writing dependency_links to custom_msgs_srvs.egg-info/dependency_links.txt
writing top-level names to custom_msgs_srvs.egg-info/top_level.txt
reading manifest file 'custom_msgs_srvs.egg-info/SOURCES.txt'
writing manifest file 'custom_msgs_srvs.egg-info/SOURCES.txt'
[100%] Built target ament_cmake_python_build_custom_msgs_srvs_egg
-- Install configuration: ""
-- Up-to-date: /workspace/install/custom_msgs_srvs/share/ament_index/resource_index/rosidl_interfaces/custom_msgs_srvs
-- Up-to-date: /workspace/install/custom_msgs_srvs/share/custom_msgs_srvs/msg/DrivePower.json
-- Up-to-date: /workspace/install/custom_msgs_srvs/share/custom_msgs_srvs/msg/IRSensorData.json
-- Up-to-date: /workspace/install/custom_msgs_srvs/share/custom_msgs_srvs/srv/ContinuationStatus.json
-- Up-to-date: /workspace/install/custom_msgs_srvs/share/custom_msgs_srvs/srv/LightStatus.json
-- Up-to-date: /workspace/install/custom_msgs_srvs/include/custom_msgs_srvs/custom_msgs_srvs
-- Up-to-date: /workspace/install/custom_msgs_srvs/include/custom_msgs_srvs/custom_msgs_srvs/srv
-- Up-to-date: /workspace/install/custom_msgs_srvs/include/custom_msgs_srvs/custom_msgs_srvs/srv/detail
-- Up-to-date: /workspace/install/custom_msgs_srvs/include/custom_msgs_srvs/custom_msgs_srvs/srv/detail/continuation_status__description.c
-- Up-to-date: /workspace/install/custom_msgs_srvs/include/custom_msgs_srvs/custom_msgs_srvs/srv/detail/continuation_status__functions.c
-- Up-to-date: /workspace/install/custom_msgs_srvs/include/custom_msgs_srvs/custom_msgs_srvs/srv/detail/continuation_status__type_support.c
-- Up-to-date: /workspace/install/custom_msgs_srvs/include/custom_msgs_srvs/custom_msgs_srvs/srv/detail/light_status__functions.c
-- Up-to-date: /workspace/install/custom_msgs_srvs/include/custom_msgs_srvs/custom_msgs_srvs/srv/detail/continuation_status__functions.h
-- Up-to-date: /workspace/install/custom_msgs_srvs/include/custom_msgs_srvs/custom_msgs_srvs/srv/detail/continuation_status__struct.h
-- Up-to-date: /workspace/install/custom_msgs_srvs/include/custom_msgs_srvs/custom_msgs_srvs/srv/detail/continuation_status__type_support.h
-- Up-to-date: /workspace/install/custom_msgs_srvs/include/custom_msgs_srvs/custom_msgs_srvs/srv/detail/light_status__type_support.c
-- Up-to-date: /workspace/install/custom_msgs_srvs/include/custom_msgs_srvs/custom_msgs_srvs/srv/detail/light_status__type_support.h
-- Up-to-date: /workspace/install/custom_msgs_srvs/include/custom_msgs_srvs/custom_msgs_srvs/srv/detail/light_status__description.c
-- Up-to-date: /workspace/install/custom_msgs_srvs/include/custom_msgs_srvs/custom_msgs_srvs/srv/detail/light_status__functions.h
-- Up-to-date: /workspace/install/custom_msgs_srvs/include/custom_msgs_srvs/custom_msgs_srvs/srv/detail/light_status__struct.h
-- Up-to-date: /workspace/install/custom_msgs_srvs/include/custom_msgs_srvs/custom_msgs_srvs/srv/continuation_status.h
-- Up-to-date: /workspace/install/custom_msgs_srvs/include/custom_msgs_srvs/custom_msgs_srvs/srv/light_status.h
-- Up-to-date: /workspace/install/custom_msgs_srvs/include/custom_msgs_srvs/custom_msgs_srvs/msg
-- Up-to-date: /workspace/install/custom_msgs_srvs/include/custom_msgs_srvs/custom_msgs_srvs/msg/ir_sensor_data.h
-- Up-to-date: /workspace/install/custom_msgs_srvs/include/custom_msgs_srvs/custom_msgs_srvs/msg/detail
-- Up-to-date: /workspace/install/custom_msgs_srvs/include/custom_msgs_srvs/custom_msgs_srvs/msg/detail/drive_power__functions.c
-- Up-to-date: /workspace/install/custom_msgs_srvs/include/custom_msgs_srvs/custom_msgs_srvs/msg/detail/ir_sensor_data__description.c
-- Up-to-date: /workspace/install/custom_msgs_srvs/include/custom_msgs_srvs/custom_msgs_srvs/msg/detail/ir_sensor_data__type_support.c
-- Up-to-date: /workspace/install/custom_msgs_srvs/include/custom_msgs_srvs/custom_msgs_srvs/msg/detail/drive_power__type_support.h
-- Up-to-date: /workspace/install/custom_msgs_srvs/include/custom_msgs_srvs/custom_msgs_srvs/msg/detail/drive_power__functions.h
-- Up-to-date: /workspace/install/custom_msgs_srvs/include/custom_msgs_srvs/custom_msgs_srvs/msg/detail/ir_sensor_data__struct.h
-- Up-to-date: /workspace/install/custom_msgs_srvs/include/custom_msgs_srvs/custom_msgs_srvs/msg/detail/ir_sensor_data__type_support.h
-- Up-to-date: /workspace/install/custom_msgs_srvs/include/custom_msgs_srvs/custom_msgs_srvs/msg/detail/ir_sensor_data__functions.h
-- Up-to-date: /workspace/install/custom_msgs_srvs/include/custom_msgs_srvs/custom_msgs_srvs/msg/detail/drive_power__struct.h
-- Up-to-date: /workspace/install/custom_msgs_srvs/include/custom_msgs_srvs/custom_msgs_srvs/msg/detail/drive_power__type_support.c
-- Up-to-date: /workspace/install/custom_msgs_srvs/include/custom_msgs_srvs/custom_msgs_srvs/msg/detail/ir_sensor_data__functions.c
-- Up-to-date: /workspace/install/custom_msgs_srvs/include/custom_msgs_srvs/custom_msgs_srvs/msg/detail/drive_power__description.c
-- Up-to-date: /workspace/install/custom_msgs_srvs/include/custom_msgs_srvs/custom_msgs_srvs/msg/rosidl_generator_c__visibility_control.h
-- Up-to-date: /workspace/install/custom_msgs_srvs/include/custom_msgs_srvs/custom_msgs_srvs/msg/drive_power.h
-- Up-to-date: /workspace/install/custom_msgs_srvs/share/custom_msgs_srvs/environment/library_path.sh
-- Up-to-date: /workspace/install/custom_msgs_srvs/share/custom_msgs_srvs/environment/library_path.dsv
-- Up-to-date: /workspace/install/custom_msgs_srvs/lib/libcustom_msgs_srvs__rosidl_generator_c.so
-- Up-to-date: /workspace/install/custom_msgs_srvs/include/custom_msgs_srvs/custom_msgs_srvs
-- Up-to-date: /workspace/install/custom_msgs_srvs/include/custom_msgs_srvs/custom_msgs_srvs/srv
-- Up-to-date: /workspace/install/custom_msgs_srvs/include/custom_msgs_srvs/custom_msgs_srvs/srv/detail
-- Up-to-date: /workspace/install/custom_msgs_srvs/include/custom_msgs_srvs/custom_msgs_srvs/srv/detail/light_status__rosidl_typesupport_fastrtps_c.h
-- Up-to-date: /workspace/install/custom_msgs_srvs/include/custom_msgs_srvs/custom_msgs_srvs/srv/detail/continuation_status__rosidl_typesupport_fastrtps_c.h
-- Up-to-date: /workspace/install/custom_msgs_srvs/include/custom_msgs_srvs/custom_msgs_srvs/msg
-- Up-to-date: /workspace/install/custom_msgs_srvs/include/custom_msgs_srvs/custom_msgs_srvs/msg/detail
-- Up-to-date: /workspace/install/custom_msgs_srvs/include/custom_msgs_srvs/custom_msgs_srvs/msg/detail/drive_power__rosidl_typesupport_fastrtps_c.h
-- Up-to-date: /workspace/install/custom_msgs_srvs/include/custom_msgs_srvs/custom_msgs_srvs/msg/detail/ir_sensor_data__rosidl_typesupport_fastrtps_c.h
-- Up-to-date: /workspace/install/custom_msgs_srvs/include/custom_msgs_srvs/custom_msgs_srvs/msg/rosidl_typesupport_fastrtps_c__visibility_control.h
-- Up-to-date: /workspace/install/custom_msgs_srvs/lib/libcustom_msgs_srvs__rosidl_typesupport_fastrtps_c.so
-- Up-to-date: /workspace/install/custom_msgs_srvs/include/custom_msgs_srvs/custom_msgs_srvs
-- Up-to-date: /workspace/install/custom_msgs_srvs/include/custom_msgs_srvs/custom_msgs_srvs/srv
-- Up-to-date: /workspace/install/custom_msgs_srvs/include/custom_msgs_srvs/custom_msgs_srvs/srv/detail
-- Up-to-date: /workspace/install/custom_msgs_srvs/include/custom_msgs_srvs/custom_msgs_srvs/srv/detail/continuation_status__type_support.c
-- Up-to-date: /workspace/install/custom_msgs_srvs/include/custom_msgs_srvs/custom_msgs_srvs/srv/detail/light_status__rosidl_typesupport_introspection_c.h
-- Up-to-date: /workspace/install/custom_msgs_srvs/include/custom_msgs_srvs/custom_msgs_srvs/srv/detail/continuation_status__rosidl_typesupport_introspection_c.h
-- Up-to-date: /workspace/install/custom_msgs_srvs/include/custom_msgs_srvs/custom_msgs_srvs/srv/detail/light_status__type_support.c
-- Up-to-date: /workspace/install/custom_msgs_srvs/include/custom_msgs_srvs/custom_msgs_srvs/msg
-- Up-to-date: /workspace/install/custom_msgs_srvs/include/custom_msgs_srvs/custom_msgs_srvs/msg/detail
-- Up-to-date: /workspace/install/custom_msgs_srvs/include/custom_msgs_srvs/custom_msgs_srvs/msg/detail/ir_sensor_data__type_support.c
-- Up-to-date: /workspace/install/custom_msgs_srvs/include/custom_msgs_srvs/custom_msgs_srvs/msg/detail/drive_power__rosidl_typesupport_introspection_c.h
-- Up-to-date: /workspace/install/custom_msgs_srvs/include/custom_msgs_srvs/custom_msgs_srvs/msg/detail/drive_power__type_support.c
-- Up-to-date: /workspace/install/custom_msgs_srvs/include/custom_msgs_srvs/custom_msgs_srvs/msg/detail/ir_sensor_data__rosidl_typesupport_introspection_c.h
-- Up-to-date: /workspace/install/custom_msgs_srvs/include/custom_msgs_srvs/custom_msgs_srvs/msg/rosidl_typesupport_introspection_c__visibility_control.h
-- Up-to-date: /workspace/install/custom_msgs_srvs/lib/libcustom_msgs_srvs__rosidl_typesupport_introspection_c.so
-- Up-to-date: /workspace/install/custom_msgs_srvs/lib/libcustom_msgs_srvs__rosidl_typesupport_c.so
-- Up-to-date: /workspace/install/custom_msgs_srvs/include/custom_msgs_srvs/custom_msgs_srvs
-- Up-to-date: /workspace/install/custom_msgs_srvs/include/custom_msgs_srvs/custom_msgs_srvs/srv
-- Up-to-date: /workspace/install/custom_msgs_srvs/include/custom_msgs_srvs/custom_msgs_srvs/srv/detail
-- Up-to-date: /workspace/install/custom_msgs_srvs/include/custom_msgs_srvs/custom_msgs_srvs/srv/detail/continuation_status__traits.hpp
-- Up-to-date: /workspace/install/custom_msgs_srvs/include/custom_msgs_srvs/custom_msgs_srvs/srv/detail/continuation_status__struct.hpp
-- Up-to-date: /workspace/install/custom_msgs_srvs/include/custom_msgs_srvs/custom_msgs_srvs/srv/detail/continuation_status__builder.hpp
-- Up-to-date: /workspace/install/custom_msgs_srvs/include/custom_msgs_srvs/custom_msgs_srvs/srv/detail/light_status__builder.hpp
-- Up-to-date: /workspace/install/custom_msgs_srvs/include/custom_msgs_srvs/custom_msgs_srvs/srv/detail/continuation_status__type_support.hpp
-- Up-to-date: /workspace/install/custom_msgs_srvs/include/custom_msgs_srvs/custom_msgs_srvs/srv/detail/light_status__struct.hpp
-- Up-to-date: /workspace/install/custom_msgs_srvs/include/custom_msgs_srvs/custom_msgs_srvs/srv/detail/light_status__type_support.hpp
-- Up-to-date: /workspace/install/custom_msgs_srvs/include/custom_msgs_srvs/custom_msgs_srvs/srv/detail/light_status__traits.hpp
-- Up-to-date: /workspace/install/custom_msgs_srvs/include/custom_msgs_srvs/custom_msgs_srvs/srv/light_status.hpp
-- Up-to-date: /workspace/install/custom_msgs_srvs/include/custom_msgs_srvs/custom_msgs_srvs/srv/continuation_status.hpp
-- Up-to-date: /workspace/install/custom_msgs_srvs/include/custom_msgs_srvs/custom_msgs_srvs/msg
-- Up-to-date: /workspace/install/custom_msgs_srvs/include/custom_msgs_srvs/custom_msgs_srvs/msg/detail
-- Up-to-date: /workspace/install/custom_msgs_srvs/include/custom_msgs_srvs/custom_msgs_srvs/msg/detail/drive_power__type_support.hpp
-- Up-to-date: /workspace/install/custom_msgs_srvs/include/custom_msgs_srvs/custom_msgs_srvs/msg/detail/drive_power__traits.hpp
-- Up-to-date: /workspace/install/custom_msgs_srvs/include/custom_msgs_srvs/custom_msgs_srvs/msg/detail/ir_sensor_data__traits.hpp
-- Up-to-date: /workspace/install/custom_msgs_srvs/include/custom_msgs_srvs/custom_msgs_srvs/msg/detail/ir_sensor_data__struct.hpp
-- Up-to-date: /workspace/install/custom_msgs_srvs/include/custom_msgs_srvs/custom_msgs_srvs/msg/detail/drive_power__builder.hpp
-- Up-to-date: /workspace/install/custom_msgs_srvs/include/custom_msgs_srvs/custom_msgs_srvs/msg/detail/ir_sensor_data__builder.hpp
-- Up-to-date: /workspace/install/custom_msgs_srvs/include/custom_msgs_srvs/custom_msgs_srvs/msg/detail/drive_power__struct.hpp
-- Up-to-date: /workspace/install/custom_msgs_srvs/include/custom_msgs_srvs/custom_msgs_srvs/msg/detail/ir_sensor_data__type_support.hpp
-- Up-to-date: /workspace/install/custom_msgs_srvs/include/custom_msgs_srvs/custom_msgs_srvs/msg/rosidl_generator_cpp__visibility_control.hpp
-- Up-to-date: /workspace/install/custom_msgs_srvs/include/custom_msgs_srvs/custom_msgs_srvs/msg/drive_power.hpp
-- Up-to-date: /workspace/install/custom_msgs_srvs/include/custom_msgs_srvs/custom_msgs_srvs/msg/ir_sensor_data.hpp
-- Up-to-date: /workspace/install/custom_msgs_srvs/include/custom_msgs_srvs/custom_msgs_srvs
-- Up-to-date: /workspace/install/custom_msgs_srvs/include/custom_msgs_srvs/custom_msgs_srvs/srv
-- Up-to-date: /workspace/install/custom_msgs_srvs/include/custom_msgs_srvs/custom_msgs_srvs/srv/detail
-- Up-to-date: /workspace/install/custom_msgs_srvs/include/custom_msgs_srvs/custom_msgs_srvs/srv/detail/light_status__rosidl_typesupport_fastrtps_cpp.hpp
-- Up-to-date: /workspace/install/custom_msgs_srvs/include/custom_msgs_srvs/custom_msgs_srvs/srv/detail/continuation_status__rosidl_typesupport_fastrtps_cpp.hpp
-- Up-to-date: /workspace/install/custom_msgs_srvs/include/custom_msgs_srvs/custom_msgs_srvs/srv/detail/dds_fastrtps
-- Up-to-date: /workspace/install/custom_msgs_srvs/include/custom_msgs_srvs/custom_msgs_srvs/msg
-- Up-to-date: /workspace/install/custom_msgs_srvs/include/custom_msgs_srvs/custom_msgs_srvs/msg/detail
-- Up-to-date: /workspace/install/custom_msgs_srvs/include/custom_msgs_srvs/custom_msgs_srvs/msg/detail/drive_power__rosidl_typesupport_fastrtps_cpp.hpp
-- Up-to-date: /workspace/install/custom_msgs_srvs/include/custom_msgs_srvs/custom_msgs_srvs/msg/detail/ir_sensor_data__rosidl_typesupport_fastrtps_cpp.hpp
-- Up-to-date: /workspace/install/custom_msgs_srvs/include/custom_msgs_srvs/custom_msgs_srvs/msg/detail/dds_fastrtps
-- Up-to-date: /workspace/install/custom_msgs_srvs/include/custom_msgs_srvs/custom_msgs_srvs/msg/rosidl_typesupport_fastrtps_cpp__visibility_control.h
-- Up-to-date: /workspace/install/custom_msgs_srvs/lib/libcustom_msgs_srvs__rosidl_typesupport_fastrtps_cpp.so
-- Up-to-date: /workspace/install/custom_msgs_srvs/include/custom_msgs_srvs/custom_msgs_srvs
-- Up-to-date: /workspace/install/custom_msgs_srvs/include/custom_msgs_srvs/custom_msgs_srvs/srv
-- Up-to-date: /workspace/install/custom_msgs_srvs/include/custom_msgs_srvs/custom_msgs_srvs/srv/detail
-- Up-to-date: /workspace/install/custom_msgs_srvs/include/custom_msgs_srvs/custom_msgs_srvs/srv/detail/light_status__rosidl_typesupport_introspection_cpp.hpp
-- Up-to-date: /workspace/install/custom_msgs_srvs/include/custom_msgs_srvs/custom_msgs_srvs/srv/detail/continuation_status__type_support.cpp
-- Up-to-date: /workspace/install/custom_msgs_srvs/include/custom_msgs_srvs/custom_msgs_srvs/srv/detail/light_status__type_support.cpp
-- Up-to-date: /workspace/install/custom_msgs_srvs/include/custom_msgs_srvs/custom_msgs_srvs/srv/detail/continuation_status__rosidl_typesupport_introspection_cpp.hpp
-- Up-to-date: /workspace/install/custom_msgs_srvs/include/custom_msgs_srvs/custom_msgs_srvs/msg
-- Up-to-date: /workspace/install/custom_msgs_srvs/include/custom_msgs_srvs/custom_msgs_srvs/msg/detail
-- Up-to-date: /workspace/install/custom_msgs_srvs/include/custom_msgs_srvs/custom_msgs_srvs/msg/detail/ir_sensor_data__rosidl_typesupport_introspection_cpp.hpp
-- Up-to-date: /workspace/install/custom_msgs_srvs/include/custom_msgs_srvs/custom_msgs_srvs/msg/detail/drive_power__rosidl_typesupport_introspection_cpp.hpp
-- Up-to-date: /workspace/install/custom_msgs_srvs/include/custom_msgs_srvs/custom_msgs_srvs/msg/detail/ir_sensor_data__type_support.cpp
-- Up-to-date: /workspace/install/custom_msgs_srvs/include/custom_msgs_srvs/custom_msgs_srvs/msg/detail/drive_power__type_support.cpp
-- Up-to-date: /workspace/install/custom_msgs_srvs/lib/libcustom_msgs_srvs__rosidl_typesupport_introspection_cpp.so
-- Up-to-date: /workspace/install/custom_msgs_srvs/lib/libcustom_msgs_srvs__rosidl_typesupport_cpp.so
-- Up-to-date: /workspace/install/custom_msgs_srvs/share/custom_msgs_srvs/environment/pythonpath.sh
-- Up-to-date: /workspace/install/custom_msgs_srvs/share/custom_msgs_srvs/environment/pythonpath.dsv
-- Up-to-date: /workspace/install/custom_msgs_srvs/lib/python3.12/site-packages/custom_msgs_srvs-0.0.0-py3.12.egg-info
-- Installing: /workspace/install/custom_msgs_srvs/lib/python3.12/site-packages/custom_msgs_srvs-0.0.0-py3.12.egg-info/top_level.txt
-- Installing: /workspace/install/custom_msgs_srvs/lib/python3.12/site-packages/custom_msgs_srvs-0.0.0-py3.12.egg-info/dependency_links.txt
-- Installing: /workspace/install/custom_msgs_srvs/lib/python3.12/site-packages/custom_msgs_srvs-0.0.0-py3.12.egg-info/SOURCES.txt
-- Installing: /workspace/install/custom_msgs_srvs/lib/python3.12/site-packages/custom_msgs_srvs-0.0.0-py3.12.egg-info/PKG-INFO
-- Up-to-date: /workspace/install/custom_msgs_srvs/lib/python3.12/site-packages/custom_msgs_srvs
-- Up-to-date: /workspace/install/custom_msgs_srvs/lib/python3.12/site-packages/custom_msgs_srvs/__init__.py
-- Up-to-date: /workspace/install/custom_msgs_srvs/lib/python3.12/site-packages/custom_msgs_srvs/_custom_msgs_srvs_s.ep.rosidl_typesupport_c.c
-- Up-to-date: /workspace/install/custom_msgs_srvs/lib/python3.12/site-packages/custom_msgs_srvs/custom_msgs_srvs_s__rosidl_typesupport_c.so
-- Up-to-date: /workspace/install/custom_msgs_srvs/lib/python3.12/site-packages/custom_msgs_srvs/srv
-- Up-to-date: /workspace/install/custom_msgs_srvs/lib/python3.12/site-packages/custom_msgs_srvs/srv/__init__.py
-- Up-to-date: /workspace/install/custom_msgs_srvs/lib/python3.12/site-packages/custom_msgs_srvs/srv/_continuation_status.py
-- Up-to-date: /workspace/install/custom_msgs_srvs/lib/python3.12/site-packages/custom_msgs_srvs/srv/_continuation_status_s.c
-- Up-to-date: /workspace/install/custom_msgs_srvs/lib/python3.12/site-packages/custom_msgs_srvs/srv/_light_status.py
-- Up-to-date: /workspace/install/custom_msgs_srvs/lib/python3.12/site-packages/custom_msgs_srvs/srv/_light_status_s.c
-- Up-to-date: /workspace/install/custom_msgs_srvs/lib/python3.12/site-packages/custom_msgs_srvs/msg
-- Up-to-date: /workspace/install/custom_msgs_srvs/lib/python3.12/site-packages/custom_msgs_srvs/msg/__init__.py
-- Up-to-date: /workspace/install/custom_msgs_srvs/lib/python3.12/site-packages/custom_msgs_srvs/msg/_drive_power.py
-- Up-to-date: /workspace/install/custom_msgs_srvs/lib/python3.12/site-packages/custom_msgs_srvs/msg/_ir_sensor_data_s.c
-- Up-to-date: /workspace/install/custom_msgs_srvs/lib/python3.12/site-packages/custom_msgs_srvs/msg/_drive_power_s.c
-- Up-to-date: /workspace/install/custom_msgs_srvs/lib/python3.12/site-packages/custom_msgs_srvs/msg/_ir_sensor_data.py
-- Up-to-date: /workspace/install/custom_msgs_srvs/lib/python3.12/site-packages/custom_msgs_srvs/custom_msgs_srvs_s__rosidl_typesupport_introspection_c.so
-- Up-to-date: /workspace/install/custom_msgs_srvs/lib/python3.12/site-packages/custom_msgs_srvs/custom_msgs_srvs_s__rosidl_typesupport_fastrtps_c.so
-- Up-to-date: /workspace/install/custom_msgs_srvs/lib/python3.12/site-packages/custom_msgs_srvs/_custom_msgs_srvs_s.ep.rosidl_typesupport_fastrtps_c.c
-- Up-to-date: /workspace/install/custom_msgs_srvs/lib/python3.12/site-packages/custom_msgs_srvs/_custom_msgs_srvs_s.ep.rosidl_typesupport_introspection_c.c
Listing '/workspace/install/custom_msgs_srvs/lib/python3.12/site-packages/custom_msgs_srvs'...
Listing '/workspace/install/custom_msgs_srvs/lib/python3.12/site-packages/custom_msgs_srvs/msg'...
Listing '/workspace/install/custom_msgs_srvs/lib/python3.12/site-packages/custom_msgs_srvs/srv'...
-- Up-to-date: /workspace/install/custom_msgs_srvs/lib/python3.12/site-packages/custom_msgs_srvs/custom_msgs_srvs_s__rosidl_typesupport_fastrtps_c.so
-- Up-to-date: /workspace/install/custom_msgs_srvs/lib/python3.12/site-packages/custom_msgs_srvs/custom_msgs_srvs_s__rosidl_typesupport_introspection_c.so
-- Up-to-date: /workspace/install/custom_msgs_srvs/lib/python3.12/site-packages/custom_msgs_srvs/custom_msgs_srvs_s__rosidl_typesupport_c.so
-- Up-to-date: /workspace/install/custom_msgs_srvs/lib/libcustom_msgs_srvs__rosidl_generator_py.so
-- Up-to-date: /workspace/install/custom_msgs_srvs/share/custom_msgs_srvs/msg/DrivePower.idl
-- Up-to-date: /workspace/install/custom_msgs_srvs/share/custom_msgs_srvs/msg/IRSensorData.idl
-- Up-to-date: /workspace/install/custom_msgs_srvs/share/custom_msgs_srvs/srv/ContinuationStatus.idl
-- Up-to-date: /workspace/install/custom_msgs_srvs/share/custom_msgs_srvs/srv/LightStatus.idl
-- Up-to-date: /workspace/install/custom_msgs_srvs/share/custom_msgs_srvs/msg/DrivePower.msg
-- Up-to-date: /workspace/install/custom_msgs_srvs/share/custom_msgs_srvs/msg/IRSensorData.msg
-- Up-to-date: /workspace/install/custom_msgs_srvs/share/custom_msgs_srvs/srv/ContinuationStatus.srv
-- Up-to-date: /workspace/install/custom_msgs_srvs/share/custom_msgs_srvs/srv/LightStatus.srv
-- Up-to-date: /workspace/install/custom_msgs_srvs/share/ament_index/resource_index/package_run_dependencies/custom_msgs_srvs
-- Up-to-date: /workspace/install/custom_msgs_srvs/share/ament_index/resource_index/parent_prefix_path/custom_msgs_srvs
-- Up-to-date: /workspace/install/custom_msgs_srvs/share/custom_msgs_srvs/environment/ament_prefix_path.sh
-- Up-to-date: /workspace/install/custom_msgs_srvs/share/custom_msgs_srvs/environment/ament_prefix_path.dsv
-- Up-to-date: /workspace/install/custom_msgs_srvs/share/custom_msgs_srvs/environment/path.sh
-- Up-to-date: /workspace/install/custom_msgs_srvs/share/custom_msgs_srvs/environment/path.dsv
-- Up-to-date: /workspace/install/custom_msgs_srvs/share/custom_msgs_srvs/local_setup.bash
-- Up-to-date: /workspace/install/custom_msgs_srvs/share/custom_msgs_srvs/local_setup.sh
-- Up-to-date: /workspace/install/custom_msgs_srvs/share/custom_msgs_srvs/local_setup.zsh
-- Up-to-date: /workspace/install/custom_msgs_srvs/share/custom_msgs_srvs/local_setup.dsv
-- Installing: /workspace/install/custom_msgs_srvs/share/custom_msgs_srvs/package.dsv
-- Up-to-date: /workspace/install/custom_msgs_srvs/share/ament_index/resource_index/packages/custom_msgs_srvs
-- Up-to-date: /workspace/install/custom_msgs_srvs/share/custom_msgs_srvs/cmake/export_custom_msgs_srvs__rosidl_generator_cExport.cmake
-- Up-to-date: /workspace/install/custom_msgs_srvs/share/custom_msgs_srvs/cmake/export_custom_msgs_srvs__rosidl_generator_cExport-noconfig.cmake
-- Up-to-date: /workspace/install/custom_msgs_srvs/share/custom_msgs_srvs/cmake/export_custom_msgs_srvs__rosidl_typesupport_fastrtps_cExport.cmake
-- Up-to-date: /workspace/install/custom_msgs_srvs/share/custom_msgs_srvs/cmake/export_custom_msgs_srvs__rosidl_typesupport_fastrtps_cExport-noconfig.cmake
-- Up-to-date: /workspace/install/custom_msgs_srvs/share/custom_msgs_srvs/cmake/custom_msgs_srvs__rosidl_typesupport_introspection_cExport.cmake
-- Up-to-date: /workspace/install/custom_msgs_srvs/share/custom_msgs_srvs/cmake/custom_msgs_srvs__rosidl_typesupport_introspection_cExport-noconfig.cmake
-- Up-to-date: /workspace/install/custom_msgs_srvs/share/custom_msgs_srvs/cmake/custom_msgs_srvs__rosidl_typesupport_cExport.cmake
-- Up-to-date: /workspace/install/custom_msgs_srvs/share/custom_msgs_srvs/cmake/custom_msgs_srvs__rosidl_typesupport_cExport-noconfig.cmake
-- Up-to-date: /workspace/install/custom_msgs_srvs/share/custom_msgs_srvs/cmake/export_custom_msgs_srvs__rosidl_generator_cppExport.cmake
-- Up-to-date: /workspace/install/custom_msgs_srvs/share/custom_msgs_srvs/cmake/export_custom_msgs_srvs__rosidl_typesupport_fastrtps_cppExport.cmake
-- Up-to-date: /workspace/install/custom_msgs_srvs/share/custom_msgs_srvs/cmake/export_custom_msgs_srvs__rosidl_typesupport_fastrtps_cppExport-noconfig.cmake
-- Up-to-date: /workspace/install/custom_msgs_srvs/share/custom_msgs_srvs/cmake/custom_msgs_srvs__rosidl_typesupport_introspection_cppExport.cmake
-- Up-to-date: /workspace/install/custom_msgs_srvs/share/custom_msgs_srvs/cmake/custom_msgs_srvs__rosidl_typesupport_introspection_cppExport-noconfig.cmake
-- Up-to-date: /workspace/install/custom_msgs_srvs/share/custom_msgs_srvs/cmake/custom_msgs_srvs__rosidl_typesupport_cppExport.cmake
-- Up-to-date: /workspace/install/custom_msgs_srvs/share/custom_msgs_srvs/cmake/custom_msgs_srvs__rosidl_typesupport_cppExport-noconfig.cmake
-- Up-to-date: /workspace/install/custom_msgs_srvs/share/custom_msgs_srvs/cmake/export_custom_msgs_srvs__rosidl_generator_pyExport.cmake
-- Up-to-date: /workspace/install/custom_msgs_srvs/share/custom_msgs_srvs/cmake/export_custom_msgs_srvs__rosidl_generator_pyExport-noconfig.cmake
-- Up-to-date: /workspace/install/custom_msgs_srvs/share/custom_msgs_srvs/cmake/rosidl_cmake-extras.cmake
-- Up-to-date: /workspace/install/custom_msgs_srvs/share/custom_msgs_srvs/cmake/ament_cmake_export_dependencies-extras.cmake
-- Up-to-date: /workspace/install/custom_msgs_srvs/share/custom_msgs_srvs/cmake/ament_cmake_export_include_directories-extras.cmake
-- Up-to-date: /workspace/install/custom_msgs_srvs/share/custom_msgs_srvs/cmake/ament_cmake_export_libraries-extras.cmake
-- Up-to-date: /workspace/install/custom_msgs_srvs/share/custom_msgs_srvs/cmake/ament_cmake_export_targets-extras.cmake
-- Up-to-date: /workspace/install/custom_msgs_srvs/share/custom_msgs_srvs/cmake/rosidl_cmake_export_typesupport_targets-extras.cmake
-- Up-to-date: /workspace/install/custom_msgs_srvs/share/custom_msgs_srvs/cmake/rosidl_cmake_export_typesupport_libraries-extras.cmake
-- Up-to-date: /workspace/install/custom_msgs_srvs/share/custom_msgs_srvs/cmake/custom_msgs_srvsConfig.cmake
-- Up-to-date: /workspace/install/custom_msgs_srvs/share/custom_msgs_srvs/cmake/custom_msgs_srvsConfig-version.cmake
-- Up-to-date: /workspace/install/custom_msgs_srvs/share/custom_msgs_srvs/package.xml
