[0.015s] Invoking command in '/workspace/build/custom_msgs_srvs': CMAKE_PREFIX_PATH=${CMAKE_PREFIX_PATH}:/opt/ros/jazzy /usr/bin/cmake --build /workspace/build/custom_msgs_srvs -- -j16 -l16
[0.097s] [  1%] Built target custom_msgs_srvs__rosidl_generator_type_description
[0.105s] [  1%] Built target ament_cmake_python_copy_custom_msgs_srvs
[0.118s] [  3%] Built target custom_msgs_srvs__cpp
[0.127s] [ 25%] Built target custom_msgs_srvs__rosidl_generator_c
[0.151s] [ 34%] Built target custom_msgs_srvs__rosidl_typesupport_c
[0.153s] [ 43%] Built target custom_msgs_srvs__rosidl_typesupport_introspection_c
[0.153s] [ 53%] Built target custom_msgs_srvs__rosidl_typesupport_fastrtps_cpp
[0.155s] [ 62%] Built target custom_msgs_srvs__rosidl_typesupport_cpp
[0.156s] [ 71%] Built target custom_msgs_srvs__rosidl_typesupport_fastrtps_c
[0.157s] [ 81%] Built target custom_msgs_srvs__rosidl_typesupport_introspection_cpp
[0.175s] [ 81%] Built target custom_msgs_srvs
[0.192s] [ 82%] Built target custom_msgs_srvs__py
[0.221s] [ 90%] Built target custom_msgs_srvs__rosidl_generator_py
[0.243s] [ 93%] Built target custom_msgs_srvs_s__rosidl_typesupport_fastrtps_c
[0.246s] [ 96%] Built target custom_msgs_srvs_s__rosidl_typesupport_introspection_c
[0.249s] [100%] Built target custom_msgs_srvs_s__rosidl_typesupport_c
[0.264s] running egg_info
[0.272s] writing custom_msgs_srvs.egg-info/PKG-INFO
[0.272s] writing dependency_links to custom_msgs_srvs.egg-info/dependency_links.txt
[0.272s] writing top-level names to custom_msgs_srvs.egg-info/top_level.txt
[0.295s] reading manifest file 'custom_msgs_srvs.egg-info/SOURCES.txt'
[0.295s] writing manifest file 'custom_msgs_srvs.egg-info/SOURCES.txt'
[0.320s] [100%] Built target ament_cmake_python_build_custom_msgs_srvs_egg
[0.338s] Invoked command in '/workspace/build/custom_msgs_srvs' returned '0': CMAKE_PREFIX_PATH=${CMAKE_PREFIX_PATH}:/opt/ros/jazzy /usr/bin/cmake --build /workspace/build/custom_msgs_srvs -- -j16 -l16
[0.498s] Invoking command in '/workspace/build/custom_msgs_srvs': CMAKE_PREFIX_PATH=${CMAKE_PREFIX_PATH}:/opt/ros/jazzy /usr/bin/cmake --install /workspace/build/custom_msgs_srvs
[0.505s] -- Install configuration: ""
[0.505s] -- Up-to-date: /workspace/install/custom_msgs_srvs/share/ament_index/resource_index/rosidl_interfaces/custom_msgs_srvs
[0.505s] -- Up-to-date: /workspace/install/custom_msgs_srvs/share/custom_msgs_srvs/msg/DrivePower.json
[0.506s] -- Up-to-date: /workspace/install/custom_msgs_srvs/share/custom_msgs_srvs/msg/IRSensorData.json
[0.506s] -- Up-to-date: /workspace/install/custom_msgs_srvs/share/custom_msgs_srvs/srv/ContinuationStatus.json
[0.506s] -- Up-to-date: /workspace/install/custom_msgs_srvs/share/custom_msgs_srvs/srv/LightStatus.json
[0.506s] -- Up-to-date: /workspace/install/custom_msgs_srvs/include/custom_msgs_srvs/custom_msgs_srvs
[0.506s] -- Up-to-date: /workspace/install/custom_msgs_srvs/include/custom_msgs_srvs/custom_msgs_srvs/srv
[0.506s] -- Up-to-date: /workspace/install/custom_msgs_srvs/include/custom_msgs_srvs/custom_msgs_srvs/srv/detail
[0.506s] -- Up-to-date: /workspace/install/custom_msgs_srvs/include/custom_msgs_srvs/custom_msgs_srvs/srv/detail/continuation_status__description.c
[0.506s] -- Up-to-date: /workspace/install/custom_msgs_srvs/include/custom_msgs_srvs/custom_msgs_srvs/srv/detail/continuation_status__functions.c
[0.506s] -- Up-to-date: /workspace/install/custom_msgs_srvs/include/custom_msgs_srvs/custom_msgs_srvs/srv/detail/continuation_status__type_support.c
[0.506s] -- Up-to-date: /workspace/install/custom_msgs_srvs/include/custom_msgs_srvs/custom_msgs_srvs/srv/detail/light_status__functions.c
[0.506s] -- Up-to-date: /workspace/install/custom_msgs_srvs/include/custom_msgs_srvs/custom_msgs_srvs/srv/detail/continuation_status__functions.h
[0.506s] -- Up-to-date: /workspace/install/custom_msgs_srvs/include/custom_msgs_srvs/custom_msgs_srvs/srv/detail/continuation_status__struct.h
[0.506s] -- Up-to-date: /workspace/install/custom_msgs_srvs/include/custom_msgs_srvs/custom_msgs_srvs/srv/detail/continuation_status__type_support.h
[0.506s] -- Up-to-date: /workspace/install/custom_msgs_srvs/include/custom_msgs_srvs/custom_msgs_srvs/srv/detail/light_status__type_support.c
[0.507s] -- Up-to-date: /workspace/install/custom_msgs_srvs/include/custom_msgs_srvs/custom_msgs_srvs/srv/detail/light_status__type_support.h
[0.507s] -- Up-to-date: /workspace/install/custom_msgs_srvs/include/custom_msgs_srvs/custom_msgs_srvs/srv/detail/light_status__description.c
[0.507s] -- Up-to-date: /workspace/install/custom_msgs_srvs/include/custom_msgs_srvs/custom_msgs_srvs/srv/detail/light_status__functions.h
[0.507s] -- Up-to-date: /workspace/install/custom_msgs_srvs/include/custom_msgs_srvs/custom_msgs_srvs/srv/detail/light_status__struct.h
[0.507s] -- Up-to-date: /workspace/install/custom_msgs_srvs/include/custom_msgs_srvs/custom_msgs_srvs/srv/continuation_status.h
[0.507s] -- Up-to-date: /workspace/install/custom_msgs_srvs/include/custom_msgs_srvs/custom_msgs_srvs/srv/light_status.h
[0.507s] -- Up-to-date: /workspace/install/custom_msgs_srvs/include/custom_msgs_srvs/custom_msgs_srvs/msg
[0.507s] -- Up-to-date: /workspace/install/custom_msgs_srvs/include/custom_msgs_srvs/custom_msgs_srvs/msg/ir_sensor_data.h
[0.507s] -- Up-to-date: /workspace/install/custom_msgs_srvs/include/custom_msgs_srvs/custom_msgs_srvs/msg/detail
[0.507s] -- Up-to-date: /workspace/install/custom_msgs_srvs/include/custom_msgs_srvs/custom_msgs_srvs/msg/detail/drive_power__functions.c
[0.507s] -- Up-to-date: /workspace/install/custom_msgs_srvs/include/custom_msgs_srvs/custom_msgs_srvs/msg/detail/ir_sensor_data__description.c
[0.507s] -- Up-to-date: /workspace/install/custom_msgs_srvs/include/custom_msgs_srvs/custom_msgs_srvs/msg/detail/ir_sensor_data__type_support.c
[0.507s] -- Up-to-date: /workspace/install/custom_msgs_srvs/include/custom_msgs_srvs/custom_msgs_srvs/msg/detail/drive_power__type_support.h
[0.507s] -- Up-to-date: /workspace/install/custom_msgs_srvs/include/custom_msgs_srvs/custom_msgs_srvs/msg/detail/drive_power__functions.h
[0.507s] -- Up-to-date: /workspace/install/custom_msgs_srvs/include/custom_msgs_srvs/custom_msgs_srvs/msg/detail/ir_sensor_data__struct.h
[0.507s] -- Up-to-date: /workspace/install/custom_msgs_srvs/include/custom_msgs_srvs/custom_msgs_srvs/msg/detail/ir_sensor_data__type_support.h
[0.507s] -- Up-to-date: /workspace/install/custom_msgs_srvs/include/custom_msgs_srvs/custom_msgs_srvs/msg/detail/ir_sensor_data__functions.h
[0.507s] -- Up-to-date: /workspace/install/custom_msgs_srvs/include/custom_msgs_srvs/custom_msgs_srvs/msg/detail/drive_power__struct.h
[0.508s] -- Up-to-date: /workspace/install/custom_msgs_srvs/include/custom_msgs_srvs/custom_msgs_srvs/msg/detail/drive_power__type_support.c
[0.508s] -- Up-to-date: /workspace/install/custom_msgs_srvs/include/custom_msgs_srvs/custom_msgs_srvs/msg/detail/ir_sensor_data__functions.c
[0.508s] -- Up-to-date: /workspace/install/custom_msgs_srvs/include/custom_msgs_srvs/custom_msgs_srvs/msg/detail/drive_power__description.c
[0.508s] -- Up-to-date: /workspace/install/custom_msgs_srvs/include/custom_msgs_srvs/custom_msgs_srvs/msg/rosidl_generator_c__visibility_control.h
[0.508s] -- Up-to-date: /workspace/install/custom_msgs_srvs/include/custom_msgs_srvs/custom_msgs_srvs/msg/drive_power.h
[0.508s] -- Up-to-date: /workspace/install/custom_msgs_srvs/share/custom_msgs_srvs/environment/library_path.sh
[0.508s] -- Up-to-date: /workspace/install/custom_msgs_srvs/share/custom_msgs_srvs/environment/library_path.dsv
[0.508s] -- Up-to-date: /workspace/install/custom_msgs_srvs/lib/libcustom_msgs_srvs__rosidl_generator_c.so
[0.508s] -- Up-to-date: /workspace/install/custom_msgs_srvs/include/custom_msgs_srvs/custom_msgs_srvs
[0.508s] -- Up-to-date: /workspace/install/custom_msgs_srvs/include/custom_msgs_srvs/custom_msgs_srvs/srv
[0.508s] -- Up-to-date: /workspace/install/custom_msgs_srvs/include/custom_msgs_srvs/custom_msgs_srvs/srv/detail
[0.508s] -- Up-to-date: /workspace/install/custom_msgs_srvs/include/custom_msgs_srvs/custom_msgs_srvs/srv/detail/light_status__rosidl_typesupport_fastrtps_c.h
[0.508s] -- Up-to-date: /workspace/install/custom_msgs_srvs/include/custom_msgs_srvs/custom_msgs_srvs/srv/detail/continuation_status__rosidl_typesupport_fastrtps_c.h
[0.508s] -- Up-to-date: /workspace/install/custom_msgs_srvs/include/custom_msgs_srvs/custom_msgs_srvs/msg
[0.508s] -- Up-to-date: /workspace/install/custom_msgs_srvs/include/custom_msgs_srvs/custom_msgs_srvs/msg/detail
[0.508s] -- Up-to-date: /workspace/install/custom_msgs_srvs/include/custom_msgs_srvs/custom_msgs_srvs/msg/detail/drive_power__rosidl_typesupport_fastrtps_c.h
[0.508s] -- Up-to-date: /workspace/install/custom_msgs_srvs/include/custom_msgs_srvs/custom_msgs_srvs/msg/detail/ir_sensor_data__rosidl_typesupport_fastrtps_c.h
[0.508s] -- Up-to-date: /workspace/install/custom_msgs_srvs/include/custom_msgs_srvs/custom_msgs_srvs/msg/rosidl_typesupport_fastrtps_c__visibility_control.h
[0.508s] -- Up-to-date: /workspace/install/custom_msgs_srvs/lib/libcustom_msgs_srvs__rosidl_typesupport_fastrtps_c.so
[0.509s] -- Up-to-date: /workspace/install/custom_msgs_srvs/include/custom_msgs_srvs/custom_msgs_srvs
[0.509s] -- Up-to-date: /workspace/install/custom_msgs_srvs/include/custom_msgs_srvs/custom_msgs_srvs/srv
[0.509s] -- Up-to-date: /workspace/install/custom_msgs_srvs/include/custom_msgs_srvs/custom_msgs_srvs/srv/detail
[0.509s] -- Up-to-date: /workspace/install/custom_msgs_srvs/include/custom_msgs_srvs/custom_msgs_srvs/srv/detail/continuation_status__type_support.c
[0.509s] -- Up-to-date: /workspace/install/custom_msgs_srvs/include/custom_msgs_srvs/custom_msgs_srvs/srv/detail/light_status__rosidl_typesupport_introspection_c.h
[0.509s] -- Up-to-date: /workspace/install/custom_msgs_srvs/include/custom_msgs_srvs/custom_msgs_srvs/srv/detail/continuation_status__rosidl_typesupport_introspection_c.h
[0.509s] -- Up-to-date: /workspace/install/custom_msgs_srvs/include/custom_msgs_srvs/custom_msgs_srvs/srv/detail/light_status__type_support.c
[0.509s] -- Up-to-date: /workspace/install/custom_msgs_srvs/include/custom_msgs_srvs/custom_msgs_srvs/msg
[0.509s] -- Up-to-date: /workspace/install/custom_msgs_srvs/include/custom_msgs_srvs/custom_msgs_srvs/msg/detail
[0.509s] -- Up-to-date: /workspace/install/custom_msgs_srvs/include/custom_msgs_srvs/custom_msgs_srvs/msg/detail/ir_sensor_data__type_support.c
[0.509s] -- Up-to-date: /workspace/install/custom_msgs_srvs/include/custom_msgs_srvs/custom_msgs_srvs/msg/detail/drive_power__rosidl_typesupport_introspection_c.h
[0.509s] -- Up-to-date: /workspace/install/custom_msgs_srvs/include/custom_msgs_srvs/custom_msgs_srvs/msg/detail/drive_power__type_support.c
[0.509s] -- Up-to-date: /workspace/install/custom_msgs_srvs/include/custom_msgs_srvs/custom_msgs_srvs/msg/detail/ir_sensor_data__rosidl_typesupport_introspection_c.h
[0.509s] -- Up-to-date: /workspace/install/custom_msgs_srvs/include/custom_msgs_srvs/custom_msgs_srvs/msg/rosidl_typesupport_introspection_c__visibility_control.h
[0.509s] -- Up-to-date: /workspace/install/custom_msgs_srvs/lib/libcustom_msgs_srvs__rosidl_typesupport_introspection_c.so
[0.509s] -- Up-to-date: /workspace/install/custom_msgs_srvs/lib/libcustom_msgs_srvs__rosidl_typesupport_c.so
[0.509s] -- Up-to-date: /workspace/install/custom_msgs_srvs/include/custom_msgs_srvs/custom_msgs_srvs
[0.509s] -- Up-to-date: /workspace/install/custom_msgs_srvs/include/custom_msgs_srvs/custom_msgs_srvs/srv
[0.509s] -- Up-to-date: /workspace/install/custom_msgs_srvs/include/custom_msgs_srvs/custom_msgs_srvs/srv/detail
[0.510s] -- Up-to-date: /workspace/install/custom_msgs_srvs/include/custom_msgs_srvs/custom_msgs_srvs/srv/detail/continuation_status__traits.hpp
[0.510s] -- Up-to-date: /workspace/install/custom_msgs_srvs/include/custom_msgs_srvs/custom_msgs_srvs/srv/detail/continuation_status__struct.hpp
[0.510s] -- Up-to-date: /workspace/install/custom_msgs_srvs/include/custom_msgs_srvs/custom_msgs_srvs/srv/detail/continuation_status__builder.hpp
[0.510s] -- Up-to-date: /workspace/install/custom_msgs_srvs/include/custom_msgs_srvs/custom_msgs_srvs/srv/detail/light_status__builder.hpp
[0.510s] -- Up-to-date: /workspace/install/custom_msgs_srvs/include/custom_msgs_srvs/custom_msgs_srvs/srv/detail/continuation_status__type_support.hpp
[0.510s] -- Up-to-date: /workspace/install/custom_msgs_srvs/include/custom_msgs_srvs/custom_msgs_srvs/srv/detail/light_status__struct.hpp
[0.510s] -- Up-to-date: /workspace/install/custom_msgs_srvs/include/custom_msgs_srvs/custom_msgs_srvs/srv/detail/light_status__type_support.hpp
[0.510s] -- Up-to-date: /workspace/install/custom_msgs_srvs/include/custom_msgs_srvs/custom_msgs_srvs/srv/detail/light_status__traits.hpp
[0.510s] -- Up-to-date: /workspace/install/custom_msgs_srvs/include/custom_msgs_srvs/custom_msgs_srvs/srv/light_status.hpp
[0.510s] -- Up-to-date: /workspace/install/custom_msgs_srvs/include/custom_msgs_srvs/custom_msgs_srvs/srv/continuation_status.hpp
[0.510s] -- Up-to-date: /workspace/install/custom_msgs_srvs/include/custom_msgs_srvs/custom_msgs_srvs/msg
[0.510s] -- Up-to-date: /workspace/install/custom_msgs_srvs/include/custom_msgs_srvs/custom_msgs_srvs/msg/detail
[0.510s] -- Up-to-date: /workspace/install/custom_msgs_srvs/include/custom_msgs_srvs/custom_msgs_srvs/msg/detail/drive_power__type_support.hpp
[0.510s] -- Up-to-date: /workspace/install/custom_msgs_srvs/include/custom_msgs_srvs/custom_msgs_srvs/msg/detail/drive_power__traits.hpp
[0.510s] -- Up-to-date: /workspace/install/custom_msgs_srvs/include/custom_msgs_srvs/custom_msgs_srvs/msg/detail/ir_sensor_data__traits.hpp
[0.510s] -- Up-to-date: /workspace/install/custom_msgs_srvs/include/custom_msgs_srvs/custom_msgs_srvs/msg/detail/ir_sensor_data__struct.hpp
[0.510s] -- Up-to-date: /workspace/install/custom_msgs_srvs/include/custom_msgs_srvs/custom_msgs_srvs/msg/detail/drive_power__builder.hpp
[0.510s] -- Up-to-date: /workspace/install/custom_msgs_srvs/include/custom_msgs_srvs/custom_msgs_srvs/msg/detail/ir_sensor_data__builder.hpp
[0.510s] -- Up-to-date: /workspace/install/custom_msgs_srvs/include/custom_msgs_srvs/custom_msgs_srvs/msg/detail/drive_power__struct.hpp
[0.511s] -- Up-to-date: /workspace/install/custom_msgs_srvs/include/custom_msgs_srvs/custom_msgs_srvs/msg/detail/ir_sensor_data__type_support.hpp
[0.511s] -- Up-to-date: /workspace/install/custom_msgs_srvs/include/custom_msgs_srvs/custom_msgs_srvs/msg/rosidl_generator_cpp__visibility_control.hpp
[0.511s] -- Up-to-date: /workspace/install/custom_msgs_srvs/include/custom_msgs_srvs/custom_msgs_srvs/msg/drive_power.hpp
[0.511s] -- Up-to-date: /workspace/install/custom_msgs_srvs/include/custom_msgs_srvs/custom_msgs_srvs/msg/ir_sensor_data.hpp
[0.511s] -- Up-to-date: /workspace/install/custom_msgs_srvs/include/custom_msgs_srvs/custom_msgs_srvs
[0.511s] -- Up-to-date: /workspace/install/custom_msgs_srvs/include/custom_msgs_srvs/custom_msgs_srvs/srv
[0.511s] -- Up-to-date: /workspace/install/custom_msgs_srvs/include/custom_msgs_srvs/custom_msgs_srvs/srv/detail
[0.511s] -- Up-to-date: /workspace/install/custom_msgs_srvs/include/custom_msgs_srvs/custom_msgs_srvs/srv/detail/light_status__rosidl_typesupport_fastrtps_cpp.hpp
[0.511s] -- Up-to-date: /workspace/install/custom_msgs_srvs/include/custom_msgs_srvs/custom_msgs_srvs/srv/detail/continuation_status__rosidl_typesupport_fastrtps_cpp.hpp
[0.511s] -- Up-to-date: /workspace/install/custom_msgs_srvs/include/custom_msgs_srvs/custom_msgs_srvs/srv/detail/dds_fastrtps
[0.511s] -- Up-to-date: /workspace/install/custom_msgs_srvs/include/custom_msgs_srvs/custom_msgs_srvs/msg
[0.511s] -- Up-to-date: /workspace/install/custom_msgs_srvs/include/custom_msgs_srvs/custom_msgs_srvs/msg/detail
[0.511s] -- Up-to-date: /workspace/install/custom_msgs_srvs/include/custom_msgs_srvs/custom_msgs_srvs/msg/detail/drive_power__rosidl_typesupport_fastrtps_cpp.hpp
[0.511s] -- Up-to-date: /workspace/install/custom_msgs_srvs/include/custom_msgs_srvs/custom_msgs_srvs/msg/detail/ir_sensor_data__rosidl_typesupport_fastrtps_cpp.hpp
[0.511s] -- Up-to-date: /workspace/install/custom_msgs_srvs/include/custom_msgs_srvs/custom_msgs_srvs/msg/detail/dds_fastrtps
[0.511s] -- Up-to-date: /workspace/install/custom_msgs_srvs/include/custom_msgs_srvs/custom_msgs_srvs/msg/rosidl_typesupport_fastrtps_cpp__visibility_control.h
[0.511s] -- Up-to-date: /workspace/install/custom_msgs_srvs/lib/libcustom_msgs_srvs__rosidl_typesupport_fastrtps_cpp.so
[0.511s] -- Up-to-date: /workspace/install/custom_msgs_srvs/include/custom_msgs_srvs/custom_msgs_srvs
[0.511s] -- Up-to-date: /workspace/install/custom_msgs_srvs/include/custom_msgs_srvs/custom_msgs_srvs/srv
[0.511s] -- Up-to-date: /workspace/install/custom_msgs_srvs/include/custom_msgs_srvs/custom_msgs_srvs/srv/detail
[0.511s] -- Up-to-date: /workspace/install/custom_msgs_srvs/include/custom_msgs_srvs/custom_msgs_srvs/srv/detail/light_status__rosidl_typesupport_introspection_cpp.hpp
[0.511s] -- Up-to-date: /workspace/install/custom_msgs_srvs/include/custom_msgs_srvs/custom_msgs_srvs/srv/detail/continuation_status__type_support.cpp
[0.512s] -- Up-to-date: /workspace/install/custom_msgs_srvs/include/custom_msgs_srvs/custom_msgs_srvs/srv/detail/light_status__type_support.cpp
[0.512s] -- Up-to-date: /workspace/install/custom_msgs_srvs/include/custom_msgs_srvs/custom_msgs_srvs/srv/detail/continuation_status__rosidl_typesupport_introspection_cpp.hpp
[0.512s] -- Up-to-date: /workspace/install/custom_msgs_srvs/include/custom_msgs_srvs/custom_msgs_srvs/msg
[0.512s] -- Up-to-date: /workspace/install/custom_msgs_srvs/include/custom_msgs_srvs/custom_msgs_srvs/msg/detail
[0.512s] -- Up-to-date: /workspace/install/custom_msgs_srvs/include/custom_msgs_srvs/custom_msgs_srvs/msg/detail/ir_sensor_data__rosidl_typesupport_introspection_cpp.hpp
[0.512s] -- Up-to-date: /workspace/install/custom_msgs_srvs/include/custom_msgs_srvs/custom_msgs_srvs/msg/detail/drive_power__rosidl_typesupport_introspection_cpp.hpp
[0.512s] -- Up-to-date: /workspace/install/custom_msgs_srvs/include/custom_msgs_srvs/custom_msgs_srvs/msg/detail/ir_sensor_data__type_support.cpp
[0.512s] -- Up-to-date: /workspace/install/custom_msgs_srvs/include/custom_msgs_srvs/custom_msgs_srvs/msg/detail/drive_power__type_support.cpp
[0.512s] -- Up-to-date: /workspace/install/custom_msgs_srvs/lib/libcustom_msgs_srvs__rosidl_typesupport_introspection_cpp.so
[0.512s] -- Up-to-date: /workspace/install/custom_msgs_srvs/lib/libcustom_msgs_srvs__rosidl_typesupport_cpp.so
[0.512s] -- Up-to-date: /workspace/install/custom_msgs_srvs/share/custom_msgs_srvs/environment/pythonpath.sh
[0.512s] -- Up-to-date: /workspace/install/custom_msgs_srvs/share/custom_msgs_srvs/environment/pythonpath.dsv
[0.512s] -- Up-to-date: /workspace/install/custom_msgs_srvs/lib/python3.12/site-packages/custom_msgs_srvs-0.0.0-py3.12.egg-info
[0.512s] -- Installing: /workspace/install/custom_msgs_srvs/lib/python3.12/site-packages/custom_msgs_srvs-0.0.0-py3.12.egg-info/top_level.txt
[0.512s] -- Installing: /workspace/install/custom_msgs_srvs/lib/python3.12/site-packages/custom_msgs_srvs-0.0.0-py3.12.egg-info/dependency_links.txt
[0.512s] -- Installing: /workspace/install/custom_msgs_srvs/lib/python3.12/site-packages/custom_msgs_srvs-0.0.0-py3.12.egg-info/SOURCES.txt
[0.512s] -- Installing: /workspace/install/custom_msgs_srvs/lib/python3.12/site-packages/custom_msgs_srvs-0.0.0-py3.12.egg-info/PKG-INFO
[0.512s] -- Up-to-date: /workspace/install/custom_msgs_srvs/lib/python3.12/site-packages/custom_msgs_srvs
[0.512s] -- Up-to-date: /workspace/install/custom_msgs_srvs/lib/python3.12/site-packages/custom_msgs_srvs/__init__.py
[0.512s] -- Up-to-date: /workspace/install/custom_msgs_srvs/lib/python3.12/site-packages/custom_msgs_srvs/_custom_msgs_srvs_s.ep.rosidl_typesupport_c.c
[0.512s] -- Up-to-date: /workspace/install/custom_msgs_srvs/lib/python3.12/site-packages/custom_msgs_srvs/custom_msgs_srvs_s__rosidl_typesupport_c.so
[0.512s] -- Up-to-date: /workspace/install/custom_msgs_srvs/lib/python3.12/site-packages/custom_msgs_srvs/srv
[0.512s] -- Up-to-date: /workspace/install/custom_msgs_srvs/lib/python3.12/site-packages/custom_msgs_srvs/srv/__init__.py
[0.513s] -- Up-to-date: /workspace/install/custom_msgs_srvs/lib/python3.12/site-packages/custom_msgs_srvs/srv/_continuation_status.py
[0.513s] -- Up-to-date: /workspace/install/custom_msgs_srvs/lib/python3.12/site-packages/custom_msgs_srvs/srv/_continuation_status_s.c
[0.513s] -- Up-to-date: /workspace/install/custom_msgs_srvs/lib/python3.12/site-packages/custom_msgs_srvs/srv/_light_status.py
[0.513s] -- Up-to-date: /workspace/install/custom_msgs_srvs/lib/python3.12/site-packages/custom_msgs_srvs/srv/_light_status_s.c
[0.513s] -- Up-to-date: /workspace/install/custom_msgs_srvs/lib/python3.12/site-packages/custom_msgs_srvs/msg
[0.513s] -- Up-to-date: /workspace/install/custom_msgs_srvs/lib/python3.12/site-packages/custom_msgs_srvs/msg/__init__.py
[0.513s] -- Up-to-date: /workspace/install/custom_msgs_srvs/lib/python3.12/site-packages/custom_msgs_srvs/msg/_drive_power.py
[0.513s] -- Up-to-date: /workspace/install/custom_msgs_srvs/lib/python3.12/site-packages/custom_msgs_srvs/msg/_ir_sensor_data_s.c
[0.513s] -- Up-to-date: /workspace/install/custom_msgs_srvs/lib/python3.12/site-packages/custom_msgs_srvs/msg/_drive_power_s.c
[0.513s] -- Up-to-date: /workspace/install/custom_msgs_srvs/lib/python3.12/site-packages/custom_msgs_srvs/msg/_ir_sensor_data.py
[0.513s] -- Up-to-date: /workspace/install/custom_msgs_srvs/lib/python3.12/site-packages/custom_msgs_srvs/custom_msgs_srvs_s__rosidl_typesupport_introspection_c.so
[0.513s] -- Up-to-date: /workspace/install/custom_msgs_srvs/lib/python3.12/site-packages/custom_msgs_srvs/custom_msgs_srvs_s__rosidl_typesupport_fastrtps_c.so
[0.513s] -- Up-to-date: /workspace/install/custom_msgs_srvs/lib/python3.12/site-packages/custom_msgs_srvs/_custom_msgs_srvs_s.ep.rosidl_typesupport_fastrtps_c.c
[0.513s] -- Up-to-date: /workspace/install/custom_msgs_srvs/lib/python3.12/site-packages/custom_msgs_srvs/_custom_msgs_srvs_s.ep.rosidl_typesupport_introspection_c.c
[0.543s] Listing '/workspace/install/custom_msgs_srvs/lib/python3.12/site-packages/custom_msgs_srvs'...
[0.543s] Listing '/workspace/install/custom_msgs_srvs/lib/python3.12/site-packages/custom_msgs_srvs/msg'...
[0.543s] Listing '/workspace/install/custom_msgs_srvs/lib/python3.12/site-packages/custom_msgs_srvs/srv'...
[0.549s] -- Up-to-date: /workspace/install/custom_msgs_srvs/lib/python3.12/site-packages/custom_msgs_srvs/custom_msgs_srvs_s__rosidl_typesupport_fastrtps_c.so
[0.549s] -- Up-to-date: /workspace/install/custom_msgs_srvs/lib/python3.12/site-packages/custom_msgs_srvs/custom_msgs_srvs_s__rosidl_typesupport_introspection_c.so
[0.549s] -- Up-to-date: /workspace/install/custom_msgs_srvs/lib/python3.12/site-packages/custom_msgs_srvs/custom_msgs_srvs_s__rosidl_typesupport_c.so
[0.550s] -- Up-to-date: /workspace/install/custom_msgs_srvs/lib/libcustom_msgs_srvs__rosidl_generator_py.so
[0.550s] -- Up-to-date: /workspace/install/custom_msgs_srvs/share/custom_msgs_srvs/msg/DrivePower.idl
[0.550s] -- Up-to-date: /workspace/install/custom_msgs_srvs/share/custom_msgs_srvs/msg/IRSensorData.idl
[0.550s] -- Up-to-date: /workspace/install/custom_msgs_srvs/share/custom_msgs_srvs/srv/ContinuationStatus.idl
[0.550s] -- Up-to-date: /workspace/install/custom_msgs_srvs/share/custom_msgs_srvs/srv/LightStatus.idl
[0.550s] -- Up-to-date: /workspace/install/custom_msgs_srvs/share/custom_msgs_srvs/msg/DrivePower.msg
[0.550s] -- Up-to-date: /workspace/install/custom_msgs_srvs/share/custom_msgs_srvs/msg/IRSensorData.msg
[0.550s] -- Up-to-date: /workspace/install/custom_msgs_srvs/share/custom_msgs_srvs/srv/ContinuationStatus.srv
[0.551s] -- Up-to-date: /workspace/install/custom_msgs_srvs/share/custom_msgs_srvs/srv/LightStatus.srv
[0.551s] -- Up-to-date: /workspace/install/custom_msgs_srvs/share/ament_index/resource_index/package_run_dependencies/custom_msgs_srvs
[0.551s] -- Up-to-date: /workspace/install/custom_msgs_srvs/share/ament_index/resource_index/parent_prefix_path/custom_msgs_srvs
[0.551s] -- Up-to-date: /workspace/install/custom_msgs_srvs/share/custom_msgs_srvs/environment/ament_prefix_path.sh
[0.551s] -- Up-to-date: /workspace/install/custom_msgs_srvs/share/custom_msgs_srvs/environment/ament_prefix_path.dsv
[0.551s] -- Up-to-date: /workspace/install/custom_msgs_srvs/share/custom_msgs_srvs/environment/path.sh
[0.551s] -- Up-to-date: /workspace/install/custom_msgs_srvs/share/custom_msgs_srvs/environment/path.dsv
[0.551s] -- Up-to-date: /workspace/install/custom_msgs_srvs/share/custom_msgs_srvs/local_setup.bash
[0.551s] -- Up-to-date: /workspace/install/custom_msgs_srvs/share/custom_msgs_srvs/local_setup.sh
[0.551s] -- Up-to-date: /workspace/install/custom_msgs_srvs/share/custom_msgs_srvs/local_setup.zsh
[0.551s] -- Up-to-date: /workspace/install/custom_msgs_srvs/share/custom_msgs_srvs/local_setup.dsv
[0.552s] -- Installing: /workspace/install/custom_msgs_srvs/share/custom_msgs_srvs/package.dsv
[0.552s] -- Up-to-date: /workspace/install/custom_msgs_srvs/share/ament_index/resource_index/packages/custom_msgs_srvs
[0.552s] -- Up-to-date: /workspace/install/custom_msgs_srvs/share/custom_msgs_srvs/cmake/export_custom_msgs_srvs__rosidl_generator_cExport.cmake
[0.552s] -- Up-to-date: /workspace/install/custom_msgs_srvs/share/custom_msgs_srvs/cmake/export_custom_msgs_srvs__rosidl_generator_cExport-noconfig.cmake
[0.552s] -- Up-to-date: /workspace/install/custom_msgs_srvs/share/custom_msgs_srvs/cmake/export_custom_msgs_srvs__rosidl_typesupport_fastrtps_cExport.cmake
[0.553s] -- Up-to-date: /workspace/install/custom_msgs_srvs/share/custom_msgs_srvs/cmake/export_custom_msgs_srvs__rosidl_typesupport_fastrtps_cExport-noconfig.cmake
[0.553s] -- Up-to-date: /workspace/install/custom_msgs_srvs/share/custom_msgs_srvs/cmake/custom_msgs_srvs__rosidl_typesupport_introspection_cExport.cmake
[0.553s] -- Up-to-date: /workspace/install/custom_msgs_srvs/share/custom_msgs_srvs/cmake/custom_msgs_srvs__rosidl_typesupport_introspection_cExport-noconfig.cmake
[0.553s] -- Up-to-date: /workspace/install/custom_msgs_srvs/share/custom_msgs_srvs/cmake/custom_msgs_srvs__rosidl_typesupport_cExport.cmake
[0.553s] -- Up-to-date: /workspace/install/custom_msgs_srvs/share/custom_msgs_srvs/cmake/custom_msgs_srvs__rosidl_typesupport_cExport-noconfig.cmake
[0.553s] -- Up-to-date: /workspace/install/custom_msgs_srvs/share/custom_msgs_srvs/cmake/export_custom_msgs_srvs__rosidl_generator_cppExport.cmake
[0.553s] -- Up-to-date: /workspace/install/custom_msgs_srvs/share/custom_msgs_srvs/cmake/export_custom_msgs_srvs__rosidl_typesupport_fastrtps_cppExport.cmake
[0.553s] -- Up-to-date: /workspace/install/custom_msgs_srvs/share/custom_msgs_srvs/cmake/export_custom_msgs_srvs__rosidl_typesupport_fastrtps_cppExport-noconfig.cmake
[0.553s] -- Up-to-date: /workspace/install/custom_msgs_srvs/share/custom_msgs_srvs/cmake/custom_msgs_srvs__rosidl_typesupport_introspection_cppExport.cmake
[0.553s] -- Up-to-date: /workspace/install/custom_msgs_srvs/share/custom_msgs_srvs/cmake/custom_msgs_srvs__rosidl_typesupport_introspection_cppExport-noconfig.cmake
[0.553s] -- Up-to-date: /workspace/install/custom_msgs_srvs/share/custom_msgs_srvs/cmake/custom_msgs_srvs__rosidl_typesupport_cppExport.cmake
[0.553s] -- Up-to-date: /workspace/install/custom_msgs_srvs/share/custom_msgs_srvs/cmake/custom_msgs_srvs__rosidl_typesupport_cppExport-noconfig.cmake
[0.554s] -- Up-to-date: /workspace/install/custom_msgs_srvs/share/custom_msgs_srvs/cmake/export_custom_msgs_srvs__rosidl_generator_pyExport.cmake
[0.554s] -- Up-to-date: /workspace/install/custom_msgs_srvs/share/custom_msgs_srvs/cmake/export_custom_msgs_srvs__rosidl_generator_pyExport-noconfig.cmake
[0.554s] -- Up-to-date: /workspace/install/custom_msgs_srvs/share/custom_msgs_srvs/cmake/rosidl_cmake-extras.cmake
[0.554s] -- Up-to-date: /workspace/install/custom_msgs_srvs/share/custom_msgs_srvs/cmake/ament_cmake_export_dependencies-extras.cmake
[0.554s] -- Up-to-date: /workspace/install/custom_msgs_srvs/share/custom_msgs_srvs/cmake/ament_cmake_export_include_directories-extras.cmake
[0.554s] -- Up-to-date: /workspace/install/custom_msgs_srvs/share/custom_msgs_srvs/cmake/ament_cmake_export_libraries-extras.cmake
[0.554s] -- Up-to-date: /workspace/install/custom_msgs_srvs/share/custom_msgs_srvs/cmake/ament_cmake_export_targets-extras.cmake
[0.554s] -- Up-to-date: /workspace/install/custom_msgs_srvs/share/custom_msgs_srvs/cmake/rosidl_cmake_export_typesupport_targets-extras.cmake
[0.554s] -- Up-to-date: /workspace/install/custom_msgs_srvs/share/custom_msgs_srvs/cmake/rosidl_cmake_export_typesupport_libraries-extras.cmake
[0.554s] -- Up-to-date: /workspace/install/custom_msgs_srvs/share/custom_msgs_srvs/cmake/custom_msgs_srvsConfig.cmake
[0.554s] -- Up-to-date: /workspace/install/custom_msgs_srvs/share/custom_msgs_srvs/cmake/custom_msgs_srvsConfig-version.cmake
[0.554s] -- Up-to-date: /workspace/install/custom_msgs_srvs/share/custom_msgs_srvs/package.xml
[0.555s] Invoked command in '/workspace/build/custom_msgs_srvs' returned '0': CMAKE_PREFIX_PATH=${CMAKE_PREFIX_PATH}:/opt/ros/jazzy /usr/bin/cmake --install /workspace/build/custom_msgs_srvs
