[0.120s] DEBUG:colcon:Command line arguments: ['/usr/bin/colcon', 'build']
[0.120s] DEBUG:colcon:Parsed command line arguments: Namespace(log_base=None, log_level=None, verb_name='build', build_base='build', install_base='install', merge_install=False, symlink_install=False, test_result_base=None, continue_on_error=False, executor='parallel', parallel_workers=16, event_handlers=None, ignore_user_meta=False, metas=['./colcon.meta'], base_paths=['.'], packages_ignore=None, packages_ignore_regex=None, paths=None, packages_up_to=None, packages_up_to_regex=None, packages_above=None, packages_above_and_dependencies=None, packages_above_depth=None, packages_select_by_dep=None, packages_skip_by_dep=None, packages_skip_up_to=None, packages_select_build_failed=False, packages_skip_build_finished=False, packages_select_test_failures=False, packages_skip_test_passed=False, packages_select=None, packages_skip=None, packages_select_regex=None, packages_skip_regex=None, packages_start=None, packages_end=None, cmake_args=None, cmake_target=None, cmake_target_skip_unavailable=False, cmake_clean_cache=False, cmake_clean_first=False, cmake_force_configure=False, ament_cmake_args=None, catkin_cmake_args=None, catkin_skip_building_tests=False, mixin_files=None, mixin=None, verb_parser=<colcon_mixin.mixin.mixin_argument.MixinArgumentDecorator object at 0x7ba67b2f6450>, verb_extension=<colcon_core.verb.build.BuildVerb object at 0x7ba67b2f4e90>, main=<bound method BuildVerb.main of <colcon_core.verb.build.BuildVerb object at 0x7ba67b2f4e90>>, mixin_verb=('build',))
[0.162s] Level 1:colcon.colcon_core.package_discovery:discover_packages(colcon_meta) check parameters
[0.162s] INFO:colcon.colcon_metadata.package_discovery.colcon_meta:Using configuration from '/root/.colcon/metadata/default/Gazebo.meta'
[0.163s] INFO:colcon.colcon_metadata.package_discovery.colcon_meta:Using configuration from '/root/.colcon/metadata/default/fastrtps.meta'
[0.163s] Level 1:colcon.colcon_core.package_discovery:discover_packages(recursive) check parameters
[0.163s] Level 1:colcon.colcon_core.package_discovery:discover_packages(ignore) check parameters
[0.163s] Level 1:colcon.colcon_core.package_discovery:discover_packages(path) check parameters
[0.163s] Level 1:colcon.colcon_core.package_discovery:discover_packages(colcon_meta) discover
[0.163s] Level 1:colcon.colcon_core.package_discovery:discover_packages(recursive) discover
[0.163s] INFO:colcon.colcon_core.package_discovery:Crawling recursively for packages in '/workspace'
[0.163s] Level 1:colcon.colcon_core.package_identification:_identify(.) by extensions ['ignore', 'ignore_ament_install']
[0.163s] Level 1:colcon.colcon_core.package_identification:_identify(.) by extension 'ignore'
[0.163s] Level 1:colcon.colcon_core.package_identification:_identify(.) by extension 'ignore_ament_install'
[0.163s] Level 1:colcon.colcon_core.package_identification:_identify(.) by extensions ['colcon_pkg']
[0.163s] Level 1:colcon.colcon_core.package_identification:_identify(.) by extension 'colcon_pkg'
[0.163s] Level 1:colcon.colcon_core.package_identification:_identify(.) by extensions ['colcon_meta']
[0.163s] Level 1:colcon.colcon_core.package_identification:_identify(.) by extension 'colcon_meta'
[0.164s] Level 1:colcon.colcon_core.package_identification:_identify(.) by extensions ['ros']
[0.164s] Level 1:colcon.colcon_core.package_identification:_identify(.) by extension 'ros'
[0.193s] Level 1:colcon.colcon_core.package_identification:_identify(.) by extensions ['cmake', 'python']
[0.193s] Level 1:colcon.colcon_core.package_identification:_identify(.) by extension 'cmake'
[0.193s] Level 1:colcon.colcon_core.package_identification:_identify(.) by extension 'python'
[0.193s] Level 1:colcon.colcon_core.package_identification:_identify(.) by extensions ['python_setup_py']
[0.193s] Level 1:colcon.colcon_core.package_identification:_identify(.) by extension 'python_setup_py'
[0.193s] Level 1:colcon.colcon_core.package_identification:_identify(WRPlay) by extensions ['ignore', 'ignore_ament_install']
[0.193s] Level 1:colcon.colcon_core.package_identification:_identify(WRPlay) by extension 'ignore'
[0.193s] Level 1:colcon.colcon_core.package_identification:_identify(WRPlay) by extension 'ignore_ament_install'
[0.193s] Level 1:colcon.colcon_core.package_identification:_identify(WRPlay) by extensions ['colcon_pkg']
[0.193s] Level 1:colcon.colcon_core.package_identification:_identify(WRPlay) by extension 'colcon_pkg'
[0.193s] Level 1:colcon.colcon_core.package_identification:_identify(WRPlay) by extensions ['colcon_meta']
[0.193s] Level 1:colcon.colcon_core.package_identification:_identify(WRPlay) by extension 'colcon_meta'
[0.193s] Level 1:colcon.colcon_core.package_identification:_identify(WRPlay) by extensions ['ros']
[0.193s] Level 1:colcon.colcon_core.package_identification:_identify(WRPlay) by extension 'ros'
[0.194s] Level 1:colcon.colcon_core.package_identification:_identify(WRPlay) by extensions ['cmake', 'python']
[0.194s] Level 1:colcon.colcon_core.package_identification:_identify(WRPlay) by extension 'cmake'
[0.194s] Level 1:colcon.colcon_core.package_identification:_identify(WRPlay) by extension 'python'
[0.194s] Level 1:colcon.colcon_core.package_identification:_identify(WRPlay) by extensions ['python_setup_py']
[0.194s] Level 1:colcon.colcon_core.package_identification:_identify(WRPlay) by extension 'python_setup_py'
[0.194s] Level 1:colcon.colcon_core.package_identification:_identify(WRPlay/build) by extensions ['ignore', 'ignore_ament_install']
[0.194s] Level 1:colcon.colcon_core.package_identification:_identify(WRPlay/build) by extension 'ignore'
[0.194s] Level 1:colcon.colcon_core.package_identification:_identify(WRPlay/build) ignored
[0.194s] Level 1:colcon.colcon_core.package_identification:_identify(WRPlay/install) by extensions ['ignore', 'ignore_ament_install']
[0.194s] Level 1:colcon.colcon_core.package_identification:_identify(WRPlay/install) by extension 'ignore'
[0.194s] Level 1:colcon.colcon_core.package_identification:_identify(WRPlay/install) ignored
[0.194s] Level 1:colcon.colcon_core.package_identification:_identify(WRPlay/log) by extensions ['ignore', 'ignore_ament_install']
[0.194s] Level 1:colcon.colcon_core.package_identification:_identify(WRPlay/log) by extension 'ignore'
[0.194s] Level 1:colcon.colcon_core.package_identification:_identify(WRPlay/log) ignored
[0.194s] Level 1:colcon.colcon_core.package_identification:_identify(WRPlay/src) by extensions ['ignore', 'ignore_ament_install']
[0.195s] Level 1:colcon.colcon_core.package_identification:_identify(WRPlay/src) by extension 'ignore'
[0.195s] Level 1:colcon.colcon_core.package_identification:_identify(WRPlay/src) by extension 'ignore_ament_install'
[0.195s] Level 1:colcon.colcon_core.package_identification:_identify(WRPlay/src) by extensions ['colcon_pkg']
[0.195s] Level 1:colcon.colcon_core.package_identification:_identify(WRPlay/src) by extension 'colcon_pkg'
[0.195s] Level 1:colcon.colcon_core.package_identification:_identify(WRPlay/src) by extensions ['colcon_meta']
[0.195s] Level 1:colcon.colcon_core.package_identification:_identify(WRPlay/src) by extension 'colcon_meta'
[0.195s] Level 1:colcon.colcon_core.package_identification:_identify(WRPlay/src) by extensions ['ros']
[0.195s] Level 1:colcon.colcon_core.package_identification:_identify(WRPlay/src) by extension 'ros'
[0.195s] Level 1:colcon.colcon_core.package_identification:_identify(WRPlay/src) by extensions ['cmake', 'python']
[0.195s] Level 1:colcon.colcon_core.package_identification:_identify(WRPlay/src) by extension 'cmake'
[0.195s] Level 1:colcon.colcon_core.package_identification:_identify(WRPlay/src) by extension 'python'
[0.195s] Level 1:colcon.colcon_core.package_identification:_identify(WRPlay/src) by extensions ['python_setup_py']
[0.195s] Level 1:colcon.colcon_core.package_identification:_identify(WRPlay/src) by extension 'python_setup_py'
[0.195s] Level 1:colcon.colcon_core.package_identification:_identify(WRPlay/src/custom_msgs_srvs) by extensions ['ignore', 'ignore_ament_install']
[0.195s] Level 1:colcon.colcon_core.package_identification:_identify(WRPlay/src/custom_msgs_srvs) by extension 'ignore'
[0.195s] Level 1:colcon.colcon_core.package_identification:_identify(WRPlay/src/custom_msgs_srvs) by extension 'ignore_ament_install'
[0.195s] Level 1:colcon.colcon_core.package_identification:_identify(WRPlay/src/custom_msgs_srvs) by extensions ['colcon_pkg']
[0.195s] Level 1:colcon.colcon_core.package_identification:_identify(WRPlay/src/custom_msgs_srvs) by extension 'colcon_pkg'
[0.195s] Level 1:colcon.colcon_core.package_identification:_identify(WRPlay/src/custom_msgs_srvs) by extensions ['colcon_meta']
[0.195s] Level 1:colcon.colcon_core.package_identification:_identify(WRPlay/src/custom_msgs_srvs) by extension 'colcon_meta'
[0.195s] Level 1:colcon.colcon_core.package_identification:_identify(WRPlay/src/custom_msgs_srvs) by extensions ['ros']
[0.195s] Level 1:colcon.colcon_core.package_identification:_identify(WRPlay/src/custom_msgs_srvs) by extension 'ros'
[0.198s] DEBUG:colcon.colcon_core.package_identification:Package 'WRPlay/src/custom_msgs_srvs' with type 'ros.ament_cmake' and name 'custom_msgs_srvs'
[0.198s] Level 1:colcon.colcon_core.package_identification:_identify(WRPlay/src/move_bot_sub) by extensions ['ignore', 'ignore_ament_install']
[0.198s] Level 1:colcon.colcon_core.package_identification:_identify(WRPlay/src/move_bot_sub) by extension 'ignore'
[0.198s] Level 1:colcon.colcon_core.package_identification:_identify(WRPlay/src/move_bot_sub) by extension 'ignore_ament_install'
[0.198s] Level 1:colcon.colcon_core.package_identification:_identify(WRPlay/src/move_bot_sub) by extensions ['colcon_pkg']
[0.198s] Level 1:colcon.colcon_core.package_identification:_identify(WRPlay/src/move_bot_sub) by extension 'colcon_pkg'
[0.198s] Level 1:colcon.colcon_core.package_identification:_identify(WRPlay/src/move_bot_sub) by extensions ['colcon_meta']
[0.198s] Level 1:colcon.colcon_core.package_identification:_identify(WRPlay/src/move_bot_sub) by extension 'colcon_meta'
[0.198s] Level 1:colcon.colcon_core.package_identification:_identify(WRPlay/src/move_bot_sub) by extensions ['ros']
[0.199s] Level 1:colcon.colcon_core.package_identification:_identify(WRPlay/src/move_bot_sub) by extension 'ros'
[0.199s] DEBUG:colcon.colcon_core.package_identification:Package 'WRPlay/src/move_bot_sub' with type 'ros.ament_python' and name 'move_bot_sub'
[0.199s] Level 1:colcon.colcon_core.package_identification:_identify(WRPlay/src/robot_sim_gui) by extensions ['ignore', 'ignore_ament_install']
[0.199s] Level 1:colcon.colcon_core.package_identification:_identify(WRPlay/src/robot_sim_gui) by extension 'ignore'
[0.199s] Level 1:colcon.colcon_core.package_identification:_identify(WRPlay/src/robot_sim_gui) by extension 'ignore_ament_install'
[0.199s] Level 1:colcon.colcon_core.package_identification:_identify(WRPlay/src/robot_sim_gui) by extensions ['colcon_pkg']
[0.199s] Level 1:colcon.colcon_core.package_identification:_identify(WRPlay/src/robot_sim_gui) by extension 'colcon_pkg'
[0.199s] Level 1:colcon.colcon_core.package_identification:_identify(WRPlay/src/robot_sim_gui) by extensions ['colcon_meta']
[0.199s] Level 1:colcon.colcon_core.package_identification:_identify(WRPlay/src/robot_sim_gui) by extension 'colcon_meta'
[0.199s] Level 1:colcon.colcon_core.package_identification:_identify(WRPlay/src/robot_sim_gui) by extensions ['ros']
[0.199s] Level 1:colcon.colcon_core.package_identification:_identify(WRPlay/src/robot_sim_gui) by extension 'ros'
[0.200s] DEBUG:colcon.colcon_core.package_identification:Package 'WRPlay/src/robot_sim_gui' with type 'ros.ament_python' and name 'robot_sim_gui'
[0.200s] Level 1:colcon.colcon_core.package_identification:_identify(WRPlay/src/wrover_mock) by extensions ['ignore', 'ignore_ament_install']
[0.200s] Level 1:colcon.colcon_core.package_identification:_identify(WRPlay/src/wrover_mock) by extension 'ignore'
[0.200s] Level 1:colcon.colcon_core.package_identification:_identify(WRPlay/src/wrover_mock) by extension 'ignore_ament_install'
[0.200s] Level 1:colcon.colcon_core.package_identification:_identify(WRPlay/src/wrover_mock) by extensions ['colcon_pkg']
[0.200s] Level 1:colcon.colcon_core.package_identification:_identify(WRPlay/src/wrover_mock) by extension 'colcon_pkg'
[0.200s] Level 1:colcon.colcon_core.package_identification:_identify(WRPlay/src/wrover_mock) by extensions ['colcon_meta']
[0.200s] Level 1:colcon.colcon_core.package_identification:_identify(WRPlay/src/wrover_mock) by extension 'colcon_meta'
[0.200s] Level 1:colcon.colcon_core.package_identification:_identify(WRPlay/src/wrover_mock) by extensions ['ros']
[0.200s] Level 1:colcon.colcon_core.package_identification:_identify(WRPlay/src/wrover_mock) by extension 'ros'
[0.201s] DEBUG:colcon.colcon_core.package_identification:Package 'WRPlay/src/wrover_mock' with type 'ros.ament_python' and name 'WRover_Mock'
[0.201s] Level 1:colcon.colcon_core.package_identification:_identify(build) by extensions ['ignore', 'ignore_ament_install']
[0.201s] Level 1:colcon.colcon_core.package_identification:_identify(build) by extension 'ignore'
[0.201s] Level 1:colcon.colcon_core.package_identification:_identify(build) ignored
[0.201s] Level 1:colcon.colcon_core.package_identification:_identify(install) by extensions ['ignore', 'ignore_ament_install']
[0.201s] Level 1:colcon.colcon_core.package_identification:_identify(install) by extension 'ignore'
[0.201s] Level 1:colcon.colcon_core.package_identification:_identify(install) ignored
[0.202s] Level 1:colcon.colcon_core.package_identification:_identify(log) by extensions ['ignore', 'ignore_ament_install']
[0.202s] Level 1:colcon.colcon_core.package_identification:_identify(log) by extension 'ignore'
[0.202s] Level 1:colcon.colcon_core.package_identification:_identify(log) ignored
[0.202s] Level 1:colcon.colcon_core.package_discovery:discover_packages(recursive) using defaults
[0.202s] Level 1:colcon.colcon_core.package_discovery:discover_packages(ignore) discover
[0.202s] Level 1:colcon.colcon_core.package_discovery:discover_packages(ignore) using defaults
[0.202s] Level 1:colcon.colcon_core.package_discovery:discover_packages(path) discover
[0.202s] Level 1:colcon.colcon_core.package_discovery:discover_packages(path) using defaults
[0.222s] Level 5:colcon.colcon_core.verb:set package 'WRover_Mock' build argument 'cmake_args' from command line to 'None'
[0.222s] Level 5:colcon.colcon_core.verb:set package 'WRover_Mock' build argument 'cmake_target' from command line to 'None'
[0.222s] Level 5:colcon.colcon_core.verb:set package 'WRover_Mock' build argument 'cmake_target_skip_unavailable' from command line to 'False'
[0.222s] Level 5:colcon.colcon_core.verb:set package 'WRover_Mock' build argument 'cmake_clean_cache' from command line to 'False'
[0.222s] Level 5:colcon.colcon_core.verb:set package 'WRover_Mock' build argument 'cmake_clean_first' from command line to 'False'
[0.222s] Level 5:colcon.colcon_core.verb:set package 'WRover_Mock' build argument 'cmake_force_configure' from command line to 'False'
[0.222s] Level 5:colcon.colcon_core.verb:set package 'WRover_Mock' build argument 'ament_cmake_args' from command line to 'None'
[0.222s] Level 5:colcon.colcon_core.verb:set package 'WRover_Mock' build argument 'catkin_cmake_args' from command line to 'None'
[0.222s] Level 5:colcon.colcon_core.verb:set package 'WRover_Mock' build argument 'catkin_skip_building_tests' from command line to 'False'
[0.222s] DEBUG:colcon.colcon_core.verb:Building package 'WRover_Mock' with the following arguments: {'ament_cmake_args': None, 'build_base': '/workspace/build/WRover_Mock', 'catkin_cmake_args': None, 'catkin_skip_building_tests': False, 'cmake_args': None, 'cmake_clean_cache': False, 'cmake_clean_first': False, 'cmake_force_configure': False, 'cmake_target': None, 'cmake_target_skip_unavailable': False, 'install_base': '/workspace/install/WRover_Mock', 'merge_install': False, 'path': '/workspace/WRPlay/src/wrover_mock', 'symlink_install': False, 'test_result_base': None}
[0.223s] Level 5:colcon.colcon_core.verb:set package 'custom_msgs_srvs' build argument 'cmake_args' from command line to 'None'
[0.223s] Level 5:colcon.colcon_core.verb:set package 'custom_msgs_srvs' build argument 'cmake_target' from command line to 'None'
[0.223s] Level 5:colcon.colcon_core.verb:set package 'custom_msgs_srvs' build argument 'cmake_target_skip_unavailable' from command line to 'False'
[0.223s] Level 5:colcon.colcon_core.verb:set package 'custom_msgs_srvs' build argument 'cmake_clean_cache' from command line to 'False'
[0.223s] Level 5:colcon.colcon_core.verb:set package 'custom_msgs_srvs' build argument 'cmake_clean_first' from command line to 'False'
[0.223s] Level 5:colcon.colcon_core.verb:set package 'custom_msgs_srvs' build argument 'cmake_force_configure' from command line to 'False'
[0.223s] Level 5:colcon.colcon_core.verb:set package 'custom_msgs_srvs' build argument 'ament_cmake_args' from command line to 'None'
[0.223s] Level 5:colcon.colcon_core.verb:set package 'custom_msgs_srvs' build argument 'catkin_cmake_args' from command line to 'None'
[0.223s] Level 5:colcon.colcon_core.verb:set package 'custom_msgs_srvs' build argument 'catkin_skip_building_tests' from command line to 'False'
[0.223s] DEBUG:colcon.colcon_core.verb:Building package 'custom_msgs_srvs' with the following arguments: {'ament_cmake_args': None, 'build_base': '/workspace/build/custom_msgs_srvs', 'catkin_cmake_args': None, 'catkin_skip_building_tests': False, 'cmake_args': None, 'cmake_clean_cache': False, 'cmake_clean_first': False, 'cmake_force_configure': False, 'cmake_target': None, 'cmake_target_skip_unavailable': False, 'install_base': '/workspace/install/custom_msgs_srvs', 'merge_install': False, 'path': '/workspace/WRPlay/src/custom_msgs_srvs', 'symlink_install': False, 'test_result_base': None}
[0.223s] Level 5:colcon.colcon_core.verb:set package 'move_bot_sub' build argument 'cmake_args' from command line to 'None'
[0.223s] Level 5:colcon.colcon_core.verb:set package 'move_bot_sub' build argument 'cmake_target' from command line to 'None'
[0.223s] Level 5:colcon.colcon_core.verb:set package 'move_bot_sub' build argument 'cmake_target_skip_unavailable' from command line to 'False'
[0.223s] Level 5:colcon.colcon_core.verb:set package 'move_bot_sub' build argument 'cmake_clean_cache' from command line to 'False'
[0.223s] Level 5:colcon.colcon_core.verb:set package 'move_bot_sub' build argument 'cmake_clean_first' from command line to 'False'
[0.223s] Level 5:colcon.colcon_core.verb:set package 'move_bot_sub' build argument 'cmake_force_configure' from command line to 'False'
[0.223s] Level 5:colcon.colcon_core.verb:set package 'move_bot_sub' build argument 'ament_cmake_args' from command line to 'None'
[0.223s] Level 5:colcon.colcon_core.verb:set package 'move_bot_sub' build argument 'catkin_cmake_args' from command line to 'None'
[0.223s] Level 5:colcon.colcon_core.verb:set package 'move_bot_sub' build argument 'catkin_skip_building_tests' from command line to 'False'
[0.223s] DEBUG:colcon.colcon_core.verb:Building package 'move_bot_sub' with the following arguments: {'ament_cmake_args': None, 'build_base': '/workspace/build/move_bot_sub', 'catkin_cmake_args': None, 'catkin_skip_building_tests': False, 'cmake_args': None, 'cmake_clean_cache': False, 'cmake_clean_first': False, 'cmake_force_configure': False, 'cmake_target': None, 'cmake_target_skip_unavailable': False, 'install_base': '/workspace/install/move_bot_sub', 'merge_install': False, 'path': '/workspace/WRPlay/src/move_bot_sub', 'symlink_install': False, 'test_result_base': None}
[0.223s] Level 5:colcon.colcon_core.verb:set package 'robot_sim_gui' build argument 'cmake_args' from command line to 'None'
[0.223s] Level 5:colcon.colcon_core.verb:set package 'robot_sim_gui' build argument 'cmake_target' from command line to 'None'
[0.223s] Level 5:colcon.colcon_core.verb:set package 'robot_sim_gui' build argument 'cmake_target_skip_unavailable' from command line to 'False'
[0.224s] Level 5:colcon.colcon_core.verb:set package 'robot_sim_gui' build argument 'cmake_clean_cache' from command line to 'False'
[0.224s] Level 5:colcon.colcon_core.verb:set package 'robot_sim_gui' build argument 'cmake_clean_first' from command line to 'False'
[0.224s] Level 5:colcon.colcon_core.verb:set package 'robot_sim_gui' build argument 'cmake_force_configure' from command line to 'False'
[0.224s] Level 5:colcon.colcon_core.verb:set package 'robot_sim_gui' build argument 'ament_cmake_args' from command line to 'None'
[0.224s] Level 5:colcon.colcon_core.verb:set package 'robot_sim_gui' build argument 'catkin_cmake_args' from command line to 'None'
[0.224s] Level 5:colcon.colcon_core.verb:set package 'robot_sim_gui' build argument 'catkin_skip_building_tests' from command line to 'False'
[0.224s] DEBUG:colcon.colcon_core.verb:Building package 'robot_sim_gui' with the following arguments: {'ament_cmake_args': None, 'build_base': '/workspace/build/robot_sim_gui', 'catkin_cmake_args': None, 'catkin_skip_building_tests': False, 'cmake_args': None, 'cmake_clean_cache': False, 'cmake_clean_first': False, 'cmake_force_configure': False, 'cmake_target': None, 'cmake_target_skip_unavailable': False, 'install_base': '/workspace/install/robot_sim_gui', 'merge_install': False, 'path': '/workspace/WRPlay/src/robot_sim_gui', 'symlink_install': False, 'test_result_base': None}
[0.224s] INFO:colcon.colcon_core.executor:Executing jobs using 'parallel' executor
[0.225s] DEBUG:colcon.colcon_parallel_executor.executor.parallel:run_until_complete
[0.225s] INFO:colcon.colcon_ros.task.ament_cmake.build:Building ROS package in '/workspace/WRPlay/src/custom_msgs_srvs' with build type 'ament_cmake'
[0.225s] INFO:colcon.colcon_cmake.task.cmake.build:Building CMake package in '/workspace/WRPlay/src/custom_msgs_srvs'
[0.228s] INFO:colcon.colcon_core.plugin_system:Skipping extension 'colcon_core.shell.bat': Not used on non-Windows systems
[0.228s] INFO:colcon.colcon_core.shell:Skip shell extension 'powershell' for command environment: Not usable outside of PowerShell
[0.228s] DEBUG:colcon.colcon_core.shell:Skip shell extension 'dsv' for command environment
[0.233s] INFO:colcon.colcon_ros.task.ament_python.build:Building ROS package in '/workspace/WRPlay/src/wrover_mock' with build type 'ament_python'
[0.233s] Level 1:colcon.colcon_core.shell:create_environment_hook('WRover_Mock', 'ament_prefix_path')
[0.233s] INFO:colcon.colcon_core.shell:Creating environment hook '/workspace/install/WRover_Mock/share/WRover_Mock/hook/ament_prefix_path.ps1'
[0.234s] INFO:colcon.colcon_core.shell:Creating environment descriptor '/workspace/install/WRover_Mock/share/WRover_Mock/hook/ament_prefix_path.dsv'
[0.234s] INFO:colcon.colcon_core.shell:Creating environment hook '/workspace/install/WRover_Mock/share/WRover_Mock/hook/ament_prefix_path.sh'
[0.235s] INFO:colcon.colcon_core.shell:Skip shell extension 'powershell' for command environment: Not usable outside of PowerShell
[0.235s] DEBUG:colcon.colcon_core.shell:Skip shell extension 'dsv' for command environment
[0.242s] DEBUG:colcon.colcon_core.event_handler.log_command:Invoking command in '/workspace/build/custom_msgs_srvs': CMAKE_PREFIX_PATH=${CMAKE_PREFIX_PATH}:/opt/ros/jazzy /usr/bin/cmake /workspace/WRPlay/src/custom_msgs_srvs -DCMAKE_INSTALL_PREFIX=/workspace/install/custom_msgs_srvs
[0.457s] INFO:colcon.colcon_core.task.python.build:Building Python package in '/workspace/WRPlay/src/wrover_mock'
[0.458s] INFO:colcon.colcon_core.shell:Skip shell extension 'powershell' for command environment: Not usable outside of PowerShell
[0.458s] DEBUG:colcon.colcon_core.shell:Skip shell extension 'dsv' for command environment
[1.000s] DEBUG:colcon.colcon_core.event_handler.log_command:Invoking command in '/workspace/WRPlay/src/wrover_mock': PYTHONPATH=/workspace/build/WRover_Mock/prefix_override:/usr/lib/python3/dist-packages/colcon_core/task/python/colcon_distutils_commands:/workspace/install/WRover_Mock/lib/python3.12/site-packages:${PYTHONPATH} /usr/bin/python3 -W ignore:setup.py install is deprecated setup.py egg_info --egg-base ../../../build/WRover_Mock build --build-base /workspace/build/WRover_Mock/build install --record /workspace/build/WRover_Mock/install.log --single-version-externally-managed install_data
[1.486s] DEBUG:colcon.colcon_core.event_handler.log_command:Invoked command in '/workspace/WRPlay/src/wrover_mock' returned '0': PYTHONPATH=/workspace/build/WRover_Mock/prefix_override:/usr/lib/python3/dist-packages/colcon_core/task/python/colcon_distutils_commands:/workspace/install/WRover_Mock/lib/python3.12/site-packages:${PYTHONPATH} /usr/bin/python3 -W ignore:setup.py install is deprecated setup.py egg_info --egg-base ../../../build/WRover_Mock build --build-base /workspace/build/WRover_Mock/build install --record /workspace/build/WRover_Mock/install.log --single-version-externally-managed install_data
[1.488s] Level 1:colcon.colcon_core.environment:checking '/workspace/install/WRover_Mock' for CMake module files
[1.489s] Level 1:colcon.colcon_core.environment:checking '/workspace/install/WRover_Mock' for CMake config files
[1.489s] Level 1:colcon.colcon_core.environment:checking '/workspace/install/WRover_Mock/lib'
[1.490s] Level 1:colcon.colcon_core.environment:checking '/workspace/install/WRover_Mock/bin'
[1.490s] Level 1:colcon.colcon_core.environment:checking '/workspace/install/WRover_Mock/lib/pkgconfig/WRover_Mock.pc'
[1.490s] Level 1:colcon.colcon_core.environment:checking '/workspace/install/WRover_Mock/lib/python3.12/site-packages'
[1.490s] Level 1:colcon.colcon_core.shell:create_environment_hook('WRover_Mock', 'pythonpath')
[1.490s] INFO:colcon.colcon_core.shell:Creating environment hook '/workspace/install/WRover_Mock/share/WRover_Mock/hook/pythonpath.ps1'
[1.491s] INFO:colcon.colcon_core.shell:Creating environment descriptor '/workspace/install/WRover_Mock/share/WRover_Mock/hook/pythonpath.dsv'
[1.491s] INFO:colcon.colcon_core.shell:Creating environment hook '/workspace/install/WRover_Mock/share/WRover_Mock/hook/pythonpath.sh'
[1.491s] Level 1:colcon.colcon_core.environment:checking '/workspace/install/WRover_Mock/bin'
[1.491s] Level 1:colcon.colcon_core.environment:create_environment_scripts_only(WRover_Mock)
[1.492s] INFO:colcon.colcon_core.shell:Creating package script '/workspace/install/WRover_Mock/share/WRover_Mock/package.ps1'
[1.492s] INFO:colcon.colcon_core.shell:Creating package descriptor '/workspace/install/WRover_Mock/share/WRover_Mock/package.dsv'
[1.493s] INFO:colcon.colcon_core.shell:Creating package script '/workspace/install/WRover_Mock/share/WRover_Mock/package.sh'
[1.493s] INFO:colcon.colcon_core.shell:Creating package script '/workspace/install/WRover_Mock/share/WRover_Mock/package.bash'
[1.494s] INFO:colcon.colcon_core.shell:Creating package script '/workspace/install/WRover_Mock/share/WRover_Mock/package.zsh'
[1.494s] Level 1:colcon.colcon_core.environment:create_file_with_runtime_dependencies(/workspace/install/WRover_Mock/share/colcon-core/packages/WRover_Mock)
[4.154s] DEBUG:colcon.colcon_core.event_handler.log_command:Invoked command in '/workspace/build/custom_msgs_srvs' returned '0': CMAKE_PREFIX_PATH=${CMAKE_PREFIX_PATH}:/opt/ros/jazzy /usr/bin/cmake /workspace/WRPlay/src/custom_msgs_srvs -DCMAKE_INSTALL_PREFIX=/workspace/install/custom_msgs_srvs
[4.156s] DEBUG:colcon.colcon_core.event_handler.log_command:Invoking command in '/workspace/build/custom_msgs_srvs': CMAKE_PREFIX_PATH=${CMAKE_PREFIX_PATH}:/opt/ros/jazzy /usr/bin/cmake --build /workspace/build/custom_msgs_srvs -- -j16 -l16
[8.185s] DEBUG:colcon.colcon_core.event_handler.log_command:Invoked command in '/workspace/build/custom_msgs_srvs' returned '0': CMAKE_PREFIX_PATH=${CMAKE_PREFIX_PATH}:/opt/ros/jazzy /usr/bin/cmake --build /workspace/build/custom_msgs_srvs -- -j16 -l16
[8.577s] DEBUG:colcon.colcon_core.event_handler.log_command:Invoking command in '/workspace/build/custom_msgs_srvs': CMAKE_PREFIX_PATH=${CMAKE_PREFIX_PATH}:/opt/ros/jazzy /usr/bin/cmake --install /workspace/build/custom_msgs_srvs
[8.674s] Level 1:colcon.colcon_core.environment:create_environment_scripts_only(custom_msgs_srvs)
[8.674s] Level 1:colcon.colcon_core.environment:checking '/workspace/install/custom_msgs_srvs' for CMake module files
[8.674s] DEBUG:colcon.colcon_core.event_handler.log_command:Invoked command in '/workspace/build/custom_msgs_srvs' returned '0': CMAKE_PREFIX_PATH=${CMAKE_PREFIX_PATH}:/opt/ros/jazzy /usr/bin/cmake --install /workspace/build/custom_msgs_srvs
[8.675s] Level 1:colcon.colcon_core.environment:checking '/workspace/install/custom_msgs_srvs' for CMake config files
[8.675s] Level 1:colcon.colcon_core.shell:create_environment_hook('custom_msgs_srvs', 'cmake_prefix_path')
[8.676s] INFO:colcon.colcon_core.shell:Creating environment hook '/workspace/install/custom_msgs_srvs/share/custom_msgs_srvs/hook/cmake_prefix_path.ps1'
[8.676s] INFO:colcon.colcon_core.shell:Creating environment descriptor '/workspace/install/custom_msgs_srvs/share/custom_msgs_srvs/hook/cmake_prefix_path.dsv'
[8.676s] INFO:colcon.colcon_core.shell:Creating environment hook '/workspace/install/custom_msgs_srvs/share/custom_msgs_srvs/hook/cmake_prefix_path.sh'
[8.677s] Level 1:colcon.colcon_core.environment:checking '/workspace/install/custom_msgs_srvs/lib'
[8.677s] Level 1:colcon.colcon_core.shell:create_environment_hook('custom_msgs_srvs', 'ld_library_path_lib')
[8.677s] INFO:colcon.colcon_core.shell:Creating environment hook '/workspace/install/custom_msgs_srvs/share/custom_msgs_srvs/hook/ld_library_path_lib.ps1'
[8.677s] INFO:colcon.colcon_core.shell:Creating environment descriptor '/workspace/install/custom_msgs_srvs/share/custom_msgs_srvs/hook/ld_library_path_lib.dsv'
[8.678s] INFO:colcon.colcon_core.shell:Creating environment hook '/workspace/install/custom_msgs_srvs/share/custom_msgs_srvs/hook/ld_library_path_lib.sh'
[8.678s] Level 1:colcon.colcon_core.environment:checking '/workspace/install/custom_msgs_srvs/bin'
[8.678s] Level 1:colcon.colcon_core.environment:checking '/workspace/install/custom_msgs_srvs/lib/pkgconfig/custom_msgs_srvs.pc'
[8.678s] Level 1:colcon.colcon_core.environment:checking '/workspace/install/custom_msgs_srvs/lib/python3.12/site-packages'
[8.678s] Level 1:colcon.colcon_core.shell:create_environment_hook('custom_msgs_srvs', 'pythonpath')
[8.679s] INFO:colcon.colcon_core.shell:Creating environment hook '/workspace/install/custom_msgs_srvs/share/custom_msgs_srvs/hook/pythonpath.ps1'
[8.679s] INFO:colcon.colcon_core.shell:Creating environment descriptor '/workspace/install/custom_msgs_srvs/share/custom_msgs_srvs/hook/pythonpath.dsv'
[8.679s] INFO:colcon.colcon_core.shell:Creating environment hook '/workspace/install/custom_msgs_srvs/share/custom_msgs_srvs/hook/pythonpath.sh'
[8.680s] Level 1:colcon.colcon_core.environment:checking '/workspace/install/custom_msgs_srvs/bin'
[8.680s] INFO:colcon.colcon_core.shell:Creating package script '/workspace/install/custom_msgs_srvs/share/custom_msgs_srvs/package.ps1'
[8.680s] INFO:colcon.colcon_core.shell:Creating package descriptor '/workspace/install/custom_msgs_srvs/share/custom_msgs_srvs/package.dsv'
[8.681s] INFO:colcon.colcon_core.shell:Creating package script '/workspace/install/custom_msgs_srvs/share/custom_msgs_srvs/package.sh'
[8.681s] INFO:colcon.colcon_core.shell:Creating package script '/workspace/install/custom_msgs_srvs/share/custom_msgs_srvs/package.bash'
[8.681s] INFO:colcon.colcon_core.shell:Creating package script '/workspace/install/custom_msgs_srvs/share/custom_msgs_srvs/package.zsh'
[8.682s] Level 1:colcon.colcon_core.environment:create_file_with_runtime_dependencies(/workspace/install/custom_msgs_srvs/share/colcon-core/packages/custom_msgs_srvs)
[8.929s] Level 1:colcon.colcon_core.environment:create_environment_scripts_only(custom_msgs_srvs)
[8.929s] Level 1:colcon.colcon_core.environment:checking '/workspace/install/custom_msgs_srvs' for CMake module files
[8.930s] Level 1:colcon.colcon_core.environment:checking '/workspace/install/custom_msgs_srvs' for CMake config files
[8.930s] Level 1:colcon.colcon_core.shell:create_environment_hook('custom_msgs_srvs', 'cmake_prefix_path')
[8.930s] INFO:colcon.colcon_core.shell:Creating environment hook '/workspace/install/custom_msgs_srvs/share/custom_msgs_srvs/hook/cmake_prefix_path.ps1'
[8.931s] INFO:colcon.colcon_core.shell:Creating environment descriptor '/workspace/install/custom_msgs_srvs/share/custom_msgs_srvs/hook/cmake_prefix_path.dsv'
[8.931s] INFO:colcon.colcon_core.shell:Creating environment hook '/workspace/install/custom_msgs_srvs/share/custom_msgs_srvs/hook/cmake_prefix_path.sh'
[8.932s] Level 1:colcon.colcon_core.environment:checking '/workspace/install/custom_msgs_srvs/lib'
[8.932s] Level 1:colcon.colcon_core.shell:create_environment_hook('custom_msgs_srvs', 'ld_library_path_lib')
[8.932s] INFO:colcon.colcon_core.shell:Creating environment hook '/workspace/install/custom_msgs_srvs/share/custom_msgs_srvs/hook/ld_library_path_lib.ps1'
[8.932s] INFO:colcon.colcon_core.shell:Creating environment descriptor '/workspace/install/custom_msgs_srvs/share/custom_msgs_srvs/hook/ld_library_path_lib.dsv'
[8.933s] INFO:colcon.colcon_core.shell:Creating environment hook '/workspace/install/custom_msgs_srvs/share/custom_msgs_srvs/hook/ld_library_path_lib.sh'
[8.933s] Level 1:colcon.colcon_core.environment:checking '/workspace/install/custom_msgs_srvs/bin'
[8.933s] Level 1:colcon.colcon_core.environment:checking '/workspace/install/custom_msgs_srvs/lib/pkgconfig/custom_msgs_srvs.pc'
[8.933s] Level 1:colcon.colcon_core.environment:checking '/workspace/install/custom_msgs_srvs/lib/python3.12/site-packages'
[8.934s] Level 1:colcon.colcon_core.shell:create_environment_hook('custom_msgs_srvs', 'pythonpath')
[8.934s] INFO:colcon.colcon_core.shell:Creating environment hook '/workspace/install/custom_msgs_srvs/share/custom_msgs_srvs/hook/pythonpath.ps1'
[8.934s] INFO:colcon.colcon_core.shell:Creating environment descriptor '/workspace/install/custom_msgs_srvs/share/custom_msgs_srvs/hook/pythonpath.dsv'
[8.934s] INFO:colcon.colcon_core.shell:Creating environment hook '/workspace/install/custom_msgs_srvs/share/custom_msgs_srvs/hook/pythonpath.sh'
[8.935s] Level 1:colcon.colcon_core.environment:checking '/workspace/install/custom_msgs_srvs/bin'
[8.935s] INFO:colcon.colcon_core.shell:Creating package script '/workspace/install/custom_msgs_srvs/share/custom_msgs_srvs/package.ps1'
[8.936s] INFO:colcon.colcon_core.shell:Creating package descriptor '/workspace/install/custom_msgs_srvs/share/custom_msgs_srvs/package.dsv'
[8.936s] INFO:colcon.colcon_core.shell:Creating package script '/workspace/install/custom_msgs_srvs/share/custom_msgs_srvs/package.sh'
[8.937s] INFO:colcon.colcon_core.shell:Creating package script '/workspace/install/custom_msgs_srvs/share/custom_msgs_srvs/package.bash'
[8.937s] INFO:colcon.colcon_core.shell:Creating package script '/workspace/install/custom_msgs_srvs/share/custom_msgs_srvs/package.zsh'
[8.937s] Level 1:colcon.colcon_core.environment:create_file_with_runtime_dependencies(/workspace/install/custom_msgs_srvs/share/colcon-core/packages/custom_msgs_srvs)
[8.938s] INFO:colcon.colcon_ros.task.ament_python.build:Building ROS package in '/workspace/WRPlay/src/move_bot_sub' with build type 'ament_python'
[8.938s] Level 1:colcon.colcon_core.shell:create_environment_hook('move_bot_sub', 'ament_prefix_path')
[8.938s] INFO:colcon.colcon_core.shell:Creating environment hook '/workspace/install/move_bot_sub/share/move_bot_sub/hook/ament_prefix_path.ps1'
[8.939s] INFO:colcon.colcon_core.shell:Creating environment descriptor '/workspace/install/move_bot_sub/share/move_bot_sub/hook/ament_prefix_path.dsv'
[8.940s] INFO:colcon.colcon_core.shell:Creating environment hook '/workspace/install/move_bot_sub/share/move_bot_sub/hook/ament_prefix_path.sh'
[8.940s] INFO:colcon.colcon_core.shell:Skip shell extension 'powershell' for command environment: Not usable outside of PowerShell
[8.940s] DEBUG:colcon.colcon_core.shell:Skip shell extension 'dsv' for command environment
[8.944s] INFO:colcon.colcon_ros.task.ament_python.build:Building ROS package in '/workspace/WRPlay/src/robot_sim_gui' with build type 'ament_python'
[8.944s] Level 1:colcon.colcon_core.shell:create_environment_hook('robot_sim_gui', 'ament_prefix_path')
[8.944s] INFO:colcon.colcon_core.shell:Creating environment hook '/workspace/install/robot_sim_gui/share/robot_sim_gui/hook/ament_prefix_path.ps1'
[8.946s] INFO:colcon.colcon_core.shell:Creating environment descriptor '/workspace/install/robot_sim_gui/share/robot_sim_gui/hook/ament_prefix_path.dsv'
[8.947s] INFO:colcon.colcon_core.shell:Creating environment hook '/workspace/install/robot_sim_gui/share/robot_sim_gui/hook/ament_prefix_path.sh'
[8.948s] INFO:colcon.colcon_core.shell:Skip shell extension 'powershell' for command environment: Not usable outside of PowerShell
[8.948s] DEBUG:colcon.colcon_core.shell:Skip shell extension 'dsv' for command environment
[9.171s] INFO:colcon.colcon_core.task.python.build:Building Python package in '/workspace/WRPlay/src/move_bot_sub'
[9.171s] INFO:colcon.colcon_core.shell:Skip shell extension 'powershell' for command environment: Not usable outside of PowerShell
[9.171s] DEBUG:colcon.colcon_core.shell:Skip shell extension 'dsv' for command environment
[9.436s] INFO:colcon.colcon_core.task.python.build:Building Python package in '/workspace/WRPlay/src/robot_sim_gui'
[9.436s] INFO:colcon.colcon_core.shell:Skip shell extension 'powershell' for command environment: Not usable outside of PowerShell
[9.436s] DEBUG:colcon.colcon_core.shell:Skip shell extension 'dsv' for command environment
[9.969s] DEBUG:colcon.colcon_core.event_handler.log_command:Invoking command in '/workspace/WRPlay/src/move_bot_sub': AMENT_PREFIX_PATH=/workspace/install/custom_msgs_srvs:${AMENT_PREFIX_PATH} CMAKE_PREFIX_PATH=/workspace/install/custom_msgs_srvs:${CMAKE_PREFIX_PATH} LD_LIBRARY_PATH=/workspace/install/custom_msgs_srvs/lib:${LD_LIBRARY_PATH} PYTHONPATH=/workspace/build/move_bot_sub/prefix_override:/usr/lib/python3/dist-packages/colcon_core/task/python/colcon_distutils_commands:/workspace/install/move_bot_sub/lib/python3.12/site-packages:/workspace/install/custom_msgs_srvs/lib/python3.12/site-packages:${PYTHONPATH} /usr/bin/python3 -W ignore:setup.py install is deprecated setup.py egg_info --egg-base ../../../build/move_bot_sub build --build-base /workspace/build/move_bot_sub/build install --record /workspace/build/move_bot_sub/install.log --single-version-externally-managed install_data
[9.984s] DEBUG:colcon.colcon_core.event_handler.log_command:Invoking command in '/workspace/WRPlay/src/robot_sim_gui': AMENT_PREFIX_PATH=/workspace/install/custom_msgs_srvs:${AMENT_PREFIX_PATH} CMAKE_PREFIX_PATH=/workspace/install/custom_msgs_srvs:${CMAKE_PREFIX_PATH} LD_LIBRARY_PATH=/workspace/install/custom_msgs_srvs/lib:${LD_LIBRARY_PATH} PYTHONPATH=/workspace/build/robot_sim_gui/prefix_override:/usr/lib/python3/dist-packages/colcon_core/task/python/colcon_distutils_commands:/workspace/install/robot_sim_gui/lib/python3.12/site-packages:/workspace/install/custom_msgs_srvs/lib/python3.12/site-packages:${PYTHONPATH} /usr/bin/python3 -W ignore:setup.py install is deprecated setup.py egg_info --egg-base ../../../build/robot_sim_gui build --build-base /workspace/build/robot_sim_gui/build install --record /workspace/build/robot_sim_gui/install.log --single-version-externally-managed install_data
[10.448s] Level 1:colcon.colcon_core.environment:checking '/workspace/install/move_bot_sub' for CMake module files
[10.449s] DEBUG:colcon.colcon_core.event_handler.log_command:Invoked command in '/workspace/WRPlay/src/move_bot_sub' returned '0': AMENT_PREFIX_PATH=/workspace/install/custom_msgs_srvs:${AMENT_PREFIX_PATH} CMAKE_PREFIX_PATH=/workspace/install/custom_msgs_srvs:${CMAKE_PREFIX_PATH} LD_LIBRARY_PATH=/workspace/install/custom_msgs_srvs/lib:${LD_LIBRARY_PATH} PYTHONPATH=/workspace/build/move_bot_sub/prefix_override:/usr/lib/python3/dist-packages/colcon_core/task/python/colcon_distutils_commands:/workspace/install/move_bot_sub/lib/python3.12/site-packages:/workspace/install/custom_msgs_srvs/lib/python3.12/site-packages:${PYTHONPATH} /usr/bin/python3 -W ignore:setup.py install is deprecated setup.py egg_info --egg-base ../../../build/move_bot_sub build --build-base /workspace/build/move_bot_sub/build install --record /workspace/build/move_bot_sub/install.log --single-version-externally-managed install_data
[10.449s] Level 1:colcon.colcon_core.environment:checking '/workspace/install/move_bot_sub' for CMake config files
[10.450s] Level 1:colcon.colcon_core.environment:checking '/workspace/install/move_bot_sub/lib'
[10.450s] Level 1:colcon.colcon_core.environment:checking '/workspace/install/move_bot_sub/bin'
[10.450s] Level 1:colcon.colcon_core.environment:checking '/workspace/install/move_bot_sub/lib/pkgconfig/move_bot_sub.pc'
[10.450s] Level 1:colcon.colcon_core.environment:checking '/workspace/install/move_bot_sub/lib/python3.12/site-packages'
[10.450s] Level 1:colcon.colcon_core.shell:create_environment_hook('move_bot_sub', 'pythonpath')
[10.450s] INFO:colcon.colcon_core.shell:Creating environment hook '/workspace/install/move_bot_sub/share/move_bot_sub/hook/pythonpath.ps1'
[10.451s] INFO:colcon.colcon_core.shell:Creating environment descriptor '/workspace/install/move_bot_sub/share/move_bot_sub/hook/pythonpath.dsv'
[10.451s] INFO:colcon.colcon_core.shell:Creating environment hook '/workspace/install/move_bot_sub/share/move_bot_sub/hook/pythonpath.sh'
[10.452s] Level 1:colcon.colcon_core.environment:checking '/workspace/install/move_bot_sub/bin'
[10.452s] Level 1:colcon.colcon_core.environment:create_environment_scripts_only(move_bot_sub)
[10.452s] INFO:colcon.colcon_core.shell:Creating package script '/workspace/install/move_bot_sub/share/move_bot_sub/package.ps1'
[10.452s] INFO:colcon.colcon_core.shell:Creating package descriptor '/workspace/install/move_bot_sub/share/move_bot_sub/package.dsv'
[10.453s] INFO:colcon.colcon_core.shell:Creating package script '/workspace/install/move_bot_sub/share/move_bot_sub/package.sh'
[10.453s] INFO:colcon.colcon_core.shell:Creating package script '/workspace/install/move_bot_sub/share/move_bot_sub/package.bash'
[10.453s] INFO:colcon.colcon_core.shell:Creating package script '/workspace/install/move_bot_sub/share/move_bot_sub/package.zsh'
[10.453s] Level 1:colcon.colcon_core.environment:create_file_with_runtime_dependencies(/workspace/install/move_bot_sub/share/colcon-core/packages/move_bot_sub)
[10.469s] Level 1:colcon.colcon_core.environment:checking '/workspace/install/robot_sim_gui' for CMake module files
[10.470s] DEBUG:colcon.colcon_core.event_handler.log_command:Invoked command in '/workspace/WRPlay/src/robot_sim_gui' returned '0': AMENT_PREFIX_PATH=/workspace/install/custom_msgs_srvs:${AMENT_PREFIX_PATH} CMAKE_PREFIX_PATH=/workspace/install/custom_msgs_srvs:${CMAKE_PREFIX_PATH} LD_LIBRARY_PATH=/workspace/install/custom_msgs_srvs/lib:${LD_LIBRARY_PATH} PYTHONPATH=/workspace/build/robot_sim_gui/prefix_override:/usr/lib/python3/dist-packages/colcon_core/task/python/colcon_distutils_commands:/workspace/install/robot_sim_gui/lib/python3.12/site-packages:/workspace/install/custom_msgs_srvs/lib/python3.12/site-packages:${PYTHONPATH} /usr/bin/python3 -W ignore:setup.py install is deprecated setup.py egg_info --egg-base ../../../build/robot_sim_gui build --build-base /workspace/build/robot_sim_gui/build install --record /workspace/build/robot_sim_gui/install.log --single-version-externally-managed install_data
[10.470s] Level 1:colcon.colcon_core.environment:checking '/workspace/install/robot_sim_gui' for CMake config files
[10.471s] Level 1:colcon.colcon_core.environment:checking '/workspace/install/robot_sim_gui/lib'
[10.471s] Level 1:colcon.colcon_core.environment:checking '/workspace/install/robot_sim_gui/bin'
[10.471s] Level 1:colcon.colcon_core.environment:checking '/workspace/install/robot_sim_gui/lib/pkgconfig/robot_sim_gui.pc'
[10.471s] Level 1:colcon.colcon_core.environment:checking '/workspace/install/robot_sim_gui/lib/python3.12/site-packages'
[10.471s] Level 1:colcon.colcon_core.shell:create_environment_hook('robot_sim_gui', 'pythonpath')
[10.471s] INFO:colcon.colcon_core.shell:Creating environment hook '/workspace/install/robot_sim_gui/share/robot_sim_gui/hook/pythonpath.ps1'
[10.472s] INFO:colcon.colcon_core.shell:Creating environment descriptor '/workspace/install/robot_sim_gui/share/robot_sim_gui/hook/pythonpath.dsv'
[10.472s] INFO:colcon.colcon_core.shell:Creating environment hook '/workspace/install/robot_sim_gui/share/robot_sim_gui/hook/pythonpath.sh'
[10.473s] Level 1:colcon.colcon_core.environment:checking '/workspace/install/robot_sim_gui/bin'
[10.473s] Level 1:colcon.colcon_core.environment:create_environment_scripts_only(robot_sim_gui)
[10.473s] INFO:colcon.colcon_core.shell:Creating package script '/workspace/install/robot_sim_gui/share/robot_sim_gui/package.ps1'
[10.473s] INFO:colcon.colcon_core.shell:Creating package descriptor '/workspace/install/robot_sim_gui/share/robot_sim_gui/package.dsv'
[10.474s] INFO:colcon.colcon_core.shell:Creating package script '/workspace/install/robot_sim_gui/share/robot_sim_gui/package.sh'
[10.474s] INFO:colcon.colcon_core.shell:Creating package script '/workspace/install/robot_sim_gui/share/robot_sim_gui/package.bash'
[10.475s] INFO:colcon.colcon_core.shell:Creating package script '/workspace/install/robot_sim_gui/share/robot_sim_gui/package.zsh'
[10.475s] Level 1:colcon.colcon_core.environment:create_file_with_runtime_dependencies(/workspace/install/robot_sim_gui/share/colcon-core/packages/robot_sim_gui)
[10.475s] DEBUG:colcon.colcon_parallel_executor.executor.parallel:closing loop
[10.475s] DEBUG:colcon.colcon_parallel_executor.executor.parallel:loop closed
[10.475s] DEBUG:colcon.colcon_parallel_executor.executor.parallel:run_until_complete finished with '0'
[10.476s] DEBUG:colcon.colcon_core.event_reactor:joining thread
[10.482s] INFO:colcon.colcon_core.plugin_system:Skipping extension 'colcon_notification.desktop_notification.notify_send': Could not find 'notify-send'
[10.482s] INFO:colcon.colcon_core.plugin_system:Skipping extension 'colcon_notification.desktop_notification.terminal_notifier': Not used on non-Darwin systems
[10.482s] INFO:colcon.colcon_core.plugin_system:Skipping extension 'colcon_notification.desktop_notification.win32': Not used on non-Windows systems
[10.482s] INFO:colcon.colcon_notification.desktop_notification:Sending desktop notification using 'notify2'
[10.482s] DEBUG:colcon.colcon_notification.desktop_notification.notify2:Failed to initialize notify2: org.freedesktop.DBus.Error.InvalidFileContent: D-Bus library appears to be incorrectly set up: see the manual page for dbus-uuidgen to correct this issue. (Failed to open "/var/lib/dbus/machine-id": No such file or directory; UUID file '/etc/machine-id' should contain a hex string of length 32, not length 0, with no other text)
[10.483s] DEBUG:colcon.colcon_core.event_reactor:joined thread
[10.483s] INFO:colcon.colcon_core.shell:Creating prefix script '/workspace/install/local_setup.ps1'
[10.484s] INFO:colcon.colcon_core.shell:Creating prefix util module '/workspace/install/_local_setup_util_ps1.py'
[10.485s] INFO:colcon.colcon_core.shell:Creating prefix chain script '/workspace/install/setup.ps1'
[10.486s] INFO:colcon.colcon_core.shell:Creating prefix script '/workspace/install/local_setup.sh'
[10.487s] INFO:colcon.colcon_core.shell:Creating prefix util module '/workspace/install/_local_setup_util_sh.py'
[10.488s] INFO:colcon.colcon_core.shell:Creating prefix chain script '/workspace/install/setup.sh'
[10.489s] INFO:colcon.colcon_core.shell:Creating prefix script '/workspace/install/local_setup.bash'
[10.489s] INFO:colcon.colcon_core.shell:Creating prefix chain script '/workspace/install/setup.bash'
[10.490s] INFO:colcon.colcon_core.shell:Creating prefix script '/workspace/install/local_setup.zsh'
[10.491s] INFO:colcon.colcon_core.shell:Creating prefix chain script '/workspace/install/setup.zsh'
