running egg_info
creating ../../../build/robot_sim_gui/robot_sim_gui.egg-info
writing ../../../build/robot_sim_gui/robot_sim_gui.egg-info/PKG-INFO
writing dependency_links to ../../../build/robot_sim_gui/robot_sim_gui.egg-info/dependency_links.txt
writing entry points to ../../../build/robot_sim_gui/robot_sim_gui.egg-info/entry_points.txt
writing requirements to ../../../build/robot_sim_gui/robot_sim_gui.egg-info/requires.txt
writing top-level names to ../../../build/robot_sim_gui/robot_sim_gui.egg-info/top_level.txt
writing manifest file '../../../build/robot_sim_gui/robot_sim_gui.egg-info/SOURCES.txt'
reading manifest file '../../../build/robot_sim_gui/robot_sim_gui.egg-info/SOURCES.txt'
adding license file 'LICENSE'
writing manifest file '../../../build/robot_sim_gui/robot_sim_gui.egg-info/SOURCES.txt'
running build
running build_py
creating /workspace/build/robot_sim_gui/build
creating /workspace/build/robot_sim_gui/build/lib
creating /workspace/build/robot_sim_gui/build/lib/robot_sim_gui
copying robot_sim_gui/Robot.py -> /workspace/build/robot_sim_gui/build/lib/robot_sim_gui
copying robot_sim_gui/__init__.py -> /workspace/build/robot_sim_gui/build/lib/robot_sim_gui
copying robot_sim_gui/RobotSimCanvas.py -> /workspace/build/robot_sim_gui/build/lib/robot_sim_gui
copying robot_sim_gui/gui.py -> /workspace/build/robot_sim_gui/build/lib/robot_sim_gui
copying robot_sim_gui/StatusLight.py -> /workspace/build/robot_sim_gui/build/lib/robot_sim_gui
running install
running install_lib
creating /workspace/install/robot_sim_gui/lib/python3.12/site-packages/robot_sim_gui
copying /workspace/build/robot_sim_gui/build/lib/robot_sim_gui/Robot.py -> /workspace/install/robot_sim_gui/lib/python3.12/site-packages/robot_sim_gui
copying /workspace/build/robot_sim_gui/build/lib/robot_sim_gui/__init__.py -> /workspace/install/robot_sim_gui/lib/python3.12/site-packages/robot_sim_gui
copying /workspace/build/robot_sim_gui/build/lib/robot_sim_gui/RobotSimCanvas.py -> /workspace/install/robot_sim_gui/lib/python3.12/site-packages/robot_sim_gui
copying /workspace/build/robot_sim_gui/build/lib/robot_sim_gui/gui.py -> /workspace/install/robot_sim_gui/lib/python3.12/site-packages/robot_sim_gui
copying /workspace/build/robot_sim_gui/build/lib/robot_sim_gui/StatusLight.py -> /workspace/install/robot_sim_gui/lib/python3.12/site-packages/robot_sim_gui
byte-compiling /workspace/install/robot_sim_gui/lib/python3.12/site-packages/robot_sim_gui/Robot.py to Robot.cpython-312.pyc
byte-compiling /workspace/install/robot_sim_gui/lib/python3.12/site-packages/robot_sim_gui/__init__.py to __init__.cpython-312.pyc
byte-compiling /workspace/install/robot_sim_gui/lib/python3.12/site-packages/robot_sim_gui/RobotSimCanvas.py to RobotSimCanvas.cpython-312.pyc
byte-compiling /workspace/install/robot_sim_gui/lib/python3.12/site-packages/robot_sim_gui/gui.py to gui.cpython-312.pyc
byte-compiling /workspace/install/robot_sim_gui/lib/python3.12/site-packages/robot_sim_gui/StatusLight.py to StatusLight.cpython-312.pyc
running install_data
creating /workspace/install/robot_sim_gui/share/ament_index
creating /workspace/install/robot_sim_gui/share/ament_index/resource_index
creating /workspace/install/robot_sim_gui/share/ament_index/resource_index/packages
copying resource/robot_sim_gui -> /workspace/install/robot_sim_gui/share/ament_index/resource_index/packages
copying package.xml -> /workspace/install/robot_sim_gui/share/robot_sim_gui
running install_egg_info
Copying ../../../build/robot_sim_gui/robot_sim_gui.egg-info to /workspace/install/robot_sim_gui/lib/python3.12/site-packages/robot_sim_gui-0.0.0-py3.12.egg-info
running install_scripts
Installing gui script to /workspace/install/robot_sim_gui/lib/robot_sim_gui
writing list of installed files to '/workspace/build/robot_sim_gui/install.log'
