[1.041s] Invoking command in '/workspace/WRPlay/src/robot_sim_gui': AMENT_PREFIX_PATH=/workspace/install/custom_msgs_srvs:${AMENT_PREFIX_PATH} CMAKE_PREFIX_PATH=/workspace/install/custom_msgs_srvs:${CMAKE_PREFIX_PATH} LD_LIBRARY_PATH=/workspace/install/custom_msgs_srvs/lib:${LD_LIBRARY_PATH} PYTHONPATH=/workspace/build/robot_sim_gui/prefix_override:/usr/lib/python3/dist-packages/colcon_core/task/python/colcon_distutils_commands:/workspace/install/robot_sim_gui/lib/python3.12/site-packages:/workspace/install/custom_msgs_srvs/lib/python3.12/site-packages:${PYTHONPATH} /usr/bin/python3 -W ignore:setup.py install is deprecated setup.py egg_info --egg-base ../../../build/robot_sim_gui build --build-base /workspace/build/robot_sim_gui/build install --record /workspace/build/robot_sim_gui/install.log --single-version-externally-managed install_data
[1.292s] running egg_info
[1.293s] creating ../../../build/robot_sim_gui/robot_sim_gui.egg-info
[1.307s] writing ../../../build/robot_sim_gui/robot_sim_gui.egg-info/PKG-INFO
[1.308s] writing dependency_links to ../../../build/robot_sim_gui/robot_sim_gui.egg-info/dependency_links.txt
[1.308s] writing entry points to ../../../build/robot_sim_gui/robot_sim_gui.egg-info/entry_points.txt
[1.308s] writing requirements to ../../../build/robot_sim_gui/robot_sim_gui.egg-info/requires.txt
[1.308s] writing top-level names to ../../../build/robot_sim_gui/robot_sim_gui.egg-info/top_level.txt
[1.308s] writing manifest file '../../../build/robot_sim_gui/robot_sim_gui.egg-info/SOURCES.txt'
[1.339s] reading manifest file '../../../build/robot_sim_gui/robot_sim_gui.egg-info/SOURCES.txt'
[1.340s] adding license file 'LICENSE'
[1.340s] writing manifest file '../../../build/robot_sim_gui/robot_sim_gui.egg-info/SOURCES.txt'
[1.340s] running build
[1.340s] running build_py
[1.340s] creating /workspace/build/robot_sim_gui/build
[1.341s] creating /workspace/build/robot_sim_gui/build/lib
[1.341s] creating /workspace/build/robot_sim_gui/build/lib/robot_sim_gui
[1.341s] copying robot_sim_gui/Robot.py -> /workspace/build/robot_sim_gui/build/lib/robot_sim_gui
[1.341s] copying robot_sim_gui/__init__.py -> /workspace/build/robot_sim_gui/build/lib/robot_sim_gui
[1.341s] copying robot_sim_gui/RobotSimCanvas.py -> /workspace/build/robot_sim_gui/build/lib/robot_sim_gui
[1.341s] copying robot_sim_gui/gui.py -> /workspace/build/robot_sim_gui/build/lib/robot_sim_gui
[1.341s] copying robot_sim_gui/StatusLight.py -> /workspace/build/robot_sim_gui/build/lib/robot_sim_gui
[1.341s] running install
[1.348s] running install_lib
[1.363s] creating /workspace/install/robot_sim_gui/lib/python3.12/site-packages/robot_sim_gui
[1.363s] copying /workspace/build/robot_sim_gui/build/lib/robot_sim_gui/Robot.py -> /workspace/install/robot_sim_gui/lib/python3.12/site-packages/robot_sim_gui
[1.364s] copying /workspace/build/robot_sim_gui/build/lib/robot_sim_gui/__init__.py -> /workspace/install/robot_sim_gui/lib/python3.12/site-packages/robot_sim_gui
[1.364s] copying /workspace/build/robot_sim_gui/build/lib/robot_sim_gui/RobotSimCanvas.py -> /workspace/install/robot_sim_gui/lib/python3.12/site-packages/robot_sim_gui
[1.364s] copying /workspace/build/robot_sim_gui/build/lib/robot_sim_gui/gui.py -> /workspace/install/robot_sim_gui/lib/python3.12/site-packages/robot_sim_gui
[1.364s] copying /workspace/build/robot_sim_gui/build/lib/robot_sim_gui/StatusLight.py -> /workspace/install/robot_sim_gui/lib/python3.12/site-packages/robot_sim_gui
[1.364s] byte-compiling /workspace/install/robot_sim_gui/lib/python3.12/site-packages/robot_sim_gui/Robot.py to Robot.cpython-312.pyc
[1.365s] byte-compiling /workspace/install/robot_sim_gui/lib/python3.12/site-packages/robot_sim_gui/__init__.py to __init__.cpython-312.pyc
[1.366s] byte-compiling /workspace/install/robot_sim_gui/lib/python3.12/site-packages/robot_sim_gui/RobotSimCanvas.py to RobotSimCanvas.cpython-312.pyc
[1.366s] byte-compiling /workspace/install/robot_sim_gui/lib/python3.12/site-packages/robot_sim_gui/gui.py to gui.cpython-312.pyc
[1.368s] byte-compiling /workspace/install/robot_sim_gui/lib/python3.12/site-packages/robot_sim_gui/StatusLight.py to StatusLight.cpython-312.pyc
[1.369s] running install_data
[1.369s] creating /workspace/install/robot_sim_gui/share/ament_index
[1.369s] creating /workspace/install/robot_sim_gui/share/ament_index/resource_index
[1.369s] creating /workspace/install/robot_sim_gui/share/ament_index/resource_index/packages
[1.369s] copying resource/robot_sim_gui -> /workspace/install/robot_sim_gui/share/ament_index/resource_index/packages
[1.369s] copying package.xml -> /workspace/install/robot_sim_gui/share/robot_sim_gui
[1.369s] running install_egg_info
[1.385s] Copying ../../../build/robot_sim_gui/robot_sim_gui.egg-info to /workspace/install/robot_sim_gui/lib/python3.12/site-packages/robot_sim_gui-0.0.0-py3.12.egg-info
[1.386s] running install_scripts
[1.497s] Installing gui script to /workspace/install/robot_sim_gui/lib/robot_sim_gui
[1.497s] writing list of installed files to '/workspace/build/robot_sim_gui/install.log'
[1.526s] Invoked command in '/workspace/WRPlay/src/robot_sim_gui' returned '0': AMENT_PREFIX_PATH=/workspace/install/custom_msgs_srvs:${AMENT_PREFIX_PATH} CMAKE_PREFIX_PATH=/workspace/install/custom_msgs_srvs:${CMAKE_PREFIX_PATH} LD_LIBRARY_PATH=/workspace/install/custom_msgs_srvs/lib:${LD_LIBRARY_PATH} PYTHONPATH=/workspace/build/robot_sim_gui/prefix_override:/usr/lib/python3/dist-packages/colcon_core/task/python/colcon_distutils_commands:/workspace/install/robot_sim_gui/lib/python3.12/site-packages:/workspace/install/custom_msgs_srvs/lib/python3.12/site-packages:${PYTHONPATH} /usr/bin/python3 -W ignore:setup.py install is deprecated setup.py egg_info --egg-base ../../../build/robot_sim_gui build --build-base /workspace/build/robot_sim_gui/build install --record /workspace/build/robot_sim_gui/install.log --single-version-externally-managed install_data
